2024-03-19 14:30:52,290 [INFO] Activator:176 - 


2024-03-19 14:30:52,294 [INFO] Activator:177 - !SESSION log4j initialized
2024-03-19 14:30:56,726 [INFO] LogOutputStream:77 - [STDOUT_REDIRECT] 
2024-03-19 14:31:03,572 [INFO] ApplicationProperties:184 - Using Application install path: C:\ST\STM32CubeIDE_1.14.0\STM32CubeIDE\plugins\com.st.stm32cube.common.mx_6.10.0.202311202037
2024-03-19 14:31:03,588 [INFO] DbMcusXml:78 - Set database path to: C:\ST\STM32CubeIDE_1.14.0\STM32CubeIDE\plugins\com.st.stm32cube.common.mx_6.10.0.202311202037\\db\/mcu/
2024-03-19 14:31:03,588 [INFO] ApiDb:274 - Set plugin database path to: C:\ST\STM32CubeIDE_1.14.0\STM32CubeIDE\plugins\com.st.stm32cube.common.mx_6.10.0.202311202037\\db\/plugins/boardmanager/
2024-03-19 14:31:03,590 [WARN] ApiDb:259 - Overriding images path with different value:  => C:\ST\STM32CubeIDE_1.14.0\STM32CubeIDE\plugins\com.st.stm32cube.common.mx_6.10.0.202311202037\\db\/plugins/mcufinder/images/
2024-03-19 14:31:03,600 [INFO] ApiDb:250 - Set database path to: C:\Users\pc\.stmcufinder\plugins\mcufinder//mcu/
2024-03-19 14:31:03,601 [INFO] DbMcusAds:125 - Set database path to: C:\Users\pc\.stmcufinder\plugins\mcufinder//mcu/
2024-03-19 14:31:03,602 [INFO] CrossReferenceDbSqlite:203 - Set database path to: C:\Users\pc\.stmcufinder\plugins\mcufinder//mcu/cs/
2024-03-19 14:31:03,694 [INFO] RulesReader:64 - Compatibility file has been processed (297 Rules)
2024-03-19 14:31:03,763 [INFO] DbMcusXml:78 - Set database path to: C:\ST\STM32CubeIDE_1.14.0\STM32CubeIDE\plugins\com.st.stm32cube.common.mx_6.10.0.202311202037\\db\/mcu/
2024-03-19 14:31:03,763 [INFO] ApiDb:274 - Set plugin database path to: C:\ST\STM32CubeIDE_1.14.0\STM32CubeIDE\plugins\com.st.stm32cube.common.mx_6.10.0.202311202037\\db\/plugins/boardmanager/
2024-03-19 14:31:03,764 [INFO] ApiDb:261 - Set plugin images path to: C:\ST\STM32CubeIDE_1.14.0\STM32CubeIDE\plugins\com.st.stm32cube.common.mx_6.10.0.202311202037\\db\/plugins/mcufinder/images/
2024-03-19 14:31:03,764 [WARN] DbFile:41 - Overriding database path with different value: C:\Users\pc\.stmcufinder\plugins\mcufinder/ => C:\Users\pc\.stmcufinder\plugins\mcufinder
2024-03-19 14:31:03,764 [INFO] ApiDb:250 - Set database path to: C:\Users\pc\.stmcufinder\plugins\mcufinder//mcu/
2024-03-19 14:31:03,764 [WARN] DbFile:41 - Overriding database path with different value: C:\Users\pc\.stmcufinder\plugins\mcufinder/ => C:\Users\pc\.stmcufinder\plugins\mcufinder
2024-03-19 14:31:03,764 [INFO] DbMcusAds:125 - Set database path to: C:\Users\pc\.stmcufinder\plugins\mcufinder//mcu/
2024-03-19 14:31:03,764 [WARN] DbFile:41 - Overriding database path with different value: C:\Users\pc\.stmcufinder\plugins\mcufinder/ => C:\Users\pc\.stmcufinder\plugins\mcufinder
2024-03-19 14:31:03,764 [WARN] DbFile:41 - Overriding database path with different value: C:\Users\pc\.stmcufinder\plugins\mcufinder/ => C:\Users\pc\.stmcufinder\plugins\mcufinder
2024-03-19 14:31:03,764 [INFO] CrossReferenceDbSqlite:203 - Set database path to: C:\Users\pc\.stmcufinder\plugins\mcufinder//mcu/cs/
2024-03-19 14:31:03,833 [INFO] MainPanel:264 - HeapMemory: 268435456
2024-03-19 14:31:03,913 [INFO] DbMcusXml:78 - Set database path to: C:\ST\STM32CubeIDE_1.14.0\STM32CubeIDE\plugins\com.st.stm32cube.common.mx_6.10.0.202311202037\\db\/mcu/
2024-03-19 14:31:03,913 [INFO] ApiDb:274 - Set plugin database path to: C:\ST\STM32CubeIDE_1.14.0\STM32CubeIDE\plugins\com.st.stm32cube.common.mx_6.10.0.202311202037\\db\/plugins/boardmanager/
2024-03-19 14:31:03,913 [INFO] ApiDb:261 - Set plugin images path to: C:\ST\STM32CubeIDE_1.14.0\STM32CubeIDE\plugins\com.st.stm32cube.common.mx_6.10.0.202311202037\\db\/plugins/mcufinder/images/
2024-03-19 14:31:03,913 [WARN] DbFile:41 - Overriding database path with different value: C:\Users\pc\.stmcufinder\plugins\mcufinder/ => C:\Users\pc\.stmcufinder\plugins\mcufinder
2024-03-19 14:31:03,913 [INFO] ApiDb:250 - Set database path to: C:\Users\pc\.stmcufinder\plugins\mcufinder//mcu/
2024-03-19 14:31:03,913 [WARN] DbFile:41 - Overriding database path with different value: C:\Users\pc\.stmcufinder\plugins\mcufinder/ => C:\Users\pc\.stmcufinder\plugins\mcufinder
2024-03-19 14:31:03,913 [INFO] DbMcusAds:125 - Set database path to: C:\Users\pc\.stmcufinder\plugins\mcufinder//mcu/
2024-03-19 14:31:03,913 [WARN] DbFile:41 - Overriding database path with different value: C:\Users\pc\.stmcufinder\plugins\mcufinder/ => C:\Users\pc\.stmcufinder\plugins\mcufinder
2024-03-19 14:31:03,913 [WARN] DbFile:41 - Overriding database path with different value: C:\Users\pc\.stmcufinder\plugins\mcufinder/ => C:\Users\pc\.stmcufinder\plugins\mcufinder
2024-03-19 14:31:03,914 [INFO] CrossReferenceDbSqlite:203 - Set database path to: C:\Users\pc\.stmcufinder\plugins\mcufinder//mcu/cs/
2024-03-19 14:31:03,929 [INFO] ApplicationProperties:184 - Using Application install path: C:\ST\STM32CubeIDE_1.14.0\STM32CubeIDE\plugins\com.st.stm32cube.common.mx_6.10.0.202311202037
2024-03-19 14:31:03,930 [INFO] PluginManage:196 - Search for loadable plugins [exclusion list=, ]
2024-03-19 14:31:03,931 [INFO] PluginManage:310 - Check plugin analytics
2024-03-19 14:31:09,033 [INFO] AnalyticsPlugin:253 - Accepted Software Licenses: STM32CubeMX.6.8.1,STM32CubeMX.6.9.1
2024-03-19 14:31:09,033 [INFO] AnalyticsPlugin:255 - Accepted CMSIS Pack Licenses: 
2024-03-19 14:31:09,033 [INFO] AnalyticsPlugin:257 - Accepted Firmware Licenses: FW.F4.1.27.0
2024-03-19 14:31:09,035 [INFO] PluginManage:359 - Loaded plugin analytics (category:tool,tabindex:-1)
2024-03-19 14:31:09,035 [INFO] PluginManage:310 - Check plugin cadmodel
2024-03-19 14:31:09,162 [INFO] CADModel:105 - Init CAD model plugin
2024-03-19 14:31:09,163 [INFO] PluginManage:359 - Loaded plugin cadmodel (category:power,tabindex:5)
2024-03-19 14:31:09,163 [INFO] PluginManage:310 - Check plugin clock
2024-03-19 14:31:09,291 [INFO] PluginManage:359 - Loaded plugin clock (category:base,tabindex:2)
2024-03-19 14:31:09,291 [INFO] PluginManage:310 - Check plugin ddr
2024-03-19 14:31:09,323 [INFO] PluginManage:359 - Loaded plugin ddr (category:tool,tabindex:6)
2024-03-19 14:31:09,323 [INFO] PluginManage:310 - Check plugin filemanager
2024-03-19 14:31:09,863 [INFO] PluginManage:359 - Loaded plugin filemanager (category:base,tabindex:10)
2024-03-19 14:31:09,864 [INFO] PluginManage:310 - Check plugin ipmanager
2024-03-19 14:31:09,912 [INFO] PluginManage:359 - Loaded plugin ipmanager (category:base,tabindex:5)
2024-03-19 14:31:09,912 [INFO] PluginManage:310 - Check plugin lpbam
2024-03-19 14:31:09,970 [INFO] PluginManage:359 - Loaded plugin lpbam (category:base,tabindex:0)
2024-03-19 14:31:09,970 [INFO] PluginManage:310 - Check plugin memorymap
2024-03-19 14:31:10,150 [INFO] PluginManage:359 - Loaded plugin memorymap (category:base,tabindex:4)
2024-03-19 14:31:10,150 [INFO] PluginManage:310 - Check plugin pinoutandconfiguration
2024-03-19 14:31:10,225 [INFO] PluginManage:359 - Loaded plugin pinoutandconfiguration (category:base,tabindex:1)
2024-03-19 14:31:10,225 [INFO] PluginManage:310 - Check plugin pinoutconfig
2024-03-19 14:31:10,597 [WARN] SupportedApi:132 - Cannot load RTOS API schema: s4s-elt-must-match.1: The content of 'definitions' must match (annotation?, (simpleType | complexType)?, (unique | key | keyref)*)). A problem was found starting at: attribute.
2024-03-19 14:31:11,324 [INFO] PluginManage:359 - Loaded plugin pinoutconfig (category:base,tabindex:0)
2024-03-19 14:31:11,324 [INFO] PluginManage:310 - Check plugin power
2024-03-19 14:31:11,483 [INFO] PluginManage:359 - Loaded plugin power (category:power,tabindex:4)
2024-03-19 14:31:11,484 [INFO] PluginManage:310 - Check plugin projectmanager
2024-03-19 14:31:11,521 [INFO] PluginManage:359 - Loaded plugin projectmanager (category:projectmanager,tabindex:3)
2024-03-19 14:31:11,521 [INFO] PluginManage:310 - Check plugin thirdparty
2024-03-19 14:31:12,725 [INFO] PluginManage:359 - Loaded plugin thirdparty (category:base,tabindex:-1)
2024-03-19 14:31:12,725 [WARN] IntegrityCheckThread:84 - waiting for thirdparty lock release [integrity check]
2024-03-19 14:31:12,725 [INFO] PluginManage:310 - Check plugin tools
2024-03-19 14:31:12,725 [INFO] IntegrityCheckThread:86 - entering critical section [integrity check]
2024-03-19 14:31:12,726 [INFO] ThirdPartyUpdaterWithRetryManager:70 - Updater plugin not ready yet. [1/15]
2024-03-19 14:31:12,763 [INFO] PluginManage:359 - Loaded plugin tools (category:base,tabindex:7)
2024-03-19 14:31:12,763 [INFO] PluginManage:310 - Check plugin tutovideos
2024-03-19 14:31:14,215 [INFO] PluginManage:359 - Loaded plugin tutovideos (category:base,tabindex:-1)
2024-03-19 14:31:14,215 [INFO] PluginManage:310 - Check plugin updater
2024-03-19 14:31:14,226 [INFO] PluginManage:359 - Loaded plugin updater (category:base,tabindex:12)
2024-03-19 14:31:14,227 [INFO] PluginManage:310 - Check plugin userauth
2024-03-19 14:31:14,232 [INFO] UserAuth:114 - Init User Auth plugin
2024-03-19 14:31:14,232 [INFO] PluginManage:359 - Loaded plugin userauth (category:base,tabindex:14)
2024-03-19 14:31:14,232 [INFO] PluginManage:283 - PluginManage : Loaded plugins [17]
2024-03-19 14:31:14,422 [INFO] PinOutPanel:1499 - setPackage(No Configuration,No Configuration)
2024-03-19 14:31:14,480 [INFO] CADModel:165 - CPN selected for project level
2024-03-19 14:31:14,480 [INFO] CADModel:114 - Register for checkConnection events
2024-03-19 14:31:14,502 [INFO] IPUIPlugin:80 - create IPUIPlugin
2024-03-19 14:31:14,502 [INFO] PluginManager:220 - loadIPPluginJar : add adc
2024-03-19 14:31:14,528 [INFO] IPUIPlugin:80 - create IPUIPlugin
2024-03-19 14:31:14,528 [INFO] PluginManager:220 - loadIPPluginJar : add aes
2024-03-19 14:31:14,564 [INFO] IPUIPlugin:80 - create IPUIPlugin
2024-03-19 14:31:14,564 [INFO] PluginManager:220 - loadIPPluginJar : add can
2024-03-19 14:31:14,581 [INFO] IPUIPlugin:80 - create IPUIPlugin
2024-03-19 14:31:14,581 [INFO] PluginManager:220 - loadIPPluginJar : add comp
2024-03-19 14:31:14,606 [INFO] IPUIPlugin:80 - create IPUIPlugin
2024-03-19 14:31:14,606 [INFO] PluginManager:220 - loadIPPluginJar : add cryp
2024-03-19 14:31:14,627 [INFO] IPUIPlugin:80 - create IPUIPlugin
2024-03-19 14:31:14,627 [INFO] PluginManager:220 - loadIPPluginJar : add dfsdm
2024-03-19 14:31:14,639 [INFO] IPUIPlugin:80 - create IPUIPlugin
2024-03-19 14:31:14,639 [INFO] PluginManager:220 - loadIPPluginJar : add dma
2024-03-19 14:31:14,676 [INFO] IPUIPlugin:80 - create IPUIPlugin
2024-03-19 14:31:14,676 [INFO] PluginManager:220 - loadIPPluginJar : add dma3
2024-03-19 14:31:14,696 [INFO] IPUIPlugin:80 - create IPUIPlugin
2024-03-19 14:31:14,696 [INFO] PluginManager:220 - loadIPPluginJar : add fatfs
2024-03-19 14:31:14,738 [INFO] IPUIPlugin:80 - create IPUIPlugin
2024-03-19 14:31:14,738 [INFO] PluginManager:220 - loadIPPluginJar : add fmc
2024-03-19 14:31:14,755 [INFO] IPUIPlugin:80 - create IPUIPlugin
2024-03-19 14:31:14,755 [INFO] PluginManager:220 - loadIPPluginJar : add freertos
2024-03-19 14:31:14,770 [INFO] IPUIPlugin:80 - create IPUIPlugin
2024-03-19 14:31:14,771 [INFO] PluginManager:220 - loadIPPluginJar : add genericplugin
2024-03-19 14:31:14,834 [INFO] IPUIPlugin:80 - create IPUIPlugin
2024-03-19 14:31:14,835 [INFO] PluginManager:220 - loadIPPluginJar : add gfxmmu
2024-03-19 14:31:14,926 [INFO] IPUIPlugin:80 - create IPUIPlugin
2024-03-19 14:31:14,926 [INFO] PluginManager:220 - loadIPPluginJar : add gic
2024-03-19 14:31:14,936 [INFO] IPUIPlugin:80 - create IPUIPlugin
2024-03-19 14:31:14,936 [INFO] PluginManager:220 - loadIPPluginJar : add gpio
2024-03-19 14:31:15,008 [INFO] IPUIPlugin:80 - create IPUIPlugin
2024-03-19 14:31:15,008 [INFO] PluginManager:220 - loadIPPluginJar : add gtzc
2024-03-19 14:31:15,032 [INFO] IPUIPlugin:80 - create IPUIPlugin
2024-03-19 14:31:15,032 [INFO] PluginManager:220 - loadIPPluginJar : add hash
2024-03-19 14:31:15,076 [INFO] IPUIPlugin:80 - create IPUIPlugin
2024-03-19 14:31:15,076 [INFO] PluginManager:220 - loadIPPluginJar : add i2c
2024-03-19 14:31:15,110 [INFO] IPUIPlugin:80 - create IPUIPlugin
2024-03-19 14:31:15,110 [INFO] PluginManager:220 - loadIPPluginJar : add i2s
2024-03-19 14:31:15,146 [INFO] IPUIPlugin:80 - create IPUIPlugin
2024-03-19 14:31:15,146 [INFO] PluginManager:220 - loadIPPluginJar : add i3c
2024-03-19 14:31:15,236 [INFO] IPUIPlugin:80 - create IPUIPlugin
2024-03-19 14:31:15,236 [INFO] PluginManager:220 - loadIPPluginJar : add ipddr
2024-03-19 14:31:15,305 [INFO] IPUIPlugin:80 - create IPUIPlugin
2024-03-19 14:31:15,305 [INFO] PluginManager:220 - loadIPPluginJar : add linkedlist
2024-03-19 14:31:15,330 [INFO] IPUIPlugin:80 - create IPUIPlugin
2024-03-19 14:31:15,331 [INFO] PluginManager:220 - loadIPPluginJar : add lorawan
2024-03-19 14:31:15,358 [INFO] IPUIPlugin:80 - create IPUIPlugin
2024-03-19 14:31:15,359 [INFO] PluginManager:220 - loadIPPluginJar : add ltdc
2024-03-19 14:31:15,372 [INFO] IPUIPlugin:80 - create IPUIPlugin
2024-03-19 14:31:15,372 [INFO] PluginManager:220 - loadIPPluginJar : add mdma
2024-03-19 14:31:15,383 [INFO] IPUIPlugin:80 - create IPUIPlugin
2024-03-19 14:31:15,383 [INFO] PluginManager:220 - loadIPPluginJar : add nvic
2024-03-19 14:31:15,418 [INFO] IPUIPlugin:80 - create IPUIPlugin
2024-03-19 14:31:15,419 [INFO] PluginManager:220 - loadIPPluginJar : add opamp
2024-03-19 14:31:15,468 [INFO] IPUIPlugin:80 - create IPUIPlugin
2024-03-19 14:31:15,468 [INFO] PluginManager:220 - loadIPPluginJar : add openamp
2024-03-19 14:31:15,500 [INFO] IPUIPlugin:80 - create IPUIPlugin
2024-03-19 14:31:15,501 [INFO] PluginManager:220 - loadIPPluginJar : add pdm2pcm
2024-03-19 14:31:15,512 [INFO] IPUIPlugin:80 - create IPUIPlugin
2024-03-19 14:31:15,514 [INFO] PluginManager:220 - loadIPPluginJar : add plateformsettings
2024-03-19 14:31:15,530 [INFO] IPUIPlugin:80 - create IPUIPlugin
2024-03-19 14:31:15,531 [INFO] PluginManager:220 - loadIPPluginJar : add quadspi
2024-03-19 14:31:15,544 [INFO] IPUIPlugin:80 - create IPUIPlugin
2024-03-19 14:31:15,544 [INFO] PluginManager:220 - loadIPPluginJar : add resmgrutility
2024-03-19 14:31:15,587 [INFO] IPUIPlugin:80 - create IPUIPlugin
2024-03-19 14:31:15,587 [INFO] PluginManager:220 - loadIPPluginJar : add sai
2024-03-19 14:31:15,624 [INFO] IPUIPlugin:80 - create IPUIPlugin
2024-03-19 14:31:15,624 [INFO] PluginManager:220 - loadIPPluginJar : add spi
2024-03-19 14:31:15,674 [INFO] IPUIPlugin:80 - create IPUIPlugin
2024-03-19 14:31:15,675 [INFO] PluginManager:220 - loadIPPluginJar : add stm32_wpan
2024-03-19 14:31:15,694 [INFO] IPUIPlugin:80 - create IPUIPlugin
2024-03-19 14:31:15,694 [INFO] PluginManager:220 - loadIPPluginJar : add tim
2024-03-19 14:31:15,728 [INFO] ThirdPartyUpdaterWithRetryManager:70 - Updater plugin not ready yet. [2/15]
2024-03-19 14:31:15,734 [INFO] IPUIPlugin:80 - create IPUIPlugin
2024-03-19 14:31:15,734 [INFO] PluginManager:220 - loadIPPluginJar : add touchsensing
2024-03-19 14:31:15,754 [INFO] IPUIPlugin:80 - create IPUIPlugin
2024-03-19 14:31:15,754 [INFO] PluginManager:220 - loadIPPluginJar : add tracer_emb
2024-03-19 14:31:15,770 [INFO] IPUIPlugin:80 - create IPUIPlugin
2024-03-19 14:31:15,770 [INFO] PluginManager:220 - loadIPPluginJar : add ts
2024-03-19 14:31:15,784 [INFO] IPUIPlugin:80 - create IPUIPlugin
2024-03-19 14:31:15,784 [INFO] PluginManager:220 - loadIPPluginJar : add tsc
2024-03-19 14:31:15,805 [INFO] IPUIPlugin:80 - create IPUIPlugin
2024-03-19 14:31:15,806 [INFO] PluginManager:220 - loadIPPluginJar : add ucpd
2024-03-19 14:31:15,842 [INFO] IPUIPlugin:80 - create IPUIPlugin
2024-03-19 14:31:15,842 [INFO] PluginManager:220 - loadIPPluginJar : add usart
2024-03-19 14:31:15,875 [INFO] IPUIPlugin:80 - create IPUIPlugin
2024-03-19 14:31:15,875 [INFO] PluginManager:220 - loadIPPluginJar : add usbx
2024-03-19 14:31:15,987 [INFO] CADModel:165 - CPN selected for project level
2024-03-19 14:31:15,987 [INFO] CADModel:114 - Register for checkConnection events
2024-03-19 14:31:15,987 [FATAL] Updater:308 - Updater called before beeing initialized
2024-03-19 14:31:15,987 [ERROR] CADModel:125 - Updater not yet initialized, retry later 
2024-03-19 14:31:16,097 [INFO] CADModel:165 - CPN selected for project level
2024-03-19 14:31:16,097 [INFO] CADModel:114 - Register for checkConnection events
2024-03-19 14:31:16,097 [FATAL] Updater:308 - Updater called before beeing initialized
2024-03-19 14:31:16,097 [ERROR] CADModel:125 - Updater not yet initialized, retry later 
2024-03-19 14:31:16,100 [FATAL] Updater:308 - Updater called before beeing initialized
2024-03-19 14:31:16,161 [FATAL] Updater:308 - Updater called before beeing initialized
2024-03-19 14:31:16,168 [INFO] DbMcusAds:53 - JSON generation date=Wed Nov 29 18:52:27 CST 2023 (1701255147349)
2024-03-19 14:31:16,168 [FATAL] Updater:308 - Updater called before beeing initialized
2024-03-19 14:31:16,233 [WARN] DetailPanel:346 - Failed to get advertising image, set to default
2024-03-19 14:31:16,316 [FATAL] Updater:308 - Updater called before beeing initialized
2024-03-19 14:31:16,318 [FATAL] Updater:308 - Updater called before beeing initialized
2024-03-19 14:31:16,319 [FATAL] Updater:308 - Updater called before beeing initialized
2024-03-19 14:31:16,319 [WARN] DetailPanel:346 - Failed to get advertising image, set to default
2024-03-19 14:31:16,319 [FATAL] Updater:308 - Updater called before beeing initialized
2024-03-19 14:31:16,360 [ERROR] Updater:1120 - MainUpdater not yet initialized. External WinMGr cannot be set.
2024-03-19 14:31:16,368 [INFO] Updater:1056 - Updater Version found : 6.10.0
2024-03-19 14:31:16,384 [INFO] ApplicationProperties:184 - Using Application install path: C:\ST\STM32CubeIDE_1.14.0\STM32CubeIDE\plugins\com.st.stm32cube.common.mx_6.10.0.202311202037
2024-03-19 14:31:16,426 [INFO] MainUpdater:526 - Copy updater definitions from MX database
2024-03-19 14:31:16,601 [INFO] MainUpdater:2873 - connection check result : 10
2024-03-19 14:31:16,601 [INFO] MainUpdater:3567 - Updater definition file requires update
2024-03-19 14:31:16,602 [INFO] MainUpdater:290 - Updater Check For Update Now.
2024-03-19 14:31:16,602 [INFO] MicroXplorer:498 - Change Database Version : DB.6.0.100
2024-03-19 14:31:16,614 [INFO] McuFinderGlobals:63 - Set McuFinder mode to 2 (CubeIDE integrated)
2024-03-19 14:31:16,614 [INFO] UserAuth:180 - activating auth plugin
2024-03-19 14:31:16,616 [INFO] UserAuth:404 - Internet connection configuration mode: 1
2024-03-19 14:31:16,630 [INFO] ServerAccessManage:473 - Download File updaters.zip
2024-03-19 14:31:16,633 [INFO] JxBrowserEngine:152 - Initiate JxBrowser Engine with user profile folder
2024-03-19 14:31:16,673 [INFO] FileExtend:240 - Unzip File : updaters.zip
2024-03-19 14:31:16,674 [INFO] FileExtend:255 - Standard Zip Deflate
2024-03-19 14:31:16,894 [INFO] ServerAccessManage:473 - Download File PacksControlFlags.xml
2024-03-19 14:31:16,954 [INFO] ServerAccessManage:473 - Download File cubemx.pidx
2024-03-19 14:31:17,043 [INFO] LoadServerUpdatesThread:375 - End of LoadServerUpdate Thread
2024-03-19 14:31:17,197 [INFO] CheckServerUpdateThread:120 - End of CheckServer Thread
2024-03-19 14:31:18,859 [WARN] PackLoader:240 - Cannot read IP mode file for STMicroelectronics.X-CUBE-SMBUS.2.1.0
2024-03-19 14:31:18,919 [WARN] PackLoader:240 - Cannot read IP mode file for STMicroelectronics.X-CUBE-TOUCHGFX.4.23.0
2024-03-19 14:31:18,964 [WARN] PackLoader:240 - Cannot read IP mode file for STMicroelectronics.X-CUBE-AZRTOS-F7.1.1.0
2024-03-19 14:31:18,977 [WARN] PackLoader:240 - Cannot read IP mode file for STMicroelectronics.FP-SNS-MOTENV1.4.3.2
2024-03-19 14:31:18,986 [ERROR] RealEvaluatedCondition:428 - Found unsupported composite condition: CLASS='Data Exchange' GROUP='STM32_MetaDataManager'
2024-03-19 14:31:18,987 [ERROR] RealEvaluatedCondition:428 - Found unsupported composite condition: GROUP='STM32_MetaDataManager' CLASS='Data Exchange'
2024-03-19 14:31:18,987 [WARN] PackLoader:240 - Cannot read IP mode file for STMicroelectronics.FP-SNS-MOTENV1.4.3.1
2024-03-19 14:31:18,997 [WARN] PackLoader:240 - Cannot read IP mode file for STMicroelectronics.FP-SNS-FLIGHT1.5.0.1
2024-03-19 14:31:19,008 [WARN] PackLoader:240 - Cannot read IP mode file for STMicroelectronics.X-CUBE-BLE1.6.2.4
2024-03-19 14:31:19,016 [WARN] PackLoader:240 - Cannot read IP mode file for STMicroelectronics.FP-SNS-FLIGHT1.5.0.2
2024-03-19 14:31:19,029 [WARN] PackLoader:240 - Cannot read IP mode file for STMicroelectronics.X-CUBE-DISPLAY.3.0.0
2024-03-19 14:31:19,042 [WARN] PackLoader:240 - Cannot read IP mode file for STMicroelectronics.X-CUBE-BLE1.7.0.0
2024-03-19 14:31:19,053 [WARN] PackLoader:240 - Cannot read IP mode file for STMicroelectronics.X-CUBE-TOUCHGFX.4.22.0
2024-03-19 14:31:19,061 [WARN] PackLoader:240 - Cannot read IP mode file for STMicroelectronics.X-CUBE-TOUCHGFX.4.22.1
2024-03-19 14:31:19,073 [WARN] PackLoader:240 - Cannot read IP mode file for STMicroelectronics.X-CUBE-BLEMGR.3.1.0
2024-03-19 14:31:19,084 [WARN] PackLoader:240 - Cannot read IP mode file for STMicroelectronics.FP-SNS-SMARTAG2.1.2.0
2024-03-19 14:31:19,098 [INFO] LogOutputStream:77 - [STDOUT_REDIRECT] 1 : Invalid condition id : UX_CORESTACK_Condition cause : null
2024-03-19 14:31:19,098 [INFO] LogOutputStream:77 - [STDOUT_REDIRECT] 1 : Invalid condition id : UX_CORESTACK_Condition cause : null
2024-03-19 14:31:19,098 [INFO] LogOutputStream:77 - [STDOUT_REDIRECT] 1 : Invalid condition id : UX_CORESTACK_Condition cause : null
2024-03-19 14:31:19,099 [INFO] LogOutputStream:77 - [STDOUT_REDIRECT] 1 : Invalid condition id : UX_CORESTACK_Condition cause : null
2024-03-19 14:31:19,100 [INFO] LogOutputStream:77 - [STDOUT_REDIRECT] 1 : Invalid condition id : UX_CORESTACK_Condition cause : null
2024-03-19 14:31:19,101 [WARN] PackLoader:240 - Cannot read IP mode file for STMicroelectronics.X-CUBE-AZRTOS-WL.2.0.0
2024-03-19 14:31:19,112 [WARN] PackLoader:240 - Cannot read IP mode file for WES.I-CUBE-Cesium.1.3.0
2024-03-19 14:31:19,121 [WARN] PackLoader:240 - Cannot read IP mode file for STMicroelectronics.X-CUBE-BLE2.3.3.0
2024-03-19 14:31:19,130 [WARN] PackLoader:240 - Cannot read IP mode file for STMicroelectronics.X-CUBE-TOUCHGFX.4.21.4
2024-03-19 14:31:19,142 [WARN] PackLoader:240 - Cannot read IP mode file for STMicroelectronics.X-CUBE-ALGOBUILD.1.3.0
2024-03-19 14:31:19,162 [WARN] PackLoader:240 - Cannot read IP mode file for STMicroelectronics.X-CUBE-AZRTOS-G0.1.1.0
2024-03-19 14:31:19,174 [WARN] PackLoader:240 - Cannot read IP mode file for STMicroelectronics.X-CUBE-NFC4.3.0.0
2024-03-19 14:31:19,187 [WARN] PackLoader:240 - Cannot read IP mode file for STMicroelectronics.X-CUBE-BLEMGR.3.0.0
2024-03-19 14:31:19,199 [WARN] PackLoader:240 - Cannot read IP mode file for STMicroelectronics.FP-ATR-SIGFOX1.3.2.0
2024-03-19 14:31:19,217 [WARN] PackLoader:240 - Cannot read IP mode file for STMicroelectronics.X-CUBE-EEPRMA1.5.1.0
2024-03-19 14:31:19,259 [WARN] PackLoader:240 - Cannot read IP mode file for SEGGER.I-CUBE-embOS.1.3.1
2024-03-19 14:31:19,302 [WARN] PackLoader:240 - Cannot read IP mode file for STMicroelectronics.X-CUBE-GNSS1.6.0.0
2024-03-19 14:31:19,324 [WARN] PackLoader:240 - Cannot read IP mode file for STMicroelectronics.X-CUBE-AZRTOS-F4.1.1.0
2024-03-19 14:31:19,337 [WARN] PackLoader:240 - Cannot read IP mode file for wolfSSL.I-CUBE-wolfSSL.5.6.0
2024-03-19 14:31:19,364 [WARN] PackLoader:240 - Cannot read IP mode file for STMicroelectronics.X-CUBE-AZRTOS-L5.2.0.0
2024-03-19 14:31:19,408 [WARN] PackLoader:240 - Cannot read IP mode file for STMicroelectronics.X-CUBE-MEMS1.9.6.0
2024-03-19 14:31:19,480 [INFO] WebApp:161 - Instantiating new browser for Auth
2024-03-19 14:31:19,558 [WARN] PackLoader:240 - Cannot read IP mode file for STMicroelectronics.X-CUBE-EEPRMA1.4.2.0
2024-03-19 14:31:19,574 [WARN] PackLoader:240 - Cannot read IP mode file for ITTIA_DB.I-CUBE-ITTIADB.8.8.0
2024-03-19 14:31:19,591 [WARN] PackLoader:240 - Cannot read IP mode file for emotas.I-CUBE-CANOPEN.1.1.3
2024-03-19 14:31:19,608 [WARN] PackLoader:240 - Cannot read IP mode file for STMicroelectronics.X-CUBE-BLEMGR.2.0.0
2024-03-19 14:31:19,641 [WARN] ConditionMgr:438 - getConditionDescription Invalid condition id : UX DEVICE CLASS RTOS Condition cause : null
2024-03-19 14:31:19,642 [WARN] ConditionMgr:438 - getConditionDescription Invalid condition id : UX DEVICE CLASS RTOS Condition cause : null
2024-03-19 14:31:19,645 [WARN] PackLoader:240 - Cannot read IP mode file for STMicroelectronics.X-CUBE-AZRTOS-H7.3.1.0
2024-03-19 14:31:19,646 [WARN] ConditionMgr:1039 - genDependencies : Invalid condition id : UX DEVICE CLASS RTOS Condition cause : null
2024-03-19 14:31:19,646 [WARN] ConditionMgr:1039 - genDependencies : Invalid condition id : UX DEVICE CLASS RTOS Condition cause : null
2024-03-19 14:31:19,647 [WARN] ConditionMgr:1039 - genDependencies : Invalid condition id : UX DEVICE CLASS RTOS Condition cause : null
2024-03-19 14:31:19,647 [WARN] ConditionMgr:1039 - genDependencies : Invalid condition id : UX DEVICE CLASS RTOS Condition cause : null
2024-03-19 14:31:19,647 [WARN] ConditionMgr:1039 - genDependencies : Invalid condition id : UX DEVICE CLASS RTOS Condition cause : null
2024-03-19 14:31:19,664 [WARN] PackLoader:240 - Cannot read IP mode file for STMicroelectronics.X-CUBE-NFC7.1.0.1
2024-03-19 14:31:19,677 [WARN] PackLoader:240 - Cannot read IP mode file for STMicroelectronics.X-CUBE-NFC7.1.0.0
2024-03-19 14:31:19,692 [WARN] PackLoader:240 - Cannot read IP mode file for STMicroelectronics.X-CUBE-NFC6.3.0.0
2024-03-19 14:31:19,707 [WARN] PackLoader:240 - Cannot read IP mode file for STMicroelectronics.X-CUBE-EEPRMA1.4.1.0
2024-03-19 14:31:19,719 [WARN] PackLoader:240 - Cannot read IP mode file for STMicroelectronics.X-CUBE-AI.8.1.0
2024-03-19 14:31:19,746 [WARN] ConditionMgr:438 - getConditionDescription Invalid condition id : LAN8742 Phy interface Condition cause : null
2024-03-19 14:31:19,747 [WARN] PackLoader:240 - Cannot read IP mode file for STMicroelectronics.X-CUBE-AZRTOS-L4.2.0.0
2024-03-19 14:31:19,748 [WARN] ConditionMgr:1039 - genDependencies : Invalid condition id : LAN8742 Phy interface Condition cause : null
2024-03-19 14:31:19,748 [WARN] ConditionMgr:1039 - genDependencies : Invalid condition id : LAN8742 Phy interface Condition cause : null
2024-03-19 14:31:19,749 [WARN] ConditionMgr:1039 - genDependencies : Invalid condition id : LAN8742 Phy interface Condition cause : null
2024-03-19 14:31:19,762 [WARN] PackLoader:240 - Cannot read IP mode file for STMicroelectronics.X-CUBE-SFXS2LP1.4.0.0
2024-03-19 14:31:19,776 [WARN] PackLoader:240 - Cannot read IP mode file for STMicroelectronics.X-CUBE-ISPU.1.1.0
2024-03-19 14:31:19,797 [WARN] ConditionMgr:438 - getConditionDescription Invalid condition id : UX DEVICE CLASS RTOS Condition cause : null
2024-03-19 14:31:19,798 [WARN] ConditionMgr:438 - getConditionDescription Invalid condition id : UX DEVICE CLASS RTOS Condition cause : null
2024-03-19 14:31:19,800 [WARN] PackLoader:240 - Cannot read IP mode file for STMicroelectronics.X-CUBE-AZRTOS-WB.2.0.0
2024-03-19 14:31:19,800 [WARN] ConditionMgr:1039 - genDependencies : Invalid condition id : UX DEVICE CLASS RTOS Condition cause : null
2024-03-19 14:31:19,801 [WARN] ConditionMgr:1039 - genDependencies : Invalid condition id : UX DEVICE CLASS RTOS Condition cause : null
2024-03-19 14:31:19,801 [WARN] ConditionMgr:1039 - genDependencies : Invalid condition id : UX DEVICE CLASS RTOS Condition cause : null
2024-03-19 14:31:19,801 [WARN] ConditionMgr:1039 - genDependencies : Invalid condition id : UX DEVICE CLASS RTOS Condition cause : null
2024-03-19 14:31:19,801 [WARN] ConditionMgr:1039 - genDependencies : Invalid condition id : UX DEVICE CLASS RTOS Condition cause : null
2024-03-19 14:31:19,818 [WARN] PackLoader:240 - Cannot read IP mode file for STMicroelectronics.X-CUBE-FREERTOS.1.0.1
2024-03-19 14:31:19,843 [WARN] PackLoader:240 - Cannot read IP mode file for STMicroelectronics.X-CUBE-AZRTOS-L5.1.1.0
2024-03-19 14:31:19,858 [WARN] PackLoader:240 - Cannot read IP mode file for STMicroelectronics.X-CUBE-AI.8.0.1
2024-03-19 14:31:19,878 [WARN] PackLoader:240 - Cannot read IP mode file for STMicroelectronics.X-CUBE-SUBG2.5.0.0
2024-03-19 14:31:19,900 [WARN] PackLoader:240 - Cannot read IP mode file for STMicroelectronics.X-CUBE-TOF1.3.3.1
2024-03-19 14:31:19,934 [WARN] PackLoader:240 - Cannot read IP mode file for STMicroelectronics.X-CUBE-AZRTOS-G4.2.0.0
2024-03-19 14:31:19,955 [WARN] PackLoader:240 - Cannot read IP mode file for STMicroelectronics.X-CUBE-TOF1.3.3.0
2024-03-19 14:31:19,984 [WARN] PackLoader:240 - Cannot read IP mode file for Infineon.AIROC-Wi-Fi-Bluetooth-STM32.1.5.1
2024-03-19 14:31:19,999 [WARN] PackLoader:240 - Cannot read IP mode file for STMicroelectronics.FP-SNS-MOTENVWB1.1.3.0
2024-03-19 14:31:20,013 [WARN] PackLoader:240 - Cannot read IP mode file for STMicroelectronics.FP-SNS-MOTENVWB1.1.3.1
2024-03-19 14:31:20,025 [WARN] PackLoader:240 - Cannot read IP mode file for STMicroelectronics.X-CUBE-ISPU.2.0.0
2024-03-19 14:31:20,069 [WARN] PackLoader:240 - Cannot read IP mode file for STMicroelectronics.X-CUBE-MEMS1.10.0.0
2024-03-19 14:31:20,175 [WARN] PackLoader:240 - Cannot read IP mode file for STMicroelectronics.X-CUBE-FREERTOS.1.1.0
2024-03-19 14:31:20,189 [WARN] PackLoader:240 - Cannot read IP mode file for portGmbH.I-Cube-SoM-uGOAL.1.1.0
2024-03-19 14:31:20,202 [WARN] PackLoader:240 - Cannot read IP mode file for STMicroelectronics.X-CUBE-ALS.1.0.1
2024-03-19 14:31:20,221 [WARN] PackLoader:240 - Cannot read IP mode file for STMicroelectronics.X-CUBE-AZRTOS-WB.1.1.0
2024-03-19 14:31:20,232 [WARN] PackLoader:240 - Cannot read IP mode file for STMicroelectronics.FP-ATR-ASTRA1.2.0.0
2024-03-19 14:31:20,248 [WARN] PackLoader:240 - Cannot read IP mode file for STMicroelectronics.X-CUBE-TOF1.3.4.0
2024-03-19 14:31:20,269 [WARN] PackLoader:240 - Cannot read IP mode file for STMicroelectronics.X-CUBE-TOF1.3.4.1
2024-03-19 14:31:20,296 [WARN] PackLoader:240 - Cannot read IP mode file for STMicroelectronics.X-CUBE-AZRTOS-H7.3.2.0
2024-03-19 14:31:20,298 [INFO] ThirdParty:978 - Integrity check success = true
2024-03-19 14:31:20,299 [INFO] IntegrityCheckThread:100 - exiting critical section [integrity check]
2024-03-19 14:31:20,299 [INFO] IntegrityCheckThread:103 - End integrity checks thread
2024-03-19 14:31:20,534 [INFO] WebApp:780 - Register for checkConnection events
2024-03-19 14:31:20,534 [INFO] WebApp:414 - Apply proxy settings
2024-03-19 14:31:20,534 [INFO] WebApp:499 - Chromium requires no authentication
2024-03-19 14:31:20,541 [INFO] WebApp:442 - Direct internet connection detected
2024-03-19 14:31:20,697 [INFO] WebApp:192 - Starting web application
2024-03-19 14:31:20,697 [INFO] WebApp:544 - Web application path used C:\ST\STM32CubeIDE_1.14.0\STM32CubeIDE\plugins\com.st.stm32cube.common.mx_6.10.0.202311202037\db\plugins\mcufinder\reactClient1\index.html
2024-03-19 14:31:42,770 [ERROR] LogOutputStream:75 - [STDERR_REDIRECT] SLF4J: Failed to load class "org.slf4j.impl.StaticLoggerBinder".
2024-03-19 14:31:42,770 [ERROR] LogOutputStream:75 - [STDERR_REDIRECT] SLF4J: Defaulting to no-operation (NOP) logger implementation
2024-03-19 14:31:42,771 [ERROR] LogOutputStream:75 - [STDERR_REDIRECT] SLF4J: See http://www.slf4j.org/codes.html#StaticLoggerBinder for further details.
2024-03-19 14:44:22,713 [ERROR] AdobePublisher:162 - Exception while opening the connection: java.net.SocketTimeoutException: Read timed out
2024-03-19 14:44:25,244 [ERROR] AdobePublisher:183 - Exception while getting the server answer: java.net.SocketTimeoutException: Read timed out
2024-03-19 08:27:50,177 [INFO] Activator:176 - 


2024-03-19 08:27:50,179 [INFO] Activator:177 - !SESSION log4j initialized
2024-03-19 08:27:54,647 [INFO] LogOutputStream:77 - [STDOUT_REDIRECT] 
2024-03-19 08:28:00,915 [INFO] ApplicationProperties:184 - Using Application install path: C:\ST\STM32CubeIDE_1.14.0\STM32CubeIDE\plugins\com.st.stm32cube.common.mx_6.10.0.202311202037
2024-03-19 08:28:00,935 [INFO] DbMcusXml:78 - Set database path to: C:\ST\STM32CubeIDE_1.14.0\STM32CubeIDE\plugins\com.st.stm32cube.common.mx_6.10.0.202311202037\\db\/mcu/
2024-03-19 08:28:00,935 [INFO] ApiDb:274 - Set plugin database path to: C:\ST\STM32CubeIDE_1.14.0\STM32CubeIDE\plugins\com.st.stm32cube.common.mx_6.10.0.202311202037\\db\/plugins/boardmanager/
2024-03-19 08:28:00,935 [WARN] ApiDb:259 - Overriding images path with different value:  => C:\ST\STM32CubeIDE_1.14.0\STM32CubeIDE\plugins\com.st.stm32cube.common.mx_6.10.0.202311202037\\db\/plugins/mcufinder/images/
2024-03-19 08:28:00,948 [INFO] ApiDb:250 - Set database path to: C:\Users\pc\.stmcufinder\plugins\mcufinder//mcu/
2024-03-19 08:28:00,950 [INFO] DbMcusAds:125 - Set database path to: C:\Users\pc\.stmcufinder\plugins\mcufinder//mcu/
2024-03-19 08:28:00,952 [INFO] CrossReferenceDbSqlite:203 - Set database path to: C:\Users\pc\.stmcufinder\plugins\mcufinder//mcu/cs/
2024-03-19 08:28:01,050 [INFO] RulesReader:64 - Compatibility file has been processed (297 Rules)
2024-03-19 08:28:01,120 [INFO] DbMcusXml:78 - Set database path to: C:\ST\STM32CubeIDE_1.14.0\STM32CubeIDE\plugins\com.st.stm32cube.common.mx_6.10.0.202311202037\\db\/mcu/
2024-03-19 08:28:01,120 [INFO] ApiDb:274 - Set plugin database path to: C:\ST\STM32CubeIDE_1.14.0\STM32CubeIDE\plugins\com.st.stm32cube.common.mx_6.10.0.202311202037\\db\/plugins/boardmanager/
2024-03-19 08:28:01,121 [INFO] ApiDb:261 - Set plugin images path to: C:\ST\STM32CubeIDE_1.14.0\STM32CubeIDE\plugins\com.st.stm32cube.common.mx_6.10.0.202311202037\\db\/plugins/mcufinder/images/
2024-03-19 08:28:01,121 [WARN] DbFile:41 - Overriding database path with different value: C:\Users\pc\.stmcufinder\plugins\mcufinder/ => C:\Users\pc\.stmcufinder\plugins\mcufinder
2024-03-19 08:28:01,121 [INFO] ApiDb:250 - Set database path to: C:\Users\pc\.stmcufinder\plugins\mcufinder//mcu/
2024-03-19 08:28:01,121 [WARN] DbFile:41 - Overriding database path with different value: C:\Users\pc\.stmcufinder\plugins\mcufinder/ => C:\Users\pc\.stmcufinder\plugins\mcufinder
2024-03-19 08:28:01,121 [INFO] DbMcusAds:125 - Set database path to: C:\Users\pc\.stmcufinder\plugins\mcufinder//mcu/
2024-03-19 08:28:01,121 [WARN] DbFile:41 - Overriding database path with different value: C:\Users\pc\.stmcufinder\plugins\mcufinder/ => C:\Users\pc\.stmcufinder\plugins\mcufinder
2024-03-19 08:28:01,121 [WARN] DbFile:41 - Overriding database path with different value: C:\Users\pc\.stmcufinder\plugins\mcufinder/ => C:\Users\pc\.stmcufinder\plugins\mcufinder
2024-03-19 08:28:01,121 [INFO] CrossReferenceDbSqlite:203 - Set database path to: C:\Users\pc\.stmcufinder\plugins\mcufinder//mcu/cs/
2024-03-19 08:28:01,198 [INFO] MainPanel:264 - HeapMemory: 268435456
2024-03-19 08:28:01,287 [INFO] DbMcusXml:78 - Set database path to: C:\ST\STM32CubeIDE_1.14.0\STM32CubeIDE\plugins\com.st.stm32cube.common.mx_6.10.0.202311202037\\db\/mcu/
2024-03-19 08:28:01,287 [INFO] ApiDb:274 - Set plugin database path to: C:\ST\STM32CubeIDE_1.14.0\STM32CubeIDE\plugins\com.st.stm32cube.common.mx_6.10.0.202311202037\\db\/plugins/boardmanager/
2024-03-19 08:28:01,287 [INFO] ApiDb:261 - Set plugin images path to: C:\ST\STM32CubeIDE_1.14.0\STM32CubeIDE\plugins\com.st.stm32cube.common.mx_6.10.0.202311202037\\db\/plugins/mcufinder/images/
2024-03-19 08:28:01,287 [WARN] DbFile:41 - Overriding database path with different value: C:\Users\pc\.stmcufinder\plugins\mcufinder/ => C:\Users\pc\.stmcufinder\plugins\mcufinder
2024-03-19 08:28:01,287 [INFO] ApiDb:250 - Set database path to: C:\Users\pc\.stmcufinder\plugins\mcufinder//mcu/
2024-03-19 08:28:01,287 [WARN] DbFile:41 - Overriding database path with different value: C:\Users\pc\.stmcufinder\plugins\mcufinder/ => C:\Users\pc\.stmcufinder\plugins\mcufinder
2024-03-19 08:28:01,287 [INFO] DbMcusAds:125 - Set database path to: C:\Users\pc\.stmcufinder\plugins\mcufinder//mcu/
2024-03-19 08:28:01,287 [WARN] DbFile:41 - Overriding database path with different value: C:\Users\pc\.stmcufinder\plugins\mcufinder/ => C:\Users\pc\.stmcufinder\plugins\mcufinder
2024-03-19 08:28:01,287 [WARN] DbFile:41 - Overriding database path with different value: C:\Users\pc\.stmcufinder\plugins\mcufinder/ => C:\Users\pc\.stmcufinder\plugins\mcufinder
2024-03-19 08:28:01,287 [INFO] CrossReferenceDbSqlite:203 - Set database path to: C:\Users\pc\.stmcufinder\plugins\mcufinder//mcu/cs/
2024-03-19 08:28:01,303 [INFO] ApplicationProperties:184 - Using Application install path: C:\ST\STM32CubeIDE_1.14.0\STM32CubeIDE\plugins\com.st.stm32cube.common.mx_6.10.0.202311202037
2024-03-19 08:28:01,304 [INFO] PluginManage:196 - Search for loadable plugins [exclusion list=, ]
2024-03-19 08:28:01,306 [INFO] PluginManage:310 - Check plugin analytics
2024-03-19 08:28:06,365 [INFO] AnalyticsPlugin:253 - Accepted Software Licenses: STM32CubeMX.6.8.1,STM32CubeMX.6.9.1
2024-03-19 08:28:06,365 [INFO] AnalyticsPlugin:255 - Accepted CMSIS Pack Licenses: 
2024-03-19 08:28:06,365 [INFO] AnalyticsPlugin:257 - Accepted Firmware Licenses: FW.F4.1.27.0
2024-03-19 08:28:06,367 [INFO] PluginManage:359 - Loaded plugin analytics (category:tool,tabindex:-1)
2024-03-19 08:28:06,367 [INFO] PluginManage:310 - Check plugin cadmodel
2024-03-19 08:28:06,380 [INFO] CADModel:105 - Init CAD model plugin
2024-03-19 08:28:06,380 [INFO] PluginManage:359 - Loaded plugin cadmodel (category:power,tabindex:5)
2024-03-19 08:28:06,380 [INFO] PluginManage:310 - Check plugin clock
2024-03-19 08:28:06,396 [INFO] PluginManage:359 - Loaded plugin clock (category:base,tabindex:2)
2024-03-19 08:28:06,396 [INFO] PluginManage:310 - Check plugin ddr
2024-03-19 08:28:06,398 [INFO] PluginManage:359 - Loaded plugin ddr (category:tool,tabindex:6)
2024-03-19 08:28:06,398 [INFO] PluginManage:310 - Check plugin filemanager
2024-03-19 08:28:06,522 [INFO] PluginManage:359 - Loaded plugin filemanager (category:base,tabindex:10)
2024-03-19 08:28:06,522 [INFO] PluginManage:310 - Check plugin ipmanager
2024-03-19 08:28:06,528 [INFO] PluginManage:359 - Loaded plugin ipmanager (category:base,tabindex:5)
2024-03-19 08:28:06,529 [INFO] PluginManage:310 - Check plugin lpbam
2024-03-19 08:28:06,544 [INFO] PluginManage:359 - Loaded plugin lpbam (category:base,tabindex:0)
2024-03-19 08:28:06,544 [INFO] PluginManage:310 - Check plugin memorymap
2024-03-19 08:28:06,566 [INFO] PluginManage:359 - Loaded plugin memorymap (category:base,tabindex:4)
2024-03-19 08:28:06,566 [INFO] PluginManage:310 - Check plugin pinoutandconfiguration
2024-03-19 08:28:06,580 [INFO] PluginManage:359 - Loaded plugin pinoutandconfiguration (category:base,tabindex:1)
2024-03-19 08:28:06,580 [INFO] PluginManage:310 - Check plugin pinoutconfig
2024-03-19 08:28:06,679 [WARN] SupportedApi:132 - Cannot load RTOS API schema: s4s-elt-must-match.1: The content of 'definitions' must match (annotation?, (simpleType | complexType)?, (unique | key | keyref)*)). A problem was found starting at: attribute.
2024-03-19 08:28:06,798 [INFO] PluginManage:359 - Loaded plugin pinoutconfig (category:base,tabindex:0)
2024-03-19 08:28:06,798 [INFO] PluginManage:310 - Check plugin power
2024-03-19 08:28:06,814 [INFO] PluginManage:359 - Loaded plugin power (category:power,tabindex:4)
2024-03-19 08:28:06,814 [INFO] PluginManage:310 - Check plugin projectmanager
2024-03-19 08:28:06,827 [INFO] PluginManage:359 - Loaded plugin projectmanager (category:projectmanager,tabindex:3)
2024-03-19 08:28:06,827 [INFO] PluginManage:310 - Check plugin thirdparty
2024-03-19 08:28:07,045 [INFO] PluginManage:359 - Loaded plugin thirdparty (category:base,tabindex:-1)
2024-03-19 08:28:07,045 [INFO] PluginManage:310 - Check plugin tools
2024-03-19 08:28:07,045 [WARN] IntegrityCheckThread:84 - waiting for thirdparty lock release [integrity check]
2024-03-19 08:28:07,045 [INFO] IntegrityCheckThread:86 - entering critical section [integrity check]
2024-03-19 08:28:07,045 [INFO] ThirdPartyUpdaterWithRetryManager:70 - Updater plugin not ready yet. [1/15]
2024-03-19 08:28:07,069 [INFO] PluginManage:359 - Loaded plugin tools (category:base,tabindex:7)
2024-03-19 08:28:07,070 [INFO] PluginManage:310 - Check plugin tutovideos
2024-03-19 08:28:07,229 [INFO] PluginManage:359 - Loaded plugin tutovideos (category:base,tabindex:-1)
2024-03-19 08:28:07,230 [INFO] PluginManage:310 - Check plugin updater
2024-03-19 08:28:07,246 [INFO] PluginManage:359 - Loaded plugin updater (category:base,tabindex:12)
2024-03-19 08:28:07,246 [INFO] PluginManage:310 - Check plugin userauth
2024-03-19 08:28:07,251 [INFO] UserAuth:114 - Init User Auth plugin
2024-03-19 08:28:07,251 [INFO] PluginManage:359 - Loaded plugin userauth (category:base,tabindex:14)
2024-03-19 08:28:07,251 [INFO] PluginManage:283 - PluginManage : Loaded plugins [17]
2024-03-19 08:28:07,424 [INFO] PinOutPanel:1499 - setPackage(No Configuration,No Configuration)
2024-03-19 08:28:07,483 [INFO] CADModel:165 - CPN selected for project level
2024-03-19 08:28:07,483 [INFO] CADModel:114 - Register for checkConnection events
2024-03-19 08:28:07,507 [INFO] IPUIPlugin:80 - create IPUIPlugin
2024-03-19 08:28:07,507 [INFO] PluginManager:220 - loadIPPluginJar : add adc
2024-03-19 08:28:07,538 [INFO] IPUIPlugin:80 - create IPUIPlugin
2024-03-19 08:28:07,538 [INFO] PluginManager:220 - loadIPPluginJar : add aes
2024-03-19 08:28:07,569 [INFO] IPUIPlugin:80 - create IPUIPlugin
2024-03-19 08:28:07,570 [INFO] PluginManager:220 - loadIPPluginJar : add can
2024-03-19 08:28:07,585 [INFO] IPUIPlugin:80 - create IPUIPlugin
2024-03-19 08:28:07,585 [INFO] PluginManager:220 - loadIPPluginJar : add comp
2024-03-19 08:28:07,617 [INFO] IPUIPlugin:80 - create IPUIPlugin
2024-03-19 08:28:07,617 [INFO] PluginManager:220 - loadIPPluginJar : add cryp
2024-03-19 08:28:07,637 [INFO] IPUIPlugin:80 - create IPUIPlugin
2024-03-19 08:28:07,637 [INFO] PluginManager:220 - loadIPPluginJar : add dfsdm
2024-03-19 08:28:07,648 [INFO] IPUIPlugin:80 - create IPUIPlugin
2024-03-19 08:28:07,649 [INFO] PluginManager:220 - loadIPPluginJar : add dma
2024-03-19 08:28:07,682 [INFO] IPUIPlugin:80 - create IPUIPlugin
2024-03-19 08:28:07,682 [INFO] PluginManager:220 - loadIPPluginJar : add dma3
2024-03-19 08:28:07,699 [INFO] IPUIPlugin:80 - create IPUIPlugin
2024-03-19 08:28:07,699 [INFO] PluginManager:220 - loadIPPluginJar : add fatfs
2024-03-19 08:28:07,734 [INFO] IPUIPlugin:80 - create IPUIPlugin
2024-03-19 08:28:07,734 [INFO] PluginManager:220 - loadIPPluginJar : add fmc
2024-03-19 08:28:07,747 [INFO] IPUIPlugin:80 - create IPUIPlugin
2024-03-19 08:28:07,747 [INFO] PluginManager:220 - loadIPPluginJar : add freertos
2024-03-19 08:28:07,763 [INFO] IPUIPlugin:80 - create IPUIPlugin
2024-03-19 08:28:07,763 [INFO] PluginManager:220 - loadIPPluginJar : add genericplugin
2024-03-19 08:28:07,824 [INFO] IPUIPlugin:80 - create IPUIPlugin
2024-03-19 08:28:07,824 [INFO] PluginManager:220 - loadIPPluginJar : add gfxmmu
2024-03-19 08:28:07,908 [INFO] IPUIPlugin:80 - create IPUIPlugin
2024-03-19 08:28:07,908 [INFO] PluginManager:220 - loadIPPluginJar : add gic
2024-03-19 08:28:07,917 [INFO] IPUIPlugin:80 - create IPUIPlugin
2024-03-19 08:28:07,918 [INFO] PluginManager:220 - loadIPPluginJar : add gpio
2024-03-19 08:28:07,982 [INFO] IPUIPlugin:80 - create IPUIPlugin
2024-03-19 08:28:07,982 [INFO] PluginManager:220 - loadIPPluginJar : add gtzc
2024-03-19 08:28:08,005 [INFO] IPUIPlugin:80 - create IPUIPlugin
2024-03-19 08:28:08,005 [INFO] PluginManager:220 - loadIPPluginJar : add hash
2024-03-19 08:28:08,040 [INFO] IPUIPlugin:80 - create IPUIPlugin
2024-03-19 08:28:08,040 [INFO] PluginManager:220 - loadIPPluginJar : add i2c
2024-03-19 08:28:08,065 [INFO] IPUIPlugin:80 - create IPUIPlugin
2024-03-19 08:28:08,065 [INFO] PluginManager:220 - loadIPPluginJar : add i2s
2024-03-19 08:28:08,093 [INFO] IPUIPlugin:80 - create IPUIPlugin
2024-03-19 08:28:08,093 [INFO] PluginManager:220 - loadIPPluginJar : add i3c
2024-03-19 08:28:08,164 [INFO] IPUIPlugin:80 - create IPUIPlugin
2024-03-19 08:28:08,164 [INFO] PluginManager:220 - loadIPPluginJar : add ipddr
2024-03-19 08:28:08,225 [INFO] IPUIPlugin:80 - create IPUIPlugin
2024-03-19 08:28:08,225 [INFO] PluginManager:220 - loadIPPluginJar : add linkedlist
2024-03-19 08:28:08,253 [INFO] IPUIPlugin:80 - create IPUIPlugin
2024-03-19 08:28:08,253 [INFO] PluginManager:220 - loadIPPluginJar : add lorawan
2024-03-19 08:28:08,278 [INFO] IPUIPlugin:80 - create IPUIPlugin
2024-03-19 08:28:08,278 [INFO] PluginManager:220 - loadIPPluginJar : add ltdc
2024-03-19 08:28:08,289 [INFO] IPUIPlugin:80 - create IPUIPlugin
2024-03-19 08:28:08,289 [INFO] PluginManager:220 - loadIPPluginJar : add mdma
2024-03-19 08:28:08,298 [INFO] IPUIPlugin:80 - create IPUIPlugin
2024-03-19 08:28:08,298 [INFO] PluginManager:220 - loadIPPluginJar : add nvic
2024-03-19 08:28:08,322 [INFO] IPUIPlugin:80 - create IPUIPlugin
2024-03-19 08:28:08,322 [INFO] PluginManager:220 - loadIPPluginJar : add opamp
2024-03-19 08:28:08,359 [INFO] IPUIPlugin:80 - create IPUIPlugin
2024-03-19 08:28:08,360 [INFO] PluginManager:220 - loadIPPluginJar : add openamp
2024-03-19 08:28:08,387 [INFO] IPUIPlugin:80 - create IPUIPlugin
2024-03-19 08:28:08,387 [INFO] PluginManager:220 - loadIPPluginJar : add pdm2pcm
2024-03-19 08:28:08,398 [INFO] IPUIPlugin:80 - create IPUIPlugin
2024-03-19 08:28:08,400 [INFO] PluginManager:220 - loadIPPluginJar : add plateformsettings
2024-03-19 08:28:08,416 [INFO] IPUIPlugin:80 - create IPUIPlugin
2024-03-19 08:28:08,416 [INFO] PluginManager:220 - loadIPPluginJar : add quadspi
2024-03-19 08:28:08,426 [INFO] IPUIPlugin:80 - create IPUIPlugin
2024-03-19 08:28:08,426 [INFO] PluginManager:220 - loadIPPluginJar : add resmgrutility
2024-03-19 08:28:08,462 [INFO] IPUIPlugin:80 - create IPUIPlugin
2024-03-19 08:28:08,462 [INFO] PluginManager:220 - loadIPPluginJar : add sai
2024-03-19 08:28:08,488 [INFO] IPUIPlugin:80 - create IPUIPlugin
2024-03-19 08:28:08,489 [INFO] PluginManager:220 - loadIPPluginJar : add spi
2024-03-19 08:28:08,537 [INFO] IPUIPlugin:80 - create IPUIPlugin
2024-03-19 08:28:08,537 [INFO] PluginManager:220 - loadIPPluginJar : add stm32_wpan
2024-03-19 08:28:08,555 [INFO] IPUIPlugin:80 - create IPUIPlugin
2024-03-19 08:28:08,556 [INFO] PluginManager:220 - loadIPPluginJar : add tim
2024-03-19 08:28:08,595 [INFO] IPUIPlugin:80 - create IPUIPlugin
2024-03-19 08:28:08,595 [INFO] PluginManager:220 - loadIPPluginJar : add touchsensing
2024-03-19 08:28:08,615 [INFO] IPUIPlugin:80 - create IPUIPlugin
2024-03-19 08:28:08,615 [INFO] PluginManager:220 - loadIPPluginJar : add tracer_emb
2024-03-19 08:28:08,631 [INFO] IPUIPlugin:80 - create IPUIPlugin
2024-03-19 08:28:08,631 [INFO] PluginManager:220 - loadIPPluginJar : add ts
2024-03-19 08:28:08,645 [INFO] IPUIPlugin:80 - create IPUIPlugin
2024-03-19 08:28:08,645 [INFO] PluginManager:220 - loadIPPluginJar : add tsc
2024-03-19 08:28:08,660 [INFO] IPUIPlugin:80 - create IPUIPlugin
2024-03-19 08:28:08,660 [INFO] PluginManager:220 - loadIPPluginJar : add ucpd
2024-03-19 08:28:08,691 [INFO] IPUIPlugin:80 - create IPUIPlugin
2024-03-19 08:28:08,691 [INFO] PluginManager:220 - loadIPPluginJar : add usart
2024-03-19 08:28:08,721 [INFO] IPUIPlugin:80 - create IPUIPlugin
2024-03-19 08:28:08,721 [INFO] PluginManager:220 - loadIPPluginJar : add usbx
2024-03-19 08:28:08,835 [INFO] CADModel:165 - CPN selected for project level
2024-03-19 08:28:08,835 [INFO] CADModel:114 - Register for checkConnection events
2024-03-19 08:28:08,835 [FATAL] Updater:308 - Updater called before beeing initialized
2024-03-19 08:28:08,835 [ERROR] CADModel:125 - Updater not yet initialized, retry later 
2024-03-19 08:28:08,944 [INFO] CADModel:165 - CPN selected for project level
2024-03-19 08:28:08,944 [INFO] CADModel:114 - Register for checkConnection events
2024-03-19 08:28:08,944 [FATAL] Updater:308 - Updater called before beeing initialized
2024-03-19 08:28:08,944 [ERROR] CADModel:125 - Updater not yet initialized, retry later 
2024-03-19 08:28:08,947 [FATAL] Updater:308 - Updater called before beeing initialized
2024-03-19 08:28:09,015 [FATAL] Updater:308 - Updater called before beeing initialized
2024-03-19 08:28:09,023 [INFO] DbMcusAds:53 - JSON generation date=Wed Nov 29 18:52:27 CST 2023 (1701255147349)
2024-03-19 08:28:09,023 [FATAL] Updater:308 - Updater called before beeing initialized
2024-03-19 08:28:09,087 [WARN] DetailPanel:346 - Failed to get advertising image, set to default
2024-03-19 08:28:09,151 [FATAL] Updater:308 - Updater called before beeing initialized
2024-03-19 08:28:09,153 [FATAL] Updater:308 - Updater called before beeing initialized
2024-03-19 08:28:09,153 [FATAL] Updater:308 - Updater called before beeing initialized
2024-03-19 08:28:09,153 [WARN] DetailPanel:346 - Failed to get advertising image, set to default
2024-03-19 08:28:09,153 [FATAL] Updater:308 - Updater called before beeing initialized
2024-03-19 08:28:09,196 [ERROR] Updater:1120 - MainUpdater not yet initialized. External WinMGr cannot be set.
2024-03-19 08:28:09,204 [INFO] Updater:1056 - Updater Version found : 6.10.0
2024-03-19 08:28:09,223 [INFO] ApplicationProperties:184 - Using Application install path: C:\ST\STM32CubeIDE_1.14.0\STM32CubeIDE\plugins\com.st.stm32cube.common.mx_6.10.0.202311202037
2024-03-19 08:28:09,448 [INFO] MainUpdater:2873 - connection check result : 10
2024-03-19 08:28:09,448 [INFO] MainUpdater:290 - Updater Check For Update Now.
2024-03-19 08:28:09,449 [INFO] MicroXplorer:498 - Change Database Version : DB.6.0.100
2024-03-19 08:28:09,460 [INFO] McuFinderGlobals:63 - Set McuFinder mode to 2 (CubeIDE integrated)
2024-03-19 08:28:09,461 [INFO] UserAuth:180 - activating auth plugin
2024-03-19 08:28:09,462 [INFO] UserAuth:404 - Internet connection configuration mode: 1
2024-03-19 08:28:09,488 [INFO] JxBrowserEngine:152 - Initiate JxBrowser Engine with user profile folder
2024-03-19 08:28:09,731 [INFO] CheckServerUpdateThread:120 - End of CheckServer Thread
2024-03-19 08:28:10,192 [WARN] PackLoader:240 - Cannot read IP mode file for STMicroelectronics.X-CUBE-SMBUS.2.1.0
2024-03-19 08:28:10,203 [WARN] PackLoader:240 - Cannot read IP mode file for STMicroelectronics.X-CUBE-TOUCHGFX.4.23.0
2024-03-19 08:28:10,229 [WARN] PackLoader:240 - Cannot read IP mode file for STMicroelectronics.X-CUBE-AZRTOS-F7.1.1.0
2024-03-19 08:28:10,240 [WARN] PackLoader:240 - Cannot read IP mode file for STMicroelectronics.FP-SNS-MOTENV1.4.3.2
2024-03-19 08:28:10,251 [ERROR] RealEvaluatedCondition:428 - Found unsupported composite condition: CLASS='Data Exchange' GROUP='STM32_MetaDataManager'
2024-03-19 08:28:10,251 [ERROR] RealEvaluatedCondition:428 - Found unsupported composite condition: CLASS='Data Exchange' GROUP='STM32_MetaDataManager'
2024-03-19 08:28:10,252 [WARN] PackLoader:240 - Cannot read IP mode file for STMicroelectronics.FP-SNS-MOTENV1.4.3.1
2024-03-19 08:28:10,261 [WARN] PackLoader:240 - Cannot read IP mode file for STMicroelectronics.FP-SNS-FLIGHT1.5.0.1
2024-03-19 08:28:10,271 [WARN] PackLoader:240 - Cannot read IP mode file for STMicroelectronics.X-CUBE-BLE1.6.2.4
2024-03-19 08:28:10,279 [WARN] PackLoader:240 - Cannot read IP mode file for STMicroelectronics.FP-SNS-FLIGHT1.5.0.2
2024-03-19 08:28:10,290 [WARN] PackLoader:240 - Cannot read IP mode file for STMicroelectronics.X-CUBE-DISPLAY.3.0.0
2024-03-19 08:28:10,301 [WARN] PackLoader:240 - Cannot read IP mode file for STMicroelectronics.X-CUBE-BLE1.7.0.0
2024-03-19 08:28:10,309 [WARN] PackLoader:240 - Cannot read IP mode file for STMicroelectronics.X-CUBE-TOUCHGFX.4.22.0
2024-03-19 08:28:10,316 [WARN] PackLoader:240 - Cannot read IP mode file for STMicroelectronics.X-CUBE-TOUCHGFX.4.22.1
2024-03-19 08:28:10,328 [WARN] PackLoader:240 - Cannot read IP mode file for STMicroelectronics.X-CUBE-BLEMGR.3.1.0
2024-03-19 08:28:10,338 [WARN] PackLoader:240 - Cannot read IP mode file for STMicroelectronics.FP-SNS-SMARTAG2.1.2.0
2024-03-19 08:28:10,354 [INFO] LogOutputStream:77 - [STDOUT_REDIRECT] 1 : Invalid condition id : UX_CORESTACK_Condition cause : null
2024-03-19 08:28:10,354 [INFO] LogOutputStream:77 - [STDOUT_REDIRECT] 1 : Invalid condition id : UX_CORESTACK_Condition cause : null
2024-03-19 08:28:10,355 [INFO] LogOutputStream:77 - [STDOUT_REDIRECT] 1 : Invalid condition id : UX_CORESTACK_Condition cause : null
2024-03-19 08:28:10,356 [INFO] LogOutputStream:77 - [STDOUT_REDIRECT] 1 : Invalid condition id : UX_CORESTACK_Condition cause : null
2024-03-19 08:28:10,356 [INFO] LogOutputStream:77 - [STDOUT_REDIRECT] 1 : Invalid condition id : UX_CORESTACK_Condition cause : null
2024-03-19 08:28:10,358 [WARN] PackLoader:240 - Cannot read IP mode file for STMicroelectronics.X-CUBE-AZRTOS-WL.2.0.0
2024-03-19 08:28:10,369 [WARN] PackLoader:240 - Cannot read IP mode file for WES.I-CUBE-Cesium.1.3.0
2024-03-19 08:28:10,378 [WARN] PackLoader:240 - Cannot read IP mode file for STMicroelectronics.X-CUBE-BLE2.3.3.0
2024-03-19 08:28:10,386 [WARN] PackLoader:240 - Cannot read IP mode file for STMicroelectronics.X-CUBE-TOUCHGFX.4.21.4
2024-03-19 08:28:10,394 [WARN] PackLoader:240 - Cannot read IP mode file for STMicroelectronics.X-CUBE-ALGOBUILD.1.3.0
2024-03-19 08:28:10,417 [WARN] PackLoader:240 - Cannot read IP mode file for STMicroelectronics.X-CUBE-AZRTOS-G0.1.1.0
2024-03-19 08:28:10,428 [WARN] PackLoader:240 - Cannot read IP mode file for STMicroelectronics.X-CUBE-NFC4.3.0.0
2024-03-19 08:28:10,441 [WARN] PackLoader:240 - Cannot read IP mode file for STMicroelectronics.X-CUBE-BLEMGR.3.0.0
2024-03-19 08:28:10,451 [WARN] PackLoader:240 - Cannot read IP mode file for STMicroelectronics.FP-ATR-SIGFOX1.3.2.0
2024-03-19 08:28:10,460 [WARN] PackLoader:240 - Cannot read IP mode file for STMicroelectronics.X-CUBE-EEPRMA1.5.1.0
2024-03-19 08:28:10,488 [WARN] PackLoader:240 - Cannot read IP mode file for SEGGER.I-CUBE-embOS.1.3.1
2024-03-19 08:28:10,533 [WARN] PackLoader:240 - Cannot read IP mode file for STMicroelectronics.X-CUBE-GNSS1.6.0.0
2024-03-19 08:28:10,555 [WARN] PackLoader:240 - Cannot read IP mode file for STMicroelectronics.X-CUBE-AZRTOS-F4.1.1.0
2024-03-19 08:28:10,566 [WARN] PackLoader:240 - Cannot read IP mode file for wolfSSL.I-CUBE-wolfSSL.5.6.0
2024-03-19 08:28:10,589 [WARN] PackLoader:240 - Cannot read IP mode file for STMicroelectronics.X-CUBE-AZRTOS-L5.2.0.0
2024-03-19 08:28:10,633 [WARN] PackLoader:240 - Cannot read IP mode file for STMicroelectronics.X-CUBE-MEMS1.9.6.0
2024-03-19 08:28:10,764 [WARN] PackLoader:240 - Cannot read IP mode file for STMicroelectronics.X-CUBE-EEPRMA1.4.2.0
2024-03-19 08:28:10,781 [WARN] PackLoader:240 - Cannot read IP mode file for ITTIA_DB.I-CUBE-ITTIADB.8.8.0
2024-03-19 08:28:10,802 [WARN] PackLoader:240 - Cannot read IP mode file for emotas.I-CUBE-CANOPEN.1.1.3
2024-03-19 08:28:10,823 [WARN] PackLoader:240 - Cannot read IP mode file for STMicroelectronics.X-CUBE-BLEMGR.2.0.0
2024-03-19 08:28:10,862 [WARN] ConditionMgr:438 - getConditionDescription Invalid condition id : UX DEVICE CLASS RTOS Condition cause : null
2024-03-19 08:28:10,862 [WARN] ConditionMgr:438 - getConditionDescription Invalid condition id : UX DEVICE CLASS RTOS Condition cause : null
2024-03-19 08:28:10,864 [WARN] PackLoader:240 - Cannot read IP mode file for STMicroelectronics.X-CUBE-AZRTOS-H7.3.1.0
2024-03-19 08:28:10,866 [WARN] ConditionMgr:1039 - genDependencies : Invalid condition id : UX DEVICE CLASS RTOS Condition cause : null
2024-03-19 08:28:10,866 [WARN] ConditionMgr:1039 - genDependencies : Invalid condition id : UX DEVICE CLASS RTOS Condition cause : null
2024-03-19 08:28:10,866 [WARN] ConditionMgr:1039 - genDependencies : Invalid condition id : UX DEVICE CLASS RTOS Condition cause : null
2024-03-19 08:28:10,867 [WARN] ConditionMgr:1039 - genDependencies : Invalid condition id : UX DEVICE CLASS RTOS Condition cause : null
2024-03-19 08:28:10,867 [WARN] ConditionMgr:1039 - genDependencies : Invalid condition id : UX DEVICE CLASS RTOS Condition cause : null
2024-03-19 08:28:10,882 [WARN] PackLoader:240 - Cannot read IP mode file for STMicroelectronics.X-CUBE-NFC7.1.0.1
2024-03-19 08:28:10,895 [WARN] PackLoader:240 - Cannot read IP mode file for STMicroelectronics.X-CUBE-NFC7.1.0.0
2024-03-19 08:28:10,907 [WARN] PackLoader:240 - Cannot read IP mode file for STMicroelectronics.X-CUBE-NFC6.3.0.0
2024-03-19 08:28:10,921 [WARN] PackLoader:240 - Cannot read IP mode file for STMicroelectronics.X-CUBE-EEPRMA1.4.1.0
2024-03-19 08:28:10,934 [WARN] PackLoader:240 - Cannot read IP mode file for STMicroelectronics.X-CUBE-AI.8.1.0
2024-03-19 08:28:10,957 [WARN] ConditionMgr:438 - getConditionDescription Invalid condition id : LAN8742 Phy interface Condition cause : null
2024-03-19 08:28:10,958 [WARN] PackLoader:240 - Cannot read IP mode file for STMicroelectronics.X-CUBE-AZRTOS-L4.2.0.0
2024-03-19 08:28:10,959 [WARN] ConditionMgr:1039 - genDependencies : Invalid condition id : LAN8742 Phy interface Condition cause : null
2024-03-19 08:28:10,960 [WARN] ConditionMgr:1039 - genDependencies : Invalid condition id : LAN8742 Phy interface Condition cause : null
2024-03-19 08:28:10,960 [WARN] ConditionMgr:1039 - genDependencies : Invalid condition id : LAN8742 Phy interface Condition cause : null
2024-03-19 08:28:10,976 [WARN] PackLoader:240 - Cannot read IP mode file for STMicroelectronics.X-CUBE-SFXS2LP1.4.0.0
2024-03-19 08:28:10,989 [WARN] PackLoader:240 - Cannot read IP mode file for STMicroelectronics.X-CUBE-ISPU.1.1.0
2024-03-19 08:28:11,014 [WARN] ConditionMgr:438 - getConditionDescription Invalid condition id : UX DEVICE CLASS RTOS Condition cause : null
2024-03-19 08:28:11,014 [WARN] ConditionMgr:438 - getConditionDescription Invalid condition id : UX DEVICE CLASS RTOS Condition cause : null
2024-03-19 08:28:11,016 [WARN] PackLoader:240 - Cannot read IP mode file for STMicroelectronics.X-CUBE-AZRTOS-WB.2.0.0
2024-03-19 08:28:11,017 [WARN] ConditionMgr:1039 - genDependencies : Invalid condition id : UX DEVICE CLASS RTOS Condition cause : null
2024-03-19 08:28:11,017 [WARN] ConditionMgr:1039 - genDependencies : Invalid condition id : UX DEVICE CLASS RTOS Condition cause : null
2024-03-19 08:28:11,018 [WARN] ConditionMgr:1039 - genDependencies : Invalid condition id : UX DEVICE CLASS RTOS Condition cause : null
2024-03-19 08:28:11,021 [WARN] ConditionMgr:1039 - genDependencies : Invalid condition id : UX DEVICE CLASS RTOS Condition cause : null
2024-03-19 08:28:11,022 [WARN] ConditionMgr:1039 - genDependencies : Invalid condition id : UX DEVICE CLASS RTOS Condition cause : null
2024-03-19 08:28:11,037 [WARN] PackLoader:240 - Cannot read IP mode file for STMicroelectronics.X-CUBE-FREERTOS.1.0.1
2024-03-19 08:28:11,062 [WARN] PackLoader:240 - Cannot read IP mode file for STMicroelectronics.X-CUBE-AZRTOS-L5.1.1.0
2024-03-19 08:28:11,073 [WARN] PackLoader:240 - Cannot read IP mode file for STMicroelectronics.X-CUBE-AI.8.0.1
2024-03-19 08:28:11,094 [WARN] PackLoader:240 - Cannot read IP mode file for STMicroelectronics.X-CUBE-SUBG2.5.0.0
2024-03-19 08:28:11,120 [WARN] PackLoader:240 - Cannot read IP mode file for STMicroelectronics.X-CUBE-TOF1.3.3.1
2024-03-19 08:28:11,150 [WARN] PackLoader:240 - Cannot read IP mode file for STMicroelectronics.X-CUBE-AZRTOS-G4.2.0.0
2024-03-19 08:28:11,170 [WARN] PackLoader:240 - Cannot read IP mode file for STMicroelectronics.X-CUBE-TOF1.3.3.0
2024-03-19 08:28:11,196 [WARN] PackLoader:240 - Cannot read IP mode file for Infineon.AIROC-Wi-Fi-Bluetooth-STM32.1.5.1
2024-03-19 08:28:11,209 [WARN] PackLoader:240 - Cannot read IP mode file for STMicroelectronics.FP-SNS-MOTENVWB1.1.3.0
2024-03-19 08:28:11,222 [WARN] PackLoader:240 - Cannot read IP mode file for STMicroelectronics.FP-SNS-MOTENVWB1.1.3.1
2024-03-19 08:28:11,233 [WARN] PackLoader:240 - Cannot read IP mode file for STMicroelectronics.X-CUBE-ISPU.2.0.0
2024-03-19 08:28:11,268 [WARN] PackLoader:240 - Cannot read IP mode file for STMicroelectronics.X-CUBE-MEMS1.10.0.0
2024-03-19 08:28:11,352 [WARN] PackLoader:240 - Cannot read IP mode file for STMicroelectronics.X-CUBE-FREERTOS.1.1.0
2024-03-19 08:28:11,364 [WARN] PackLoader:240 - Cannot read IP mode file for portGmbH.I-Cube-SoM-uGOAL.1.1.0
2024-03-19 08:28:11,384 [WARN] PackLoader:240 - Cannot read IP mode file for STMicroelectronics.X-CUBE-ALS.1.0.1
2024-03-19 08:28:11,407 [WARN] PackLoader:240 - Cannot read IP mode file for STMicroelectronics.X-CUBE-AZRTOS-WB.1.1.0
2024-03-19 08:28:11,418 [WARN] PackLoader:240 - Cannot read IP mode file for STMicroelectronics.FP-ATR-ASTRA1.2.0.0
2024-03-19 08:28:11,437 [WARN] PackLoader:240 - Cannot read IP mode file for STMicroelectronics.X-CUBE-TOF1.3.4.0
2024-03-19 08:28:11,460 [WARN] PackLoader:240 - Cannot read IP mode file for STMicroelectronics.X-CUBE-TOF1.3.4.1
2024-03-19 08:28:11,491 [WARN] PackLoader:240 - Cannot read IP mode file for STMicroelectronics.X-CUBE-AZRTOS-H7.3.2.0
2024-03-19 08:28:11,493 [INFO] ThirdParty:978 - Integrity check success = true
2024-03-19 08:28:11,493 [INFO] IntegrityCheckThread:100 - exiting critical section [integrity check]
2024-03-19 08:28:11,493 [INFO] IntegrityCheckThread:103 - End integrity checks thread
2024-03-19 08:28:12,510 [INFO] WebApp:161 - Instantiating new browser for Auth
2024-03-19 08:28:13,027 [INFO] WebApp:780 - Register for checkConnection events
2024-03-19 08:28:13,027 [INFO] WebApp:414 - Apply proxy settings
2024-03-19 08:28:13,027 [INFO] WebApp:499 - Chromium requires no authentication
2024-03-19 08:28:13,033 [INFO] WebApp:442 - Direct internet connection detected
2024-03-19 08:28:13,157 [INFO] WebApp:192 - Starting web application
2024-03-19 08:28:13,158 [INFO] WebApp:544 - Web application path used C:\ST\STM32CubeIDE_1.14.0\STM32CubeIDE\plugins\com.st.stm32cube.common.mx_6.10.0.202311202037\db\plugins\mcufinder\reactClient1\index.html
2024-03-19 08:28:33,853 [ERROR] LogOutputStream:75 - [STDERR_REDIRECT] SLF4J: Failed to load class "org.slf4j.impl.StaticLoggerBinder".
2024-03-19 08:28:33,854 [ERROR] LogOutputStream:75 - [STDERR_REDIRECT] SLF4J: Defaulting to no-operation (NOP) logger implementation
2024-03-19 08:28:33,854 [ERROR] LogOutputStream:75 - [STDERR_REDIRECT] SLF4J: See http://www.slf4j.org/codes.html#StaticLoggerBinder for further details.
2024-03-19 08:34:48,088 [ERROR] LogOutputStream:75 - [STDERR_REDIRECT] 
2024-03-19 10:42:54,672 [INFO] Activator:176 - 


2024-03-19 10:42:54,673 [INFO] Activator:177 - !SESSION log4j initialized
2024-03-19 10:42:58,853 [INFO] LogOutputStream:77 - [STDOUT_REDIRECT] 
2024-03-19 10:43:04,974 [INFO] ApplicationProperties:184 - Using Application install path: C:\ST\STM32CubeIDE_1.14.0\STM32CubeIDE\plugins\com.st.stm32cube.common.mx_6.10.0.202311202037
2024-03-19 10:43:04,991 [INFO] DbMcusXml:78 - Set database path to: C:\ST\STM32CubeIDE_1.14.0\STM32CubeIDE\plugins\com.st.stm32cube.common.mx_6.10.0.202311202037\\db\/mcu/
2024-03-19 10:43:04,991 [INFO] ApiDb:274 - Set plugin database path to: C:\ST\STM32CubeIDE_1.14.0\STM32CubeIDE\plugins\com.st.stm32cube.common.mx_6.10.0.202311202037\\db\/plugins/boardmanager/
2024-03-19 10:43:04,991 [WARN] ApiDb:259 - Overriding images path with different value:  => C:\ST\STM32CubeIDE_1.14.0\STM32CubeIDE\plugins\com.st.stm32cube.common.mx_6.10.0.202311202037\\db\/plugins/mcufinder/images/
2024-03-19 10:43:05,003 [INFO] ApiDb:250 - Set database path to: C:\Users\pc\.stmcufinder\plugins\mcufinder//mcu/
2024-03-19 10:43:05,004 [INFO] DbMcusAds:125 - Set database path to: C:\Users\pc\.stmcufinder\plugins\mcufinder//mcu/
2024-03-19 10:43:05,005 [INFO] CrossReferenceDbSqlite:203 - Set database path to: C:\Users\pc\.stmcufinder\plugins\mcufinder//mcu/cs/
2024-03-19 10:43:05,094 [INFO] RulesReader:64 - Compatibility file has been processed (297 Rules)
2024-03-19 10:43:05,164 [INFO] DbMcusXml:78 - Set database path to: C:\ST\STM32CubeIDE_1.14.0\STM32CubeIDE\plugins\com.st.stm32cube.common.mx_6.10.0.202311202037\\db\/mcu/
2024-03-19 10:43:05,164 [INFO] ApiDb:274 - Set plugin database path to: C:\ST\STM32CubeIDE_1.14.0\STM32CubeIDE\plugins\com.st.stm32cube.common.mx_6.10.0.202311202037\\db\/plugins/boardmanager/
2024-03-19 10:43:05,164 [INFO] ApiDb:261 - Set plugin images path to: C:\ST\STM32CubeIDE_1.14.0\STM32CubeIDE\plugins\com.st.stm32cube.common.mx_6.10.0.202311202037\\db\/plugins/mcufinder/images/
2024-03-19 10:43:05,165 [WARN] DbFile:41 - Overriding database path with different value: C:\Users\pc\.stmcufinder\plugins\mcufinder/ => C:\Users\pc\.stmcufinder\plugins\mcufinder
2024-03-19 10:43:05,165 [INFO] ApiDb:250 - Set database path to: C:\Users\pc\.stmcufinder\plugins\mcufinder//mcu/
2024-03-19 10:43:05,165 [WARN] DbFile:41 - Overriding database path with different value: C:\Users\pc\.stmcufinder\plugins\mcufinder/ => C:\Users\pc\.stmcufinder\plugins\mcufinder
2024-03-19 10:43:05,165 [INFO] DbMcusAds:125 - Set database path to: C:\Users\pc\.stmcufinder\plugins\mcufinder//mcu/
2024-03-19 10:43:05,165 [WARN] DbFile:41 - Overriding database path with different value: C:\Users\pc\.stmcufinder\plugins\mcufinder/ => C:\Users\pc\.stmcufinder\plugins\mcufinder
2024-03-19 10:43:05,165 [WARN] DbFile:41 - Overriding database path with different value: C:\Users\pc\.stmcufinder\plugins\mcufinder/ => C:\Users\pc\.stmcufinder\plugins\mcufinder
2024-03-19 10:43:05,165 [INFO] CrossReferenceDbSqlite:203 - Set database path to: C:\Users\pc\.stmcufinder\plugins\mcufinder//mcu/cs/
2024-03-19 10:43:05,229 [INFO] MainPanel:264 - HeapMemory: 268435456
2024-03-19 10:43:05,312 [INFO] DbMcusXml:78 - Set database path to: C:\ST\STM32CubeIDE_1.14.0\STM32CubeIDE\plugins\com.st.stm32cube.common.mx_6.10.0.202311202037\\db\/mcu/
2024-03-19 10:43:05,312 [INFO] ApiDb:274 - Set plugin database path to: C:\ST\STM32CubeIDE_1.14.0\STM32CubeIDE\plugins\com.st.stm32cube.common.mx_6.10.0.202311202037\\db\/plugins/boardmanager/
2024-03-19 10:43:05,312 [INFO] ApiDb:261 - Set plugin images path to: C:\ST\STM32CubeIDE_1.14.0\STM32CubeIDE\plugins\com.st.stm32cube.common.mx_6.10.0.202311202037\\db\/plugins/mcufinder/images/
2024-03-19 10:43:05,313 [WARN] DbFile:41 - Overriding database path with different value: C:\Users\pc\.stmcufinder\plugins\mcufinder/ => C:\Users\pc\.stmcufinder\plugins\mcufinder
2024-03-19 10:43:05,313 [INFO] ApiDb:250 - Set database path to: C:\Users\pc\.stmcufinder\plugins\mcufinder//mcu/
2024-03-19 10:43:05,313 [WARN] DbFile:41 - Overriding database path with different value: C:\Users\pc\.stmcufinder\plugins\mcufinder/ => C:\Users\pc\.stmcufinder\plugins\mcufinder
2024-03-19 10:43:05,313 [INFO] DbMcusAds:125 - Set database path to: C:\Users\pc\.stmcufinder\plugins\mcufinder//mcu/
2024-03-19 10:43:05,313 [WARN] DbFile:41 - Overriding database path with different value: C:\Users\pc\.stmcufinder\plugins\mcufinder/ => C:\Users\pc\.stmcufinder\plugins\mcufinder
2024-03-19 10:43:05,313 [WARN] DbFile:41 - Overriding database path with different value: C:\Users\pc\.stmcufinder\plugins\mcufinder/ => C:\Users\pc\.stmcufinder\plugins\mcufinder
2024-03-19 10:43:05,313 [INFO] CrossReferenceDbSqlite:203 - Set database path to: C:\Users\pc\.stmcufinder\plugins\mcufinder//mcu/cs/
2024-03-19 10:43:05,328 [INFO] ApplicationProperties:184 - Using Application install path: C:\ST\STM32CubeIDE_1.14.0\STM32CubeIDE\plugins\com.st.stm32cube.common.mx_6.10.0.202311202037
2024-03-19 10:43:05,329 [INFO] PluginManage:196 - Search for loadable plugins [exclusion list=, ]
2024-03-19 10:43:05,331 [INFO] PluginManage:310 - Check plugin analytics
2024-03-19 10:43:10,366 [INFO] AnalyticsPlugin:253 - Accepted Software Licenses: STM32CubeMX.6.8.1,STM32CubeMX.6.9.1
2024-03-19 10:43:10,366 [INFO] AnalyticsPlugin:255 - Accepted CMSIS Pack Licenses: 
2024-03-19 10:43:10,367 [INFO] AnalyticsPlugin:257 - Accepted Firmware Licenses: FW.F4.1.27.0
2024-03-19 10:43:10,368 [INFO] PluginManage:359 - Loaded plugin analytics (category:tool,tabindex:-1)
2024-03-19 10:43:10,369 [INFO] PluginManage:310 - Check plugin cadmodel
2024-03-19 10:43:10,382 [INFO] CADModel:105 - Init CAD model plugin
2024-03-19 10:43:10,382 [INFO] PluginManage:359 - Loaded plugin cadmodel (category:power,tabindex:5)
2024-03-19 10:43:10,382 [INFO] PluginManage:310 - Check plugin clock
2024-03-19 10:43:10,396 [INFO] PluginManage:359 - Loaded plugin clock (category:base,tabindex:2)
2024-03-19 10:43:10,396 [INFO] PluginManage:310 - Check plugin ddr
2024-03-19 10:43:10,398 [INFO] PluginManage:359 - Loaded plugin ddr (category:tool,tabindex:6)
2024-03-19 10:43:10,398 [INFO] PluginManage:310 - Check plugin filemanager
2024-03-19 10:43:10,500 [INFO] PluginManage:359 - Loaded plugin filemanager (category:base,tabindex:10)
2024-03-19 10:43:10,501 [INFO] PluginManage:310 - Check plugin ipmanager
2024-03-19 10:43:10,506 [INFO] PluginManage:359 - Loaded plugin ipmanager (category:base,tabindex:5)
2024-03-19 10:43:10,506 [INFO] PluginManage:310 - Check plugin lpbam
2024-03-19 10:43:10,519 [INFO] PluginManage:359 - Loaded plugin lpbam (category:base,tabindex:0)
2024-03-19 10:43:10,520 [INFO] PluginManage:310 - Check plugin memorymap
2024-03-19 10:43:10,539 [INFO] PluginManage:359 - Loaded plugin memorymap (category:base,tabindex:4)
2024-03-19 10:43:10,539 [INFO] PluginManage:310 - Check plugin pinoutandconfiguration
2024-03-19 10:43:10,552 [INFO] PluginManage:359 - Loaded plugin pinoutandconfiguration (category:base,tabindex:1)
2024-03-19 10:43:10,552 [INFO] PluginManage:310 - Check plugin pinoutconfig
2024-03-19 10:43:10,624 [WARN] SupportedApi:132 - Cannot load RTOS API schema: s4s-elt-must-match.1: The content of 'definitions' must match (annotation?, (simpleType | complexType)?, (unique | key | keyref)*)). A problem was found starting at: attribute.
2024-03-19 10:43:10,717 [INFO] PluginManage:359 - Loaded plugin pinoutconfig (category:base,tabindex:0)
2024-03-19 10:43:10,717 [INFO] PluginManage:310 - Check plugin power
2024-03-19 10:43:10,733 [INFO] PluginManage:359 - Loaded plugin power (category:power,tabindex:4)
2024-03-19 10:43:10,733 [INFO] PluginManage:310 - Check plugin projectmanager
2024-03-19 10:43:10,744 [INFO] PluginManage:359 - Loaded plugin projectmanager (category:projectmanager,tabindex:3)
2024-03-19 10:43:10,744 [INFO] PluginManage:310 - Check plugin thirdparty
2024-03-19 10:43:10,956 [INFO] PluginManage:359 - Loaded plugin thirdparty (category:base,tabindex:-1)
2024-03-19 10:43:10,956 [INFO] PluginManage:310 - Check plugin tools
2024-03-19 10:43:10,956 [WARN] IntegrityCheckThread:84 - waiting for thirdparty lock release [integrity check]
2024-03-19 10:43:10,957 [INFO] IntegrityCheckThread:86 - entering critical section [integrity check]
2024-03-19 10:43:10,957 [INFO] ThirdPartyUpdaterWithRetryManager:70 - Updater plugin not ready yet. [1/15]
2024-03-19 10:43:10,981 [INFO] PluginManage:359 - Loaded plugin tools (category:base,tabindex:7)
2024-03-19 10:43:10,981 [INFO] PluginManage:310 - Check plugin tutovideos
2024-03-19 10:43:11,139 [INFO] PluginManage:359 - Loaded plugin tutovideos (category:base,tabindex:-1)
2024-03-19 10:43:11,139 [INFO] PluginManage:310 - Check plugin updater
2024-03-19 10:43:11,149 [INFO] PluginManage:359 - Loaded plugin updater (category:base,tabindex:12)
2024-03-19 10:43:11,149 [INFO] PluginManage:310 - Check plugin userauth
2024-03-19 10:43:11,153 [INFO] UserAuth:114 - Init User Auth plugin
2024-03-19 10:43:11,154 [INFO] PluginManage:359 - Loaded plugin userauth (category:base,tabindex:14)
2024-03-19 10:43:11,154 [INFO] PluginManage:283 - PluginManage : Loaded plugins [17]
2024-03-19 10:43:11,325 [INFO] PinOutPanel:1499 - setPackage(No Configuration,No Configuration)
2024-03-19 10:43:11,378 [INFO] CADModel:165 - CPN selected for project level
2024-03-19 10:43:11,378 [INFO] CADModel:114 - Register for checkConnection events
2024-03-19 10:43:11,400 [INFO] IPUIPlugin:80 - create IPUIPlugin
2024-03-19 10:43:11,400 [INFO] PluginManager:220 - loadIPPluginJar : add adc
2024-03-19 10:43:11,423 [INFO] IPUIPlugin:80 - create IPUIPlugin
2024-03-19 10:43:11,424 [INFO] PluginManager:220 - loadIPPluginJar : add aes
2024-03-19 10:43:11,451 [INFO] IPUIPlugin:80 - create IPUIPlugin
2024-03-19 10:43:11,451 [INFO] PluginManager:220 - loadIPPluginJar : add can
2024-03-19 10:43:11,465 [INFO] IPUIPlugin:80 - create IPUIPlugin
2024-03-19 10:43:11,465 [INFO] PluginManager:220 - loadIPPluginJar : add comp
2024-03-19 10:43:11,487 [INFO] IPUIPlugin:80 - create IPUIPlugin
2024-03-19 10:43:11,487 [INFO] PluginManager:220 - loadIPPluginJar : add cryp
2024-03-19 10:43:11,507 [INFO] IPUIPlugin:80 - create IPUIPlugin
2024-03-19 10:43:11,507 [INFO] PluginManager:220 - loadIPPluginJar : add dfsdm
2024-03-19 10:43:11,516 [INFO] IPUIPlugin:80 - create IPUIPlugin
2024-03-19 10:43:11,517 [INFO] PluginManager:220 - loadIPPluginJar : add dma
2024-03-19 10:43:11,544 [INFO] IPUIPlugin:80 - create IPUIPlugin
2024-03-19 10:43:11,544 [INFO] PluginManager:220 - loadIPPluginJar : add dma3
2024-03-19 10:43:11,557 [INFO] IPUIPlugin:80 - create IPUIPlugin
2024-03-19 10:43:11,558 [INFO] PluginManager:220 - loadIPPluginJar : add fatfs
2024-03-19 10:43:11,587 [INFO] IPUIPlugin:80 - create IPUIPlugin
2024-03-19 10:43:11,587 [INFO] PluginManager:220 - loadIPPluginJar : add fmc
2024-03-19 10:43:11,600 [INFO] IPUIPlugin:80 - create IPUIPlugin
2024-03-19 10:43:11,600 [INFO] PluginManager:220 - loadIPPluginJar : add freertos
2024-03-19 10:43:11,613 [INFO] IPUIPlugin:80 - create IPUIPlugin
2024-03-19 10:43:11,613 [INFO] PluginManager:220 - loadIPPluginJar : add genericplugin
2024-03-19 10:43:11,670 [INFO] IPUIPlugin:80 - create IPUIPlugin
2024-03-19 10:43:11,671 [INFO] PluginManager:220 - loadIPPluginJar : add gfxmmu
2024-03-19 10:43:11,751 [INFO] IPUIPlugin:80 - create IPUIPlugin
2024-03-19 10:43:11,751 [INFO] PluginManager:220 - loadIPPluginJar : add gic
2024-03-19 10:43:11,761 [INFO] IPUIPlugin:80 - create IPUIPlugin
2024-03-19 10:43:11,761 [INFO] PluginManager:220 - loadIPPluginJar : add gpio
2024-03-19 10:43:11,818 [INFO] IPUIPlugin:80 - create IPUIPlugin
2024-03-19 10:43:11,818 [INFO] PluginManager:220 - loadIPPluginJar : add gtzc
2024-03-19 10:43:11,838 [INFO] IPUIPlugin:80 - create IPUIPlugin
2024-03-19 10:43:11,839 [INFO] PluginManager:220 - loadIPPluginJar : add hash
2024-03-19 10:43:11,872 [INFO] IPUIPlugin:80 - create IPUIPlugin
2024-03-19 10:43:11,872 [INFO] PluginManager:220 - loadIPPluginJar : add i2c
2024-03-19 10:43:11,896 [INFO] IPUIPlugin:80 - create IPUIPlugin
2024-03-19 10:43:11,897 [INFO] PluginManager:220 - loadIPPluginJar : add i2s
2024-03-19 10:43:11,922 [INFO] IPUIPlugin:80 - create IPUIPlugin
2024-03-19 10:43:11,922 [INFO] PluginManager:220 - loadIPPluginJar : add i3c
2024-03-19 10:43:11,990 [INFO] IPUIPlugin:80 - create IPUIPlugin
2024-03-19 10:43:11,990 [INFO] PluginManager:220 - loadIPPluginJar : add ipddr
2024-03-19 10:43:12,050 [INFO] IPUIPlugin:80 - create IPUIPlugin
2024-03-19 10:43:12,051 [INFO] PluginManager:220 - loadIPPluginJar : add linkedlist
2024-03-19 10:43:12,081 [INFO] IPUIPlugin:80 - create IPUIPlugin
2024-03-19 10:43:12,082 [INFO] PluginManager:220 - loadIPPluginJar : add lorawan
2024-03-19 10:43:12,107 [INFO] IPUIPlugin:80 - create IPUIPlugin
2024-03-19 10:43:12,107 [INFO] PluginManager:220 - loadIPPluginJar : add ltdc
2024-03-19 10:43:12,118 [INFO] IPUIPlugin:80 - create IPUIPlugin
2024-03-19 10:43:12,118 [INFO] PluginManager:220 - loadIPPluginJar : add mdma
2024-03-19 10:43:12,127 [INFO] IPUIPlugin:80 - create IPUIPlugin
2024-03-19 10:43:12,127 [INFO] PluginManager:220 - loadIPPluginJar : add nvic
2024-03-19 10:43:12,151 [INFO] IPUIPlugin:80 - create IPUIPlugin
2024-03-19 10:43:12,151 [INFO] PluginManager:220 - loadIPPluginJar : add opamp
2024-03-19 10:43:12,189 [INFO] IPUIPlugin:80 - create IPUIPlugin
2024-03-19 10:43:12,189 [INFO] PluginManager:220 - loadIPPluginJar : add openamp
2024-03-19 10:43:12,220 [INFO] IPUIPlugin:80 - create IPUIPlugin
2024-03-19 10:43:12,220 [INFO] PluginManager:220 - loadIPPluginJar : add pdm2pcm
2024-03-19 10:43:12,231 [INFO] IPUIPlugin:80 - create IPUIPlugin
2024-03-19 10:43:12,233 [INFO] PluginManager:220 - loadIPPluginJar : add plateformsettings
2024-03-19 10:43:12,248 [INFO] IPUIPlugin:80 - create IPUIPlugin
2024-03-19 10:43:12,248 [INFO] PluginManager:220 - loadIPPluginJar : add quadspi
2024-03-19 10:43:12,257 [INFO] IPUIPlugin:80 - create IPUIPlugin
2024-03-19 10:43:12,257 [INFO] PluginManager:220 - loadIPPluginJar : add resmgrutility
2024-03-19 10:43:12,295 [INFO] IPUIPlugin:80 - create IPUIPlugin
2024-03-19 10:43:12,295 [INFO] PluginManager:220 - loadIPPluginJar : add sai
2024-03-19 10:43:12,325 [INFO] IPUIPlugin:80 - create IPUIPlugin
2024-03-19 10:43:12,325 [INFO] PluginManager:220 - loadIPPluginJar : add spi
2024-03-19 10:43:12,369 [INFO] IPUIPlugin:80 - create IPUIPlugin
2024-03-19 10:43:12,370 [INFO] PluginManager:220 - loadIPPluginJar : add stm32_wpan
2024-03-19 10:43:12,386 [INFO] IPUIPlugin:80 - create IPUIPlugin
2024-03-19 10:43:12,386 [INFO] PluginManager:220 - loadIPPluginJar : add tim
2024-03-19 10:43:12,425 [INFO] IPUIPlugin:80 - create IPUIPlugin
2024-03-19 10:43:12,425 [INFO] PluginManager:220 - loadIPPluginJar : add touchsensing
2024-03-19 10:43:12,440 [INFO] IPUIPlugin:80 - create IPUIPlugin
2024-03-19 10:43:12,441 [INFO] PluginManager:220 - loadIPPluginJar : add tracer_emb
2024-03-19 10:43:12,455 [INFO] IPUIPlugin:80 - create IPUIPlugin
2024-03-19 10:43:12,455 [INFO] PluginManager:220 - loadIPPluginJar : add ts
2024-03-19 10:43:12,469 [INFO] IPUIPlugin:80 - create IPUIPlugin
2024-03-19 10:43:12,470 [INFO] PluginManager:220 - loadIPPluginJar : add tsc
2024-03-19 10:43:12,483 [INFO] IPUIPlugin:80 - create IPUIPlugin
2024-03-19 10:43:12,483 [INFO] PluginManager:220 - loadIPPluginJar : add ucpd
2024-03-19 10:43:12,511 [INFO] IPUIPlugin:80 - create IPUIPlugin
2024-03-19 10:43:12,511 [INFO] PluginManager:220 - loadIPPluginJar : add usart
2024-03-19 10:43:12,538 [INFO] IPUIPlugin:80 - create IPUIPlugin
2024-03-19 10:43:12,539 [INFO] PluginManager:220 - loadIPPluginJar : add usbx
2024-03-19 10:43:12,647 [INFO] CADModel:165 - CPN selected for project level
2024-03-19 10:43:12,647 [INFO] CADModel:114 - Register for checkConnection events
2024-03-19 10:43:12,647 [FATAL] Updater:308 - Updater called before beeing initialized
2024-03-19 10:43:12,647 [ERROR] CADModel:125 - Updater not yet initialized, retry later 
2024-03-19 10:43:12,751 [INFO] CADModel:165 - CPN selected for project level
2024-03-19 10:43:12,751 [INFO] CADModel:114 - Register for checkConnection events
2024-03-19 10:43:12,751 [FATAL] Updater:308 - Updater called before beeing initialized
2024-03-19 10:43:12,751 [ERROR] CADModel:125 - Updater not yet initialized, retry later 
2024-03-19 10:43:12,754 [FATAL] Updater:308 - Updater called before beeing initialized
2024-03-19 10:43:12,816 [FATAL] Updater:308 - Updater called before beeing initialized
2024-03-19 10:43:12,823 [INFO] DbMcusAds:53 - JSON generation date=Wed Nov 29 18:52:27 CST 2023 (1701255147349)
2024-03-19 10:43:12,823 [FATAL] Updater:308 - Updater called before beeing initialized
2024-03-19 10:43:12,884 [WARN] DetailPanel:346 - Failed to get advertising image, set to default
2024-03-19 10:43:12,947 [FATAL] Updater:308 - Updater called before beeing initialized
2024-03-19 10:43:12,949 [FATAL] Updater:308 - Updater called before beeing initialized
2024-03-19 10:43:12,949 [FATAL] Updater:308 - Updater called before beeing initialized
2024-03-19 10:43:12,949 [WARN] DetailPanel:346 - Failed to get advertising image, set to default
2024-03-19 10:43:12,950 [FATAL] Updater:308 - Updater called before beeing initialized
2024-03-19 10:43:12,991 [ERROR] Updater:1120 - MainUpdater not yet initialized. External WinMGr cannot be set.
2024-03-19 10:43:12,998 [INFO] Updater:1056 - Updater Version found : 6.10.0
2024-03-19 10:43:13,016 [INFO] ApplicationProperties:184 - Using Application install path: C:\ST\STM32CubeIDE_1.14.0\STM32CubeIDE\plugins\com.st.stm32cube.common.mx_6.10.0.202311202037
2024-03-19 10:43:13,964 [INFO] ThirdPartyUpdaterWithRetryManager:70 - Updater plugin not ready yet. [2/15]
2024-03-19 10:43:14,395 [INFO] MainUpdater:2873 - connection check result : 10
2024-03-19 10:43:14,396 [INFO] MainUpdater:290 - Updater Check For Update Now.
2024-03-19 10:43:14,396 [INFO] MicroXplorer:498 - Change Database Version : DB.6.0.100
2024-03-19 10:43:14,411 [INFO] McuFinderGlobals:63 - Set McuFinder mode to 2 (CubeIDE integrated)
2024-03-19 10:43:14,411 [INFO] UserAuth:180 - activating auth plugin
2024-03-19 10:43:14,413 [INFO] UserAuth:404 - Internet connection configuration mode: 1
2024-03-19 10:43:14,438 [INFO] JxBrowserEngine:152 - Initiate JxBrowser Engine with user profile folder
2024-03-19 10:43:14,568 [INFO] CheckServerUpdateThread:120 - End of CheckServer Thread
2024-03-19 10:43:16,778 [INFO] WebApp:161 - Instantiating new browser for Auth
2024-03-19 10:43:17,141 [WARN] PackLoader:240 - Cannot read IP mode file for STMicroelectronics.X-CUBE-SMBUS.2.1.0
2024-03-19 10:43:17,155 [WARN] PackLoader:240 - Cannot read IP mode file for STMicroelectronics.X-CUBE-TOUCHGFX.4.23.0
2024-03-19 10:43:17,189 [WARN] PackLoader:240 - Cannot read IP mode file for STMicroelectronics.X-CUBE-AZRTOS-F7.1.1.0
2024-03-19 10:43:17,204 [WARN] PackLoader:240 - Cannot read IP mode file for STMicroelectronics.FP-SNS-MOTENV1.4.3.2
2024-03-19 10:43:17,215 [ERROR] RealEvaluatedCondition:428 - Found unsupported composite condition: CLASS='Data Exchange' GROUP='STM32_MetaDataManager'
2024-03-19 10:43:17,215 [ERROR] RealEvaluatedCondition:428 - Found unsupported composite condition: GROUP='STM32_MetaDataManager' CLASS='Data Exchange'
2024-03-19 10:43:17,216 [WARN] PackLoader:240 - Cannot read IP mode file for STMicroelectronics.FP-SNS-MOTENV1.4.3.1
2024-03-19 10:43:17,227 [WARN] PackLoader:240 - Cannot read IP mode file for STMicroelectronics.FP-SNS-FLIGHT1.5.0.1
2024-03-19 10:43:17,239 [WARN] PackLoader:240 - Cannot read IP mode file for STMicroelectronics.X-CUBE-BLE1.6.2.4
2024-03-19 10:43:17,249 [WARN] PackLoader:240 - Cannot read IP mode file for STMicroelectronics.FP-SNS-FLIGHT1.5.0.2
2024-03-19 10:43:17,261 [WARN] PackLoader:240 - Cannot read IP mode file for STMicroelectronics.X-CUBE-DISPLAY.3.0.0
2024-03-19 10:43:17,276 [WARN] PackLoader:240 - Cannot read IP mode file for STMicroelectronics.X-CUBE-BLE1.7.0.0
2024-03-19 10:43:17,284 [WARN] PackLoader:240 - Cannot read IP mode file for STMicroelectronics.X-CUBE-TOUCHGFX.4.22.0
2024-03-19 10:43:17,292 [WARN] PackLoader:240 - Cannot read IP mode file for STMicroelectronics.X-CUBE-TOUCHGFX.4.22.1
2024-03-19 10:43:17,303 [WARN] PackLoader:240 - Cannot read IP mode file for STMicroelectronics.X-CUBE-BLEMGR.3.1.0
2024-03-19 10:43:17,315 [WARN] PackLoader:240 - Cannot read IP mode file for STMicroelectronics.FP-SNS-SMARTAG2.1.2.0
2024-03-19 10:43:17,330 [INFO] LogOutputStream:77 - [STDOUT_REDIRECT] 1 : Invalid condition id : UX_CORESTACK_Condition cause : null
2024-03-19 10:43:17,330 [INFO] LogOutputStream:77 - [STDOUT_REDIRECT] 1 : Invalid condition id : UX_CORESTACK_Condition cause : null
2024-03-19 10:43:17,331 [INFO] LogOutputStream:77 - [STDOUT_REDIRECT] 1 : Invalid condition id : UX_CORESTACK_Condition cause : null
2024-03-19 10:43:17,332 [INFO] LogOutputStream:77 - [STDOUT_REDIRECT] 1 : Invalid condition id : UX_CORESTACK_Condition cause : null
2024-03-19 10:43:17,332 [INFO] LogOutputStream:77 - [STDOUT_REDIRECT] 1 : Invalid condition id : UX_CORESTACK_Condition cause : null
2024-03-19 10:43:17,334 [INFO] WebApp:780 - Register for checkConnection events
2024-03-19 10:43:17,334 [WARN] PackLoader:240 - Cannot read IP mode file for STMicroelectronics.X-CUBE-AZRTOS-WL.2.0.0
2024-03-19 10:43:17,334 [INFO] WebApp:414 - Apply proxy settings
2024-03-19 10:43:17,334 [INFO] WebApp:499 - Chromium requires no authentication
2024-03-19 10:43:17,341 [INFO] WebApp:442 - Direct internet connection detected
2024-03-19 10:43:17,345 [WARN] PackLoader:240 - Cannot read IP mode file for WES.I-CUBE-Cesium.1.3.0
2024-03-19 10:43:17,354 [WARN] PackLoader:240 - Cannot read IP mode file for STMicroelectronics.X-CUBE-BLE2.3.3.0
2024-03-19 10:43:17,362 [WARN] PackLoader:240 - Cannot read IP mode file for STMicroelectronics.X-CUBE-TOUCHGFX.4.21.4
2024-03-19 10:43:17,370 [WARN] PackLoader:240 - Cannot read IP mode file for STMicroelectronics.X-CUBE-ALGOBUILD.1.3.0
2024-03-19 10:43:17,390 [WARN] PackLoader:240 - Cannot read IP mode file for STMicroelectronics.X-CUBE-AZRTOS-G0.1.1.0
2024-03-19 10:43:17,403 [WARN] PackLoader:240 - Cannot read IP mode file for STMicroelectronics.X-CUBE-NFC4.3.0.0
2024-03-19 10:43:17,416 [WARN] PackLoader:240 - Cannot read IP mode file for STMicroelectronics.X-CUBE-BLEMGR.3.0.0
2024-03-19 10:43:17,425 [WARN] PackLoader:240 - Cannot read IP mode file for STMicroelectronics.FP-ATR-SIGFOX1.3.2.0
2024-03-19 10:43:17,435 [WARN] PackLoader:240 - Cannot read IP mode file for STMicroelectronics.X-CUBE-EEPRMA1.5.1.0
2024-03-19 10:43:17,463 [WARN] PackLoader:240 - Cannot read IP mode file for SEGGER.I-CUBE-embOS.1.3.1
2024-03-19 10:43:17,503 [WARN] PackLoader:240 - Cannot read IP mode file for STMicroelectronics.X-CUBE-GNSS1.6.0.0
2024-03-19 10:43:17,532 [WARN] PackLoader:240 - Cannot read IP mode file for STMicroelectronics.X-CUBE-AZRTOS-F4.1.1.0
2024-03-19 10:43:17,558 [WARN] PackLoader:240 - Cannot read IP mode file for wolfSSL.I-CUBE-wolfSSL.5.6.0
2024-03-19 10:43:17,578 [INFO] WebApp:192 - Starting web application
2024-03-19 10:43:17,579 [INFO] WebApp:544 - Web application path used C:\ST\STM32CubeIDE_1.14.0\STM32CubeIDE\plugins\com.st.stm32cube.common.mx_6.10.0.202311202037\db\plugins\mcufinder\reactClient1\index.html
2024-03-19 10:43:17,589 [WARN] PackLoader:240 - Cannot read IP mode file for STMicroelectronics.X-CUBE-AZRTOS-L5.2.0.0
2024-03-19 10:43:17,634 [WARN] PackLoader:240 - Cannot read IP mode file for STMicroelectronics.X-CUBE-MEMS1.9.6.0
2024-03-19 10:43:17,763 [WARN] PackLoader:240 - Cannot read IP mode file for STMicroelectronics.X-CUBE-EEPRMA1.4.2.0
2024-03-19 10:43:17,776 [WARN] PackLoader:240 - Cannot read IP mode file for ITTIA_DB.I-CUBE-ITTIADB.8.8.0
2024-03-19 10:43:17,796 [WARN] PackLoader:240 - Cannot read IP mode file for emotas.I-CUBE-CANOPEN.1.1.3
2024-03-19 10:43:17,812 [WARN] PackLoader:240 - Cannot read IP mode file for STMicroelectronics.X-CUBE-BLEMGR.2.0.0
2024-03-19 10:43:17,834 [WARN] ConditionMgr:438 - getConditionDescription Invalid condition id : UX DEVICE CLASS RTOS Condition cause : null
2024-03-19 10:43:17,834 [WARN] ConditionMgr:438 - getConditionDescription Invalid condition id : UX DEVICE CLASS RTOS Condition cause : null
2024-03-19 10:43:17,836 [WARN] PackLoader:240 - Cannot read IP mode file for STMicroelectronics.X-CUBE-AZRTOS-H7.3.1.0
2024-03-19 10:43:17,836 [WARN] ConditionMgr:1039 - genDependencies : Invalid condition id : UX DEVICE CLASS RTOS Condition cause : null
2024-03-19 10:43:17,836 [WARN] ConditionMgr:1039 - genDependencies : Invalid condition id : UX DEVICE CLASS RTOS Condition cause : null
2024-03-19 10:43:17,837 [WARN] ConditionMgr:1039 - genDependencies : Invalid condition id : UX DEVICE CLASS RTOS Condition cause : null
2024-03-19 10:43:17,837 [WARN] ConditionMgr:1039 - genDependencies : Invalid condition id : UX DEVICE CLASS RTOS Condition cause : null
2024-03-19 10:43:17,837 [WARN] ConditionMgr:1039 - genDependencies : Invalid condition id : UX DEVICE CLASS RTOS Condition cause : null
2024-03-19 10:43:17,849 [WARN] PackLoader:240 - Cannot read IP mode file for STMicroelectronics.X-CUBE-NFC7.1.0.1
2024-03-19 10:43:17,861 [WARN] PackLoader:240 - Cannot read IP mode file for STMicroelectronics.X-CUBE-NFC7.1.0.0
2024-03-19 10:43:17,876 [WARN] PackLoader:240 - Cannot read IP mode file for STMicroelectronics.X-CUBE-NFC6.3.0.0
2024-03-19 10:43:17,890 [WARN] PackLoader:240 - Cannot read IP mode file for STMicroelectronics.X-CUBE-EEPRMA1.4.1.0
2024-03-19 10:43:17,902 [WARN] PackLoader:240 - Cannot read IP mode file for STMicroelectronics.X-CUBE-AI.8.1.0
2024-03-19 10:43:17,926 [WARN] ConditionMgr:438 - getConditionDescription Invalid condition id : LAN8742 Phy interface Condition cause : null
2024-03-19 10:43:17,927 [WARN] PackLoader:240 - Cannot read IP mode file for STMicroelectronics.X-CUBE-AZRTOS-L4.2.0.0
2024-03-19 10:43:17,931 [WARN] ConditionMgr:1039 - genDependencies : Invalid condition id : LAN8742 Phy interface Condition cause : null
2024-03-19 10:43:17,932 [WARN] ConditionMgr:1039 - genDependencies : Invalid condition id : LAN8742 Phy interface Condition cause : null
2024-03-19 10:43:17,932 [WARN] ConditionMgr:1039 - genDependencies : Invalid condition id : LAN8742 Phy interface Condition cause : null
2024-03-19 10:43:17,946 [WARN] PackLoader:240 - Cannot read IP mode file for STMicroelectronics.X-CUBE-SFXS2LP1.4.0.0
2024-03-19 10:43:17,960 [WARN] PackLoader:240 - Cannot read IP mode file for STMicroelectronics.X-CUBE-ISPU.1.1.0
2024-03-19 10:43:17,983 [WARN] ConditionMgr:438 - getConditionDescription Invalid condition id : UX DEVICE CLASS RTOS Condition cause : null
2024-03-19 10:43:17,984 [WARN] ConditionMgr:438 - getConditionDescription Invalid condition id : UX DEVICE CLASS RTOS Condition cause : null
2024-03-19 10:43:17,986 [WARN] PackLoader:240 - Cannot read IP mode file for STMicroelectronics.X-CUBE-AZRTOS-WB.2.0.0
2024-03-19 10:43:17,986 [WARN] ConditionMgr:1039 - genDependencies : Invalid condition id : UX DEVICE CLASS RTOS Condition cause : null
2024-03-19 10:43:17,986 [WARN] ConditionMgr:1039 - genDependencies : Invalid condition id : UX DEVICE CLASS RTOS Condition cause : null
2024-03-19 10:43:17,987 [WARN] ConditionMgr:1039 - genDependencies : Invalid condition id : UX DEVICE CLASS RTOS Condition cause : null
2024-03-19 10:43:17,987 [WARN] ConditionMgr:1039 - genDependencies : Invalid condition id : UX DEVICE CLASS RTOS Condition cause : null
2024-03-19 10:43:17,987 [WARN] ConditionMgr:1039 - genDependencies : Invalid condition id : UX DEVICE CLASS RTOS Condition cause : null
2024-03-19 10:43:18,000 [WARN] PackLoader:240 - Cannot read IP mode file for STMicroelectronics.X-CUBE-FREERTOS.1.0.1
2024-03-19 10:43:18,022 [WARN] PackLoader:240 - Cannot read IP mode file for STMicroelectronics.X-CUBE-AZRTOS-L5.1.1.0
2024-03-19 10:43:18,033 [WARN] PackLoader:240 - Cannot read IP mode file for STMicroelectronics.X-CUBE-AI.8.0.1
2024-03-19 10:43:18,046 [WARN] PackLoader:240 - Cannot read IP mode file for STMicroelectronics.X-CUBE-SUBG2.5.0.0
2024-03-19 10:43:18,060 [WARN] PackLoader:240 - Cannot read IP mode file for STMicroelectronics.X-CUBE-TOF1.3.3.1
2024-03-19 10:43:18,079 [WARN] PackLoader:240 - Cannot read IP mode file for STMicroelectronics.X-CUBE-AZRTOS-G4.2.0.0
2024-03-19 10:43:18,093 [WARN] PackLoader:240 - Cannot read IP mode file for STMicroelectronics.X-CUBE-TOF1.3.3.0
2024-03-19 10:43:18,117 [WARN] PackLoader:240 - Cannot read IP mode file for Infineon.AIROC-Wi-Fi-Bluetooth-STM32.1.5.1
2024-03-19 10:43:18,128 [WARN] PackLoader:240 - Cannot read IP mode file for STMicroelectronics.FP-SNS-MOTENVWB1.1.3.0
2024-03-19 10:43:18,138 [WARN] PackLoader:240 - Cannot read IP mode file for STMicroelectronics.FP-SNS-MOTENVWB1.1.3.1
2024-03-19 10:43:18,147 [WARN] PackLoader:240 - Cannot read IP mode file for STMicroelectronics.X-CUBE-ISPU.2.0.0
2024-03-19 10:43:18,183 [WARN] PackLoader:240 - Cannot read IP mode file for STMicroelectronics.X-CUBE-MEMS1.10.0.0
2024-03-19 10:43:18,249 [WARN] PackLoader:240 - Cannot read IP mode file for STMicroelectronics.X-CUBE-FREERTOS.1.1.0
2024-03-19 10:43:18,259 [WARN] PackLoader:240 - Cannot read IP mode file for portGmbH.I-Cube-SoM-uGOAL.1.1.0
2024-03-19 10:43:18,266 [WARN] PackLoader:240 - Cannot read IP mode file for STMicroelectronics.X-CUBE-ALS.1.0.1
2024-03-19 10:43:18,281 [WARN] PackLoader:240 - Cannot read IP mode file for STMicroelectronics.X-CUBE-AZRTOS-WB.1.1.0
2024-03-19 10:43:18,290 [WARN] PackLoader:240 - Cannot read IP mode file for STMicroelectronics.FP-ATR-ASTRA1.2.0.0
2024-03-19 10:43:18,301 [WARN] PackLoader:240 - Cannot read IP mode file for STMicroelectronics.X-CUBE-TOF1.3.4.0
2024-03-19 10:43:18,325 [WARN] PackLoader:240 - Cannot read IP mode file for STMicroelectronics.X-CUBE-TOF1.3.4.1
2024-03-19 10:43:18,352 [WARN] PackLoader:240 - Cannot read IP mode file for STMicroelectronics.X-CUBE-AZRTOS-H7.3.2.0
2024-03-19 10:43:18,359 [INFO] ThirdParty:978 - Integrity check success = true
2024-03-19 10:43:18,360 [INFO] IntegrityCheckThread:100 - exiting critical section [integrity check]
2024-03-19 10:43:18,360 [INFO] IntegrityCheckThread:103 - End integrity checks thread
2024-03-19 10:43:38,375 [ERROR] LogOutputStream:75 - [STDERR_REDIRECT] SLF4J: Failed to load class "org.slf4j.impl.StaticLoggerBinder".
2024-03-19 10:43:38,376 [ERROR] LogOutputStream:75 - [STDERR_REDIRECT] SLF4J: Defaulting to no-operation (NOP) logger implementation
2024-03-19 10:43:38,376 [ERROR] LogOutputStream:75 - [STDERR_REDIRECT] SLF4J: See http://www.slf4j.org/codes.html#StaticLoggerBinder for further details.
2024-03-19 22:35:57,879 [ERROR] LogOutputStream:75 - [STDERR_REDIRECT] [Fatal Error] :1:1: Premature end of file.
2024-03-19 22:35:57,881 [ERROR] LogOutputStream:75 - [STDERR_REDIRECT] 
2024-03-19 22:35:58,861 [ERROR] LogOutputStream:75 - [STDERR_REDIRECT] [Fatal Error] :1:1: Premature end of file.
2024-03-19 22:35:58,861 [ERROR] LogOutputStream:75 - [STDERR_REDIRECT] 
2024-03-19 22:35:59,850 [ERROR] LogOutputStream:75 - [STDERR_REDIRECT] [Fatal Error] :1:1: Premature end of file.
2024-03-19 22:35:59,850 [ERROR] LogOutputStream:75 - [STDERR_REDIRECT] 
2024-03-19 22:36:00,860 [ERROR] LogOutputStream:75 - [STDERR_REDIRECT] [Fatal Error] :1:1: Premature end of file.
2024-03-19 22:36:00,860 [ERROR] LogOutputStream:75 - [STDERR_REDIRECT] 
2024-03-19 22:36:01,853 [ERROR] LogOutputStream:75 - [STDERR_REDIRECT] [Fatal Error] :1:1: Premature end of file.
2024-03-19 22:36:01,853 [ERROR] LogOutputStream:75 - [STDERR_REDIRECT] 
2024-03-19 22:36:02,860 [ERROR] LogOutputStream:75 - [STDERR_REDIRECT] [Fatal Error] :1:1: Premature end of file.
2024-03-19 22:36:02,860 [ERROR] LogOutputStream:75 - [STDERR_REDIRECT] 
2024-03-19 22:36:03,854 [ERROR] LogOutputStream:75 - [STDERR_REDIRECT] [Fatal Error] :1:1: Premature end of file.
2024-03-19 22:36:03,854 [ERROR] LogOutputStream:75 - [STDERR_REDIRECT] 
2024-03-19 22:36:04,863 [ERROR] LogOutputStream:75 - [STDERR_REDIRECT] [Fatal Error] :1:1: Premature end of file.
2024-03-19 22:36:04,863 [ERROR] LogOutputStream:75 - [STDERR_REDIRECT] 
2024-03-19 22:36:05,862 [ERROR] LogOutputStream:75 - [STDERR_REDIRECT] [Fatal Error] :1:1: Premature end of file.
2024-03-19 22:36:05,862 [ERROR] LogOutputStream:75 - [STDERR_REDIRECT] 
2024-03-19 22:36:06,858 [ERROR] LogOutputStream:75 - [STDERR_REDIRECT] [Fatal Error] :1:1: Premature end of file.
2024-03-19 22:36:06,859 [ERROR] LogOutputStream:75 - [STDERR_REDIRECT] 
2024-03-19 22:36:07,861 [ERROR] LogOutputStream:75 - [STDERR_REDIRECT] [Fatal Error] :1:1: Premature end of file.
2024-03-19 22:36:07,861 [ERROR] LogOutputStream:75 - [STDERR_REDIRECT] 
2024-03-19 22:36:08,851 [ERROR] LogOutputStream:75 - [STDERR_REDIRECT] [Fatal Error] :1:1: Premature end of file.
2024-03-19 22:36:08,851 [ERROR] LogOutputStream:75 - [STDERR_REDIRECT] 
2024-03-19 22:36:09,862 [ERROR] LogOutputStream:75 - [STDERR_REDIRECT] [Fatal Error] :1:1: Premature end of file.
2024-03-19 22:36:09,863 [ERROR] LogOutputStream:75 - [STDERR_REDIRECT] 
2024-03-19 22:36:10,861 [ERROR] LogOutputStream:75 - [STDERR_REDIRECT] [Fatal Error] :1:1: Premature end of file.
2024-03-19 22:36:10,861 [ERROR] LogOutputStream:75 - [STDERR_REDIRECT] 
2024-03-19 22:36:11,853 [ERROR] LogOutputStream:75 - [STDERR_REDIRECT] [Fatal Error] :1:1: Premature end of file.
2024-03-19 22:36:11,853 [ERROR] LogOutputStream:75 - [STDERR_REDIRECT] 
2024-03-19 22:36:12,860 [ERROR] LogOutputStream:75 - [STDERR_REDIRECT] [Fatal Error] :1:1: Premature end of file.
2024-03-19 22:36:12,860 [ERROR] LogOutputStream:75 - [STDERR_REDIRECT] 
2024-03-19 22:36:13,855 [ERROR] LogOutputStream:75 - [STDERR_REDIRECT] [Fatal Error] :1:1: Premature end of file.
2024-03-19 22:36:13,856 [ERROR] LogOutputStream:75 - [STDERR_REDIRECT] 
2024-03-19 22:36:14,865 [ERROR] LogOutputStream:75 - [STDERR_REDIRECT] [Fatal Error] :1:1: Premature end of file.
2024-03-19 22:36:14,865 [ERROR] LogOutputStream:75 - [STDERR_REDIRECT] 
2024-03-19 22:36:15,858 [ERROR] LogOutputStream:75 - [STDERR_REDIRECT] [Fatal Error] :1:1: Premature end of file.
2024-03-19 22:36:15,858 [ERROR] LogOutputStream:75 - [STDERR_REDIRECT] 
2024-03-19 22:36:16,851 [ERROR] LogOutputStream:75 - [STDERR_REDIRECT] [Fatal Error] :1:1: Premature end of file.
2024-03-19 22:36:16,851 [ERROR] LogOutputStream:75 - [STDERR_REDIRECT] 
2024-03-19 22:36:17,865 [ERROR] LogOutputStream:75 - [STDERR_REDIRECT] [Fatal Error] :1:1: Premature end of file.
2024-03-19 22:36:17,865 [ERROR] LogOutputStream:75 - [STDERR_REDIRECT] 
2024-03-19 22:36:18,852 [ERROR] LogOutputStream:75 - [STDERR_REDIRECT] [Fatal Error] :1:1: Premature end of file.
2024-03-19 22:36:18,852 [ERROR] LogOutputStream:75 - [STDERR_REDIRECT] 
2024-03-19 22:36:19,854 [ERROR] LogOutputStream:75 - [STDERR_REDIRECT] [Fatal Error] :1:1: Premature end of file.
2024-03-19 22:36:19,854 [ERROR] LogOutputStream:75 - [STDERR_REDIRECT] 
2024-03-19 22:36:20,857 [ERROR] LogOutputStream:75 - [STDERR_REDIRECT] [Fatal Error] :1:1: Premature end of file.
2024-03-19 22:36:20,857 [ERROR] LogOutputStream:75 - [STDERR_REDIRECT] 
2024-03-19 22:36:21,860 [ERROR] LogOutputStream:75 - [STDERR_REDIRECT] [Fatal Error] :1:1: Premature end of file.
2024-03-19 22:36:21,860 [ERROR] LogOutputStream:75 - [STDERR_REDIRECT] 
2024-03-19 22:36:22,864 [ERROR] LogOutputStream:75 - [STDERR_REDIRECT] [Fatal Error] :1:1: Premature end of file.
2024-03-19 22:36:22,864 [ERROR] LogOutputStream:75 - [STDERR_REDIRECT] 
2024-03-19 22:36:23,849 [ERROR] LogOutputStream:75 - [STDERR_REDIRECT] [Fatal Error] :1:1: Premature end of file.
2024-03-19 22:36:23,849 [ERROR] LogOutputStream:75 - [STDERR_REDIRECT] 
