2024-03-20 16:15:42,176 [INFO] Activator:176 - 


2024-03-20 16:15:42,180 [INFO] Activator:177 - !SESSION log4j initialized
2024-03-20 16:15:47,033 [INFO] LogOutputStream:77 - [STDOUT_REDIRECT] 
2024-03-20 16:15:52,784 [INFO] ApplicationProperties:184 - Using Application install path: C:\ST\STM32CubeIDE_1.14.0\STM32CubeIDE\plugins\com.st.stm32cube.common.mx_6.10.0.202311202037
2024-03-20 16:15:52,799 [INFO] DbMcusXml:78 - Set database path to: C:\ST\STM32CubeIDE_1.14.0\STM32CubeIDE\plugins\com.st.stm32cube.common.mx_6.10.0.202311202037\\db\/mcu/
2024-03-20 16:15:52,799 [INFO] ApiDb:274 - Set plugin database path to: C:\ST\STM32CubeIDE_1.14.0\STM32CubeIDE\plugins\com.st.stm32cube.common.mx_6.10.0.202311202037\\db\/plugins/boardmanager/
2024-03-20 16:15:52,800 [WARN] ApiDb:259 - Overriding images path with different value:  => C:\ST\STM32CubeIDE_1.14.0\STM32CubeIDE\plugins\com.st.stm32cube.common.mx_6.10.0.202311202037\\db\/plugins/mcufinder/images/
2024-03-20 16:15:52,811 [INFO] ApiDb:250 - Set database path to: C:\Users\pc\.stmcufinder\plugins\mcufinder//mcu/
2024-03-20 16:15:52,812 [INFO] DbMcusAds:125 - Set database path to: C:\Users\pc\.stmcufinder\plugins\mcufinder//mcu/
2024-03-20 16:15:52,813 [INFO] CrossReferenceDbSqlite:203 - Set database path to: C:\Users\pc\.stmcufinder\plugins\mcufinder//mcu/cs/
2024-03-20 16:15:52,896 [INFO] RulesReader:64 - Compatibility file has been processed (297 Rules)
2024-03-20 16:15:52,980 [INFO] DbMcusXml:78 - Set database path to: C:\ST\STM32CubeIDE_1.14.0\STM32CubeIDE\plugins\com.st.stm32cube.common.mx_6.10.0.202311202037\\db\/mcu/
2024-03-20 16:15:52,980 [INFO] ApiDb:274 - Set plugin database path to: C:\ST\STM32CubeIDE_1.14.0\STM32CubeIDE\plugins\com.st.stm32cube.common.mx_6.10.0.202311202037\\db\/plugins/boardmanager/
2024-03-20 16:15:52,980 [INFO] ApiDb:261 - Set plugin images path to: C:\ST\STM32CubeIDE_1.14.0\STM32CubeIDE\plugins\com.st.stm32cube.common.mx_6.10.0.202311202037\\db\/plugins/mcufinder/images/
2024-03-20 16:15:52,980 [WARN] DbFile:41 - Overriding database path with different value: C:\Users\pc\.stmcufinder\plugins\mcufinder/ => C:\Users\pc\.stmcufinder\plugins\mcufinder
2024-03-20 16:15:52,980 [INFO] ApiDb:250 - Set database path to: C:\Users\pc\.stmcufinder\plugins\mcufinder//mcu/
2024-03-20 16:15:52,980 [WARN] DbFile:41 - Overriding database path with different value: C:\Users\pc\.stmcufinder\plugins\mcufinder/ => C:\Users\pc\.stmcufinder\plugins\mcufinder
2024-03-20 16:15:52,981 [INFO] DbMcusAds:125 - Set database path to: C:\Users\pc\.stmcufinder\plugins\mcufinder//mcu/
2024-03-20 16:15:52,981 [WARN] DbFile:41 - Overriding database path with different value: C:\Users\pc\.stmcufinder\plugins\mcufinder/ => C:\Users\pc\.stmcufinder\plugins\mcufinder
2024-03-20 16:15:52,981 [WARN] DbFile:41 - Overriding database path with different value: C:\Users\pc\.stmcufinder\plugins\mcufinder/ => C:\Users\pc\.stmcufinder\plugins\mcufinder
2024-03-20 16:15:52,981 [INFO] CrossReferenceDbSqlite:203 - Set database path to: C:\Users\pc\.stmcufinder\plugins\mcufinder//mcu/cs/
2024-03-20 16:15:53,040 [INFO] MainPanel:264 - HeapMemory: 268435456
2024-03-20 16:15:53,119 [INFO] DbMcusXml:78 - Set database path to: C:\ST\STM32CubeIDE_1.14.0\STM32CubeIDE\plugins\com.st.stm32cube.common.mx_6.10.0.202311202037\\db\/mcu/
2024-03-20 16:15:53,119 [INFO] ApiDb:274 - Set plugin database path to: C:\ST\STM32CubeIDE_1.14.0\STM32CubeIDE\plugins\com.st.stm32cube.common.mx_6.10.0.202311202037\\db\/plugins/boardmanager/
2024-03-20 16:15:53,119 [INFO] ApiDb:261 - Set plugin images path to: C:\ST\STM32CubeIDE_1.14.0\STM32CubeIDE\plugins\com.st.stm32cube.common.mx_6.10.0.202311202037\\db\/plugins/mcufinder/images/
2024-03-20 16:15:53,119 [WARN] DbFile:41 - Overriding database path with different value: C:\Users\pc\.stmcufinder\plugins\mcufinder/ => C:\Users\pc\.stmcufinder\plugins\mcufinder
2024-03-20 16:15:53,119 [INFO] ApiDb:250 - Set database path to: C:\Users\pc\.stmcufinder\plugins\mcufinder//mcu/
2024-03-20 16:15:53,119 [WARN] DbFile:41 - Overriding database path with different value: C:\Users\pc\.stmcufinder\plugins\mcufinder/ => C:\Users\pc\.stmcufinder\plugins\mcufinder
2024-03-20 16:15:53,119 [INFO] DbMcusAds:125 - Set database path to: C:\Users\pc\.stmcufinder\plugins\mcufinder//mcu/
2024-03-20 16:15:53,119 [WARN] DbFile:41 - Overriding database path with different value: C:\Users\pc\.stmcufinder\plugins\mcufinder/ => C:\Users\pc\.stmcufinder\plugins\mcufinder
2024-03-20 16:15:53,119 [WARN] DbFile:41 - Overriding database path with different value: C:\Users\pc\.stmcufinder\plugins\mcufinder/ => C:\Users\pc\.stmcufinder\plugins\mcufinder
2024-03-20 16:15:53,120 [INFO] CrossReferenceDbSqlite:203 - Set database path to: C:\Users\pc\.stmcufinder\plugins\mcufinder//mcu/cs/
2024-03-20 16:15:53,134 [INFO] ApplicationProperties:184 - Using Application install path: C:\ST\STM32CubeIDE_1.14.0\STM32CubeIDE\plugins\com.st.stm32cube.common.mx_6.10.0.202311202037
2024-03-20 16:15:53,135 [INFO] PluginManage:196 - Search for loadable plugins [exclusion list=, ]
2024-03-20 16:15:53,136 [INFO] PluginManage:310 - Check plugin analytics
2024-03-20 16:15:58,197 [INFO] AnalyticsPlugin:253 - Accepted Software Licenses: STM32CubeMX.6.8.1,STM32CubeMX.6.9.1
2024-03-20 16:15:58,197 [INFO] AnalyticsPlugin:255 - Accepted CMSIS Pack Licenses: 
2024-03-20 16:15:58,198 [INFO] AnalyticsPlugin:257 - Accepted Firmware Licenses: FW.F4.1.27.0
2024-03-20 16:15:58,199 [INFO] PluginManage:359 - Loaded plugin analytics (category:tool,tabindex:-1)
2024-03-20 16:15:58,199 [INFO] PluginManage:310 - Check plugin cadmodel
2024-03-20 16:15:58,212 [INFO] CADModel:105 - Init CAD model plugin
2024-03-20 16:15:58,213 [INFO] PluginManage:359 - Loaded plugin cadmodel (category:power,tabindex:5)
2024-03-20 16:15:58,213 [INFO] PluginManage:310 - Check plugin clock
2024-03-20 16:15:58,226 [INFO] PluginManage:359 - Loaded plugin clock (category:base,tabindex:2)
2024-03-20 16:15:58,226 [INFO] PluginManage:310 - Check plugin ddr
2024-03-20 16:15:58,228 [INFO] PluginManage:359 - Loaded plugin ddr (category:tool,tabindex:6)
2024-03-20 16:15:58,228 [INFO] PluginManage:310 - Check plugin filemanager
2024-03-20 16:15:58,325 [INFO] PluginManage:359 - Loaded plugin filemanager (category:base,tabindex:10)
2024-03-20 16:15:58,325 [INFO] PluginManage:310 - Check plugin ipmanager
2024-03-20 16:15:58,331 [INFO] PluginManage:359 - Loaded plugin ipmanager (category:base,tabindex:5)
2024-03-20 16:15:58,331 [INFO] PluginManage:310 - Check plugin lpbam
2024-03-20 16:15:58,344 [INFO] PluginManage:359 - Loaded plugin lpbam (category:base,tabindex:0)
2024-03-20 16:15:58,344 [INFO] PluginManage:310 - Check plugin memorymap
2024-03-20 16:15:58,363 [INFO] PluginManage:359 - Loaded plugin memorymap (category:base,tabindex:4)
2024-03-20 16:15:58,363 [INFO] PluginManage:310 - Check plugin pinoutandconfiguration
2024-03-20 16:15:58,375 [INFO] PluginManage:359 - Loaded plugin pinoutandconfiguration (category:base,tabindex:1)
2024-03-20 16:15:58,375 [INFO] PluginManage:310 - Check plugin pinoutconfig
2024-03-20 16:15:58,460 [WARN] SupportedApi:132 - Cannot load RTOS API schema: s4s-elt-must-match.1: The content of 'definitions' must match (annotation?, (simpleType | complexType)?, (unique | key | keyref)*)). A problem was found starting at: attribute.
2024-03-20 16:15:58,571 [INFO] PluginManage:359 - Loaded plugin pinoutconfig (category:base,tabindex:0)
2024-03-20 16:15:58,571 [INFO] PluginManage:310 - Check plugin power
2024-03-20 16:15:58,590 [INFO] PluginManage:359 - Loaded plugin power (category:power,tabindex:4)
2024-03-20 16:15:58,590 [INFO] PluginManage:310 - Check plugin projectmanager
2024-03-20 16:15:58,603 [INFO] PluginManage:359 - Loaded plugin projectmanager (category:projectmanager,tabindex:3)
2024-03-20 16:15:58,603 [INFO] PluginManage:310 - Check plugin thirdparty
2024-03-20 16:15:58,810 [INFO] PluginManage:359 - Loaded plugin thirdparty (category:base,tabindex:-1)
2024-03-20 16:15:58,810 [WARN] IntegrityCheckThread:84 - waiting for thirdparty lock release [integrity check]
2024-03-20 16:15:58,811 [INFO] PluginManage:310 - Check plugin tools
2024-03-20 16:15:58,811 [INFO] IntegrityCheckThread:86 - entering critical section [integrity check]
2024-03-20 16:15:58,811 [INFO] ThirdPartyUpdaterWithRetryManager:70 - Updater plugin not ready yet. [1/15]
2024-03-20 16:15:58,835 [INFO] PluginManage:359 - Loaded plugin tools (category:base,tabindex:7)
2024-03-20 16:15:58,836 [INFO] PluginManage:310 - Check plugin tutovideos
2024-03-20 16:15:58,982 [INFO] PluginManage:359 - Loaded plugin tutovideos (category:base,tabindex:-1)
2024-03-20 16:15:58,982 [INFO] PluginManage:310 - Check plugin updater
2024-03-20 16:15:58,991 [INFO] PluginManage:359 - Loaded plugin updater (category:base,tabindex:12)
2024-03-20 16:15:58,991 [INFO] PluginManage:310 - Check plugin userauth
2024-03-20 16:15:58,995 [INFO] UserAuth:114 - Init User Auth plugin
2024-03-20 16:15:58,995 [INFO] PluginManage:359 - Loaded plugin userauth (category:base,tabindex:14)
2024-03-20 16:15:58,996 [INFO] PluginManage:283 - PluginManage : Loaded plugins [17]
2024-03-20 16:15:59,167 [INFO] PinOutPanel:1499 - setPackage(No Configuration,No Configuration)
2024-03-20 16:15:59,218 [INFO] CADModel:165 - CPN selected for project level
2024-03-20 16:15:59,218 [INFO] CADModel:114 - Register for checkConnection events
2024-03-20 16:15:59,239 [INFO] IPUIPlugin:80 - create IPUIPlugin
2024-03-20 16:15:59,239 [INFO] PluginManager:220 - loadIPPluginJar : add adc
2024-03-20 16:15:59,264 [INFO] IPUIPlugin:80 - create IPUIPlugin
2024-03-20 16:15:59,264 [INFO] PluginManager:220 - loadIPPluginJar : add aes
2024-03-20 16:15:59,292 [INFO] IPUIPlugin:80 - create IPUIPlugin
2024-03-20 16:15:59,292 [INFO] PluginManager:220 - loadIPPluginJar : add can
2024-03-20 16:15:59,309 [INFO] IPUIPlugin:80 - create IPUIPlugin
2024-03-20 16:15:59,310 [INFO] PluginManager:220 - loadIPPluginJar : add comp
2024-03-20 16:15:59,332 [INFO] IPUIPlugin:80 - create IPUIPlugin
2024-03-20 16:15:59,333 [INFO] PluginManager:220 - loadIPPluginJar : add cryp
2024-03-20 16:15:59,353 [INFO] IPUIPlugin:80 - create IPUIPlugin
2024-03-20 16:15:59,353 [INFO] PluginManager:220 - loadIPPluginJar : add dfsdm
2024-03-20 16:15:59,364 [INFO] IPUIPlugin:80 - create IPUIPlugin
2024-03-20 16:15:59,364 [INFO] PluginManager:220 - loadIPPluginJar : add dma
2024-03-20 16:15:59,393 [INFO] IPUIPlugin:80 - create IPUIPlugin
2024-03-20 16:15:59,393 [INFO] PluginManager:220 - loadIPPluginJar : add dma3
2024-03-20 16:15:59,409 [INFO] IPUIPlugin:80 - create IPUIPlugin
2024-03-20 16:15:59,409 [INFO] PluginManager:220 - loadIPPluginJar : add fatfs
2024-03-20 16:15:59,442 [INFO] IPUIPlugin:80 - create IPUIPlugin
2024-03-20 16:15:59,442 [INFO] PluginManager:220 - loadIPPluginJar : add fmc
2024-03-20 16:15:59,455 [INFO] IPUIPlugin:80 - create IPUIPlugin
2024-03-20 16:15:59,455 [INFO] PluginManager:220 - loadIPPluginJar : add freertos
2024-03-20 16:15:59,471 [INFO] IPUIPlugin:80 - create IPUIPlugin
2024-03-20 16:15:59,472 [INFO] PluginManager:220 - loadIPPluginJar : add genericplugin
2024-03-20 16:15:59,537 [INFO] IPUIPlugin:80 - create IPUIPlugin
2024-03-20 16:15:59,537 [INFO] PluginManager:220 - loadIPPluginJar : add gfxmmu
2024-03-20 16:15:59,622 [INFO] IPUIPlugin:80 - create IPUIPlugin
2024-03-20 16:15:59,622 [INFO] PluginManager:220 - loadIPPluginJar : add gic
2024-03-20 16:15:59,632 [INFO] IPUIPlugin:80 - create IPUIPlugin
2024-03-20 16:15:59,632 [INFO] PluginManager:220 - loadIPPluginJar : add gpio
2024-03-20 16:15:59,700 [INFO] IPUIPlugin:80 - create IPUIPlugin
2024-03-20 16:15:59,700 [INFO] PluginManager:220 - loadIPPluginJar : add gtzc
2024-03-20 16:15:59,722 [INFO] IPUIPlugin:80 - create IPUIPlugin
2024-03-20 16:15:59,722 [INFO] PluginManager:220 - loadIPPluginJar : add hash
2024-03-20 16:15:59,756 [INFO] IPUIPlugin:80 - create IPUIPlugin
2024-03-20 16:15:59,756 [INFO] PluginManager:220 - loadIPPluginJar : add i2c
2024-03-20 16:15:59,784 [INFO] IPUIPlugin:80 - create IPUIPlugin
2024-03-20 16:15:59,784 [INFO] PluginManager:220 - loadIPPluginJar : add i2s
2024-03-20 16:15:59,818 [INFO] IPUIPlugin:80 - create IPUIPlugin
2024-03-20 16:15:59,818 [INFO] PluginManager:220 - loadIPPluginJar : add i3c
2024-03-20 16:15:59,896 [INFO] IPUIPlugin:80 - create IPUIPlugin
2024-03-20 16:15:59,896 [INFO] PluginManager:220 - loadIPPluginJar : add ipddr
2024-03-20 16:15:59,955 [INFO] IPUIPlugin:80 - create IPUIPlugin
2024-03-20 16:15:59,955 [INFO] PluginManager:220 - loadIPPluginJar : add linkedlist
2024-03-20 16:15:59,979 [INFO] IPUIPlugin:80 - create IPUIPlugin
2024-03-20 16:15:59,979 [INFO] PluginManager:220 - loadIPPluginJar : add lorawan
2024-03-20 16:16:00,003 [INFO] IPUIPlugin:80 - create IPUIPlugin
2024-03-20 16:16:00,003 [INFO] PluginManager:220 - loadIPPluginJar : add ltdc
2024-03-20 16:16:00,016 [INFO] IPUIPlugin:80 - create IPUIPlugin
2024-03-20 16:16:00,016 [INFO] PluginManager:220 - loadIPPluginJar : add mdma
2024-03-20 16:16:00,025 [INFO] IPUIPlugin:80 - create IPUIPlugin
2024-03-20 16:16:00,025 [INFO] PluginManager:220 - loadIPPluginJar : add nvic
2024-03-20 16:16:00,050 [INFO] IPUIPlugin:80 - create IPUIPlugin
2024-03-20 16:16:00,050 [INFO] PluginManager:220 - loadIPPluginJar : add opamp
2024-03-20 16:16:00,090 [INFO] IPUIPlugin:80 - create IPUIPlugin
2024-03-20 16:16:00,090 [INFO] PluginManager:220 - loadIPPluginJar : add openamp
2024-03-20 16:16:00,119 [INFO] IPUIPlugin:80 - create IPUIPlugin
2024-03-20 16:16:00,119 [INFO] PluginManager:220 - loadIPPluginJar : add pdm2pcm
2024-03-20 16:16:00,129 [INFO] IPUIPlugin:80 - create IPUIPlugin
2024-03-20 16:16:00,130 [INFO] PluginManager:220 - loadIPPluginJar : add plateformsettings
2024-03-20 16:16:00,146 [INFO] IPUIPlugin:80 - create IPUIPlugin
2024-03-20 16:16:00,146 [INFO] PluginManager:220 - loadIPPluginJar : add quadspi
2024-03-20 16:16:00,154 [INFO] IPUIPlugin:80 - create IPUIPlugin
2024-03-20 16:16:00,154 [INFO] PluginManager:220 - loadIPPluginJar : add resmgrutility
2024-03-20 16:16:00,187 [INFO] IPUIPlugin:80 - create IPUIPlugin
2024-03-20 16:16:00,187 [INFO] PluginManager:220 - loadIPPluginJar : add sai
2024-03-20 16:16:00,212 [INFO] IPUIPlugin:80 - create IPUIPlugin
2024-03-20 16:16:00,212 [INFO] PluginManager:220 - loadIPPluginJar : add spi
2024-03-20 16:16:00,259 [INFO] IPUIPlugin:80 - create IPUIPlugin
2024-03-20 16:16:00,259 [INFO] PluginManager:220 - loadIPPluginJar : add stm32_wpan
2024-03-20 16:16:00,274 [INFO] IPUIPlugin:80 - create IPUIPlugin
2024-03-20 16:16:00,274 [INFO] PluginManager:220 - loadIPPluginJar : add tim
2024-03-20 16:16:00,311 [INFO] IPUIPlugin:80 - create IPUIPlugin
2024-03-20 16:16:00,311 [INFO] PluginManager:220 - loadIPPluginJar : add touchsensing
2024-03-20 16:16:00,326 [INFO] IPUIPlugin:80 - create IPUIPlugin
2024-03-20 16:16:00,326 [INFO] PluginManager:220 - loadIPPluginJar : add tracer_emb
2024-03-20 16:16:00,341 [INFO] IPUIPlugin:80 - create IPUIPlugin
2024-03-20 16:16:00,341 [INFO] PluginManager:220 - loadIPPluginJar : add ts
2024-03-20 16:16:00,355 [INFO] IPUIPlugin:80 - create IPUIPlugin
2024-03-20 16:16:00,355 [INFO] PluginManager:220 - loadIPPluginJar : add tsc
2024-03-20 16:16:00,370 [INFO] IPUIPlugin:80 - create IPUIPlugin
2024-03-20 16:16:00,370 [INFO] PluginManager:220 - loadIPPluginJar : add ucpd
2024-03-20 16:16:00,398 [INFO] IPUIPlugin:80 - create IPUIPlugin
2024-03-20 16:16:00,398 [INFO] PluginManager:220 - loadIPPluginJar : add usart
2024-03-20 16:16:00,427 [INFO] IPUIPlugin:80 - create IPUIPlugin
2024-03-20 16:16:00,427 [INFO] PluginManager:220 - loadIPPluginJar : add usbx
2024-03-20 16:16:00,534 [INFO] CADModel:165 - CPN selected for project level
2024-03-20 16:16:00,534 [INFO] CADModel:114 - Register for checkConnection events
2024-03-20 16:16:00,534 [FATAL] Updater:308 - Updater called before beeing initialized
2024-03-20 16:16:00,534 [ERROR] CADModel:125 - Updater not yet initialized, retry later 
2024-03-20 16:16:00,641 [INFO] CADModel:165 - CPN selected for project level
2024-03-20 16:16:00,641 [INFO] CADModel:114 - Register for checkConnection events
2024-03-20 16:16:00,641 [FATAL] Updater:308 - Updater called before beeing initialized
2024-03-20 16:16:00,641 [ERROR] CADModel:125 - Updater not yet initialized, retry later 
2024-03-20 16:16:00,643 [FATAL] Updater:308 - Updater called before beeing initialized
2024-03-20 16:16:00,713 [FATAL] Updater:308 - Updater called before beeing initialized
2024-03-20 16:16:00,721 [INFO] DbMcusAds:53 - JSON generation date=Wed Nov 29 18:52:27 CST 2023 (1701255147349)
2024-03-20 16:16:00,722 [FATAL] Updater:308 - Updater called before beeing initialized
2024-03-20 16:16:00,786 [WARN] DetailPanel:346 - Failed to get advertising image, set to default
2024-03-20 16:16:00,849 [FATAL] Updater:308 - Updater called before beeing initialized
2024-03-20 16:16:00,851 [FATAL] Updater:308 - Updater called before beeing initialized
2024-03-20 16:16:00,851 [FATAL] Updater:308 - Updater called before beeing initialized
2024-03-20 16:16:00,851 [WARN] DetailPanel:346 - Failed to get advertising image, set to default
2024-03-20 16:16:00,852 [FATAL] Updater:308 - Updater called before beeing initialized
2024-03-20 16:16:00,894 [ERROR] Updater:1120 - MainUpdater not yet initialized. External WinMGr cannot be set.
2024-03-20 16:16:00,901 [INFO] Updater:1056 - Updater Version found : 6.10.0
2024-03-20 16:16:00,916 [INFO] ApplicationProperties:184 - Using Application install path: C:\ST\STM32CubeIDE_1.14.0\STM32CubeIDE\plugins\com.st.stm32cube.common.mx_6.10.0.202311202037
2024-03-20 16:16:00,965 [INFO] MainUpdater:526 - Copy updater definitions from MX database
2024-03-20 16:16:01,123 [INFO] MainUpdater:2873 - connection check result : 10
2024-03-20 16:16:01,123 [INFO] MainUpdater:3567 - Updater definition file requires update
2024-03-20 16:16:01,124 [INFO] MainUpdater:290 - Updater Check For Update Now.
2024-03-20 16:16:01,124 [INFO] MicroXplorer:498 - Change Database Version : DB.6.0.100
2024-03-20 16:16:01,135 [INFO] McuFinderGlobals:63 - Set McuFinder mode to 2 (CubeIDE integrated)
2024-03-20 16:16:01,135 [INFO] UserAuth:180 - activating auth plugin
2024-03-20 16:16:01,137 [INFO] UserAuth:404 - Internet connection configuration mode: 1
2024-03-20 16:16:01,155 [INFO] JxBrowserEngine:152 - Initiate JxBrowser Engine with user profile folder
2024-03-20 16:16:01,156 [INFO] ServerAccessManage:473 - Download File updaters.zip
2024-03-20 16:16:01,207 [INFO] FileExtend:240 - Unzip File : updaters.zip
2024-03-20 16:16:01,207 [INFO] FileExtend:255 - Standard Zip Deflate
2024-03-20 16:16:01,483 [INFO] ServerAccessManage:473 - Download File PacksControlFlags.xml
2024-03-20 16:16:01,529 [INFO] ServerAccessManage:473 - Download File cubemx.pidx
2024-03-20 16:16:01,627 [INFO] LoadServerUpdatesThread:375 - End of LoadServerUpdate Thread
2024-03-20 16:16:01,771 [INFO] CheckServerUpdateThread:120 - End of CheckServer Thread
2024-03-20 16:16:01,957 [WARN] PackLoader:240 - Cannot read IP mode file for STMicroelectronics.X-CUBE-SMBUS.2.1.0
2024-03-20 16:16:01,969 [WARN] PackLoader:240 - Cannot read IP mode file for STMicroelectronics.X-CUBE-TOUCHGFX.4.23.0
2024-03-20 16:16:01,997 [WARN] PackLoader:240 - Cannot read IP mode file for STMicroelectronics.X-CUBE-AZRTOS-F7.1.1.0
2024-03-20 16:16:02,012 [WARN] PackLoader:240 - Cannot read IP mode file for STMicroelectronics.FP-SNS-MOTENV1.4.3.2
2024-03-20 16:16:02,024 [ERROR] RealEvaluatedCondition:428 - Found unsupported composite condition: CLASS='Data Exchange' GROUP='STM32_MetaDataManager'
2024-03-20 16:16:02,024 [ERROR] RealEvaluatedCondition:428 - Found unsupported composite condition: GROUP='STM32_MetaDataManager' CLASS='Data Exchange'
2024-03-20 16:16:02,025 [WARN] PackLoader:240 - Cannot read IP mode file for STMicroelectronics.FP-SNS-MOTENV1.4.3.1
2024-03-20 16:16:02,036 [WARN] PackLoader:240 - Cannot read IP mode file for STMicroelectronics.FP-SNS-FLIGHT1.5.0.1
2024-03-20 16:16:02,048 [WARN] PackLoader:240 - Cannot read IP mode file for STMicroelectronics.X-CUBE-BLE1.6.2.4
2024-03-20 16:16:02,057 [WARN] PackLoader:240 - Cannot read IP mode file for STMicroelectronics.FP-SNS-FLIGHT1.5.0.2
2024-03-20 16:16:02,072 [WARN] PackLoader:240 - Cannot read IP mode file for STMicroelectronics.X-CUBE-DISPLAY.3.0.0
2024-03-20 16:16:02,086 [WARN] PackLoader:240 - Cannot read IP mode file for STMicroelectronics.X-CUBE-BLE1.7.0.0
2024-03-20 16:16:02,096 [WARN] PackLoader:240 - Cannot read IP mode file for STMicroelectronics.X-CUBE-TOUCHGFX.4.22.0
2024-03-20 16:16:02,104 [WARN] PackLoader:240 - Cannot read IP mode file for STMicroelectronics.X-CUBE-TOUCHGFX.4.22.1
2024-03-20 16:16:02,120 [WARN] PackLoader:240 - Cannot read IP mode file for STMicroelectronics.X-CUBE-BLEMGR.3.1.0
2024-03-20 16:16:02,132 [WARN] PackLoader:240 - Cannot read IP mode file for STMicroelectronics.FP-SNS-SMARTAG2.1.2.0
2024-03-20 16:16:02,150 [INFO] LogOutputStream:77 - [STDOUT_REDIRECT] 1 : Invalid condition id : UX_CORESTACK_Condition cause : null
2024-03-20 16:16:02,151 [INFO] LogOutputStream:77 - [STDOUT_REDIRECT] 1 : Invalid condition id : UX_CORESTACK_Condition cause : null
2024-03-20 16:16:02,151 [INFO] LogOutputStream:77 - [STDOUT_REDIRECT] 1 : Invalid condition id : UX_CORESTACK_Condition cause : null
2024-03-20 16:16:02,152 [INFO] LogOutputStream:77 - [STDOUT_REDIRECT] 1 : Invalid condition id : UX_CORESTACK_Condition cause : null
2024-03-20 16:16:02,153 [INFO] LogOutputStream:77 - [STDOUT_REDIRECT] 1 : Invalid condition id : UX_CORESTACK_Condition cause : null
2024-03-20 16:16:02,156 [WARN] PackLoader:240 - Cannot read IP mode file for STMicroelectronics.X-CUBE-AZRTOS-WL.2.0.0
2024-03-20 16:16:02,171 [WARN] PackLoader:240 - Cannot read IP mode file for WES.I-CUBE-Cesium.1.3.0
2024-03-20 16:16:02,181 [WARN] PackLoader:240 - Cannot read IP mode file for STMicroelectronics.X-CUBE-BLE2.3.3.0
2024-03-20 16:16:02,189 [WARN] PackLoader:240 - Cannot read IP mode file for STMicroelectronics.X-CUBE-TOUCHGFX.4.21.4
2024-03-20 16:16:02,198 [WARN] PackLoader:240 - Cannot read IP mode file for STMicroelectronics.X-CUBE-ALGOBUILD.1.3.0
2024-03-20 16:16:02,219 [WARN] PackLoader:240 - Cannot read IP mode file for STMicroelectronics.X-CUBE-AZRTOS-G0.1.1.0
2024-03-20 16:16:02,231 [WARN] PackLoader:240 - Cannot read IP mode file for STMicroelectronics.X-CUBE-NFC4.3.0.0
2024-03-20 16:16:02,243 [WARN] PackLoader:240 - Cannot read IP mode file for STMicroelectronics.X-CUBE-BLEMGR.3.0.0
2024-03-20 16:16:02,253 [WARN] PackLoader:240 - Cannot read IP mode file for STMicroelectronics.FP-ATR-SIGFOX1.3.2.0
2024-03-20 16:16:02,262 [WARN] PackLoader:240 - Cannot read IP mode file for STMicroelectronics.X-CUBE-EEPRMA1.5.1.0
2024-03-20 16:16:02,292 [WARN] PackLoader:240 - Cannot read IP mode file for SEGGER.I-CUBE-embOS.1.3.1
2024-03-20 16:16:02,334 [WARN] PackLoader:240 - Cannot read IP mode file for STMicroelectronics.X-CUBE-GNSS1.6.0.0
2024-03-20 16:16:02,359 [WARN] PackLoader:240 - Cannot read IP mode file for STMicroelectronics.X-CUBE-AZRTOS-F4.1.1.0
2024-03-20 16:16:02,375 [WARN] PackLoader:240 - Cannot read IP mode file for wolfSSL.I-CUBE-wolfSSL.5.6.0
2024-03-20 16:16:02,399 [WARN] PackLoader:240 - Cannot read IP mode file for STMicroelectronics.X-CUBE-AZRTOS-L5.2.0.0
2024-03-20 16:16:02,440 [WARN] PackLoader:240 - Cannot read IP mode file for STMicroelectronics.X-CUBE-MEMS1.9.6.0
2024-03-20 16:16:02,557 [WARN] PackLoader:240 - Cannot read IP mode file for STMicroelectronics.X-CUBE-EEPRMA1.4.2.0
2024-03-20 16:16:02,574 [WARN] PackLoader:240 - Cannot read IP mode file for STMicroelectronics.X-CUBE-NFC6.3.1.0
2024-03-20 16:16:02,588 [WARN] PackLoader:240 - Cannot read IP mode file for ITTIA_DB.I-CUBE-ITTIADB.8.8.0
2024-03-20 16:16:02,601 [WARN] PackLoader:240 - Cannot read IP mode file for emotas.I-CUBE-CANOPEN.1.1.3
2024-03-20 16:16:02,613 [WARN] PackLoader:240 - Cannot read IP mode file for STMicroelectronics.X-CUBE-BLEMGR.2.0.0
2024-03-20 16:16:02,639 [WARN] ConditionMgr:438 - getConditionDescription Invalid condition id : UX DEVICE CLASS RTOS Condition cause : null
2024-03-20 16:16:02,639 [WARN] ConditionMgr:438 - getConditionDescription Invalid condition id : UX DEVICE CLASS RTOS Condition cause : null
2024-03-20 16:16:02,642 [WARN] PackLoader:240 - Cannot read IP mode file for STMicroelectronics.X-CUBE-AZRTOS-H7.3.1.0
2024-03-20 16:16:02,643 [WARN] ConditionMgr:1039 - genDependencies : Invalid condition id : UX DEVICE CLASS RTOS Condition cause : null
2024-03-20 16:16:02,643 [WARN] ConditionMgr:1039 - genDependencies : Invalid condition id : UX DEVICE CLASS RTOS Condition cause : null
2024-03-20 16:16:02,643 [WARN] ConditionMgr:1039 - genDependencies : Invalid condition id : UX DEVICE CLASS RTOS Condition cause : null
2024-03-20 16:16:02,643 [WARN] ConditionMgr:1039 - genDependencies : Invalid condition id : UX DEVICE CLASS RTOS Condition cause : null
2024-03-20 16:16:02,643 [WARN] ConditionMgr:1039 - genDependencies : Invalid condition id : UX DEVICE CLASS RTOS Condition cause : null
2024-03-20 16:16:02,658 [WARN] PackLoader:240 - Cannot read IP mode file for STMicroelectronics.X-CUBE-NFC7.1.0.1
2024-03-20 16:16:02,668 [WARN] PackLoader:240 - Cannot read IP mode file for STMicroelectronics.X-CUBE-NFC7.1.0.0
2024-03-20 16:16:02,682 [WARN] PackLoader:240 - Cannot read IP mode file for STMicroelectronics.X-CUBE-NFC6.3.0.0
2024-03-20 16:16:02,695 [WARN] PackLoader:240 - Cannot read IP mode file for STMicroelectronics.X-CUBE-EEPRMA1.4.1.0
2024-03-20 16:16:02,706 [WARN] PackLoader:240 - Cannot read IP mode file for STMicroelectronics.X-CUBE-AI.8.1.0
2024-03-20 16:16:02,730 [WARN] ConditionMgr:438 - getConditionDescription Invalid condition id : LAN8742 Phy interface Condition cause : null
2024-03-20 16:16:02,731 [WARN] PackLoader:240 - Cannot read IP mode file for STMicroelectronics.X-CUBE-AZRTOS-L4.2.0.0
2024-03-20 16:16:02,732 [WARN] ConditionMgr:1039 - genDependencies : Invalid condition id : LAN8742 Phy interface Condition cause : null
2024-03-20 16:16:02,733 [WARN] ConditionMgr:1039 - genDependencies : Invalid condition id : LAN8742 Phy interface Condition cause : null
2024-03-20 16:16:02,733 [WARN] ConditionMgr:1039 - genDependencies : Invalid condition id : LAN8742 Phy interface Condition cause : null
2024-03-20 16:16:02,746 [WARN] PackLoader:240 - Cannot read IP mode file for STMicroelectronics.X-CUBE-SFXS2LP1.4.0.0
2024-03-20 16:16:02,759 [WARN] PackLoader:240 - Cannot read IP mode file for STMicroelectronics.X-CUBE-ISPU.1.1.0
2024-03-20 16:16:02,779 [WARN] ConditionMgr:438 - getConditionDescription Invalid condition id : UX DEVICE CLASS RTOS Condition cause : null
2024-03-20 16:16:02,780 [WARN] ConditionMgr:438 - getConditionDescription Invalid condition id : UX DEVICE CLASS RTOS Condition cause : null
2024-03-20 16:16:02,781 [WARN] PackLoader:240 - Cannot read IP mode file for STMicroelectronics.X-CUBE-AZRTOS-WB.2.0.0
2024-03-20 16:16:02,782 [WARN] ConditionMgr:1039 - genDependencies : Invalid condition id : UX DEVICE CLASS RTOS Condition cause : null
2024-03-20 16:16:02,782 [WARN] ConditionMgr:1039 - genDependencies : Invalid condition id : UX DEVICE CLASS RTOS Condition cause : null
2024-03-20 16:16:02,782 [WARN] ConditionMgr:1039 - genDependencies : Invalid condition id : UX DEVICE CLASS RTOS Condition cause : null
2024-03-20 16:16:02,782 [WARN] ConditionMgr:1039 - genDependencies : Invalid condition id : UX DEVICE CLASS RTOS Condition cause : null
2024-03-20 16:16:02,783 [WARN] ConditionMgr:1039 - genDependencies : Invalid condition id : UX DEVICE CLASS RTOS Condition cause : null
2024-03-20 16:16:02,793 [WARN] PackLoader:240 - Cannot read IP mode file for STMicroelectronics.X-CUBE-FREERTOS.1.0.1
2024-03-20 16:16:02,818 [WARN] PackLoader:240 - Cannot read IP mode file for STMicroelectronics.X-CUBE-AZRTOS-L5.1.1.0
2024-03-20 16:16:02,834 [WARN] PackLoader:240 - Cannot read IP mode file for STMicroelectronics.X-CUBE-AI.8.0.1
2024-03-20 16:16:02,855 [WARN] PackLoader:240 - Cannot read IP mode file for STMicroelectronics.X-CUBE-SUBG2.5.0.0
2024-03-20 16:16:02,882 [WARN] PackLoader:240 - Cannot read IP mode file for STMicroelectronics.X-CUBE-TOF1.3.3.1
2024-03-20 16:16:02,923 [WARN] PackLoader:240 - Cannot read IP mode file for STMicroelectronics.X-CUBE-AZRTOS-G4.2.0.0
2024-03-20 16:16:02,942 [WARN] PackLoader:240 - Cannot read IP mode file for STMicroelectronics.X-CUBE-TOF1.3.3.0
2024-03-20 16:16:02,964 [WARN] PackLoader:240 - Cannot read IP mode file for Infineon.AIROC-Wi-Fi-Bluetooth-STM32.1.5.1
2024-03-20 16:16:02,977 [WARN] PackLoader:240 - Cannot read IP mode file for STMicroelectronics.FP-SNS-MOTENVWB1.1.3.0
2024-03-20 16:16:02,987 [WARN] PackLoader:240 - Cannot read IP mode file for STMicroelectronics.FP-SNS-MOTENVWB1.1.3.1
2024-03-20 16:16:02,997 [WARN] PackLoader:240 - Cannot read IP mode file for STMicroelectronics.X-CUBE-ISPU.2.0.0
2024-03-20 16:16:03,029 [WARN] PackLoader:240 - Cannot read IP mode file for STMicroelectronics.X-CUBE-MEMS1.10.0.0
2024-03-20 16:16:03,094 [WARN] PackLoader:240 - Cannot read IP mode file for STMicroelectronics.X-CUBE-FREERTOS.1.1.0
2024-03-20 16:16:03,104 [WARN] PackLoader:240 - Cannot read IP mode file for portGmbH.I-Cube-SoM-uGOAL.1.1.0
2024-03-20 16:16:03,115 [WARN] PackLoader:240 - Cannot read IP mode file for STMicroelectronics.X-CUBE-ALS.1.0.1
2024-03-20 16:16:03,133 [WARN] PackLoader:240 - Cannot read IP mode file for STMicroelectronics.X-CUBE-AZRTOS-WB.1.1.0
2024-03-20 16:16:03,144 [WARN] PackLoader:240 - Cannot read IP mode file for STMicroelectronics.FP-ATR-ASTRA1.2.0.0
2024-03-20 16:16:03,158 [WARN] PackLoader:240 - Cannot read IP mode file for STMicroelectronics.X-CUBE-TOF1.3.4.0
2024-03-20 16:16:03,176 [WARN] PackLoader:240 - Cannot read IP mode file for STMicroelectronics.X-CUBE-TOF1.3.4.1
2024-03-20 16:16:03,204 [WARN] PackLoader:240 - Cannot read IP mode file for STMicroelectronics.X-CUBE-AZRTOS-H7.3.2.0
2024-03-20 16:16:03,206 [INFO] ThirdParty:978 - Integrity check success = true
2024-03-20 16:16:03,206 [INFO] IntegrityCheckThread:100 - exiting critical section [integrity check]
2024-03-20 16:16:03,206 [INFO] IntegrityCheckThread:103 - End integrity checks thread
2024-03-20 16:16:04,214 [INFO] WebApp:161 - Instantiating new browser for Auth
2024-03-20 16:16:04,721 [INFO] WebApp:780 - Register for checkConnection events
2024-03-20 16:16:04,721 [INFO] WebApp:414 - Apply proxy settings
2024-03-20 16:16:04,721 [INFO] WebApp:499 - Chromium requires no authentication
2024-03-20 16:16:04,726 [INFO] WebApp:442 - Direct internet connection detected
2024-03-20 16:16:04,851 [INFO] WebApp:192 - Starting web application
2024-03-20 16:16:04,851 [INFO] WebApp:544 - Web application path used C:\ST\STM32CubeIDE_1.14.0\STM32CubeIDE\plugins\com.st.stm32cube.common.mx_6.10.0.202311202037\db\plugins\mcufinder\reactClient1\index.html
2024-03-20 16:16:25,569 [ERROR] LogOutputStream:75 - [STDERR_REDIRECT] SLF4J: Failed to load class "org.slf4j.impl.StaticLoggerBinder".
2024-03-20 16:16:25,569 [ERROR] LogOutputStream:75 - [STDERR_REDIRECT] SLF4J: Defaulting to no-operation (NOP) logger implementation
2024-03-20 16:16:25,570 [ERROR] LogOutputStream:75 - [STDERR_REDIRECT] SLF4J: See http://www.slf4j.org/codes.html#StaticLoggerBinder for further details.
2024-03-20 17:13:10,495 [ERROR] LogOutputStream:75 - [STDERR_REDIRECT] 
2024-03-20 18:27:12,247 [INFO] Activator:176 - 


2024-03-20 18:27:12,248 [INFO] Activator:177 - !SESSION log4j initialized
2024-03-20 18:27:16,412 [INFO] LogOutputStream:77 - [STDOUT_REDIRECT] 
2024-03-20 18:27:22,247 [INFO] ApplicationProperties:184 - Using Application install path: C:\ST\STM32CubeIDE_1.14.0\STM32CubeIDE\plugins\com.st.stm32cube.common.mx_6.10.0.202311202037
2024-03-20 18:27:22,264 [INFO] DbMcusXml:78 - Set database path to: C:\ST\STM32CubeIDE_1.14.0\STM32CubeIDE\plugins\com.st.stm32cube.common.mx_6.10.0.202311202037\\db\/mcu/
2024-03-20 18:27:22,264 [INFO] ApiDb:274 - Set plugin database path to: C:\ST\STM32CubeIDE_1.14.0\STM32CubeIDE\plugins\com.st.stm32cube.common.mx_6.10.0.202311202037\\db\/plugins/boardmanager/
2024-03-20 18:27:22,264 [WARN] ApiDb:259 - Overriding images path with different value:  => C:\ST\STM32CubeIDE_1.14.0\STM32CubeIDE\plugins\com.st.stm32cube.common.mx_6.10.0.202311202037\\db\/plugins/mcufinder/images/
2024-03-20 18:27:22,273 [INFO] ApiDb:250 - Set database path to: C:\Users\pc\.stmcufinder\plugins\mcufinder//mcu/
2024-03-20 18:27:22,274 [INFO] DbMcusAds:125 - Set database path to: C:\Users\pc\.stmcufinder\plugins\mcufinder//mcu/
2024-03-20 18:27:22,276 [INFO] CrossReferenceDbSqlite:203 - Set database path to: C:\Users\pc\.stmcufinder\plugins\mcufinder//mcu/cs/
2024-03-20 18:27:22,366 [INFO] RulesReader:64 - Compatibility file has been processed (297 Rules)
2024-03-20 18:27:22,429 [INFO] DbMcusXml:78 - Set database path to: C:\ST\STM32CubeIDE_1.14.0\STM32CubeIDE\plugins\com.st.stm32cube.common.mx_6.10.0.202311202037\\db\/mcu/
2024-03-20 18:27:22,429 [INFO] ApiDb:274 - Set plugin database path to: C:\ST\STM32CubeIDE_1.14.0\STM32CubeIDE\plugins\com.st.stm32cube.common.mx_6.10.0.202311202037\\db\/plugins/boardmanager/
2024-03-20 18:27:22,429 [INFO] ApiDb:261 - Set plugin images path to: C:\ST\STM32CubeIDE_1.14.0\STM32CubeIDE\plugins\com.st.stm32cube.common.mx_6.10.0.202311202037\\db\/plugins/mcufinder/images/
2024-03-20 18:27:22,430 [WARN] DbFile:41 - Overriding database path with different value: C:\Users\pc\.stmcufinder\plugins\mcufinder/ => C:\Users\pc\.stmcufinder\plugins\mcufinder
2024-03-20 18:27:22,430 [INFO] ApiDb:250 - Set database path to: C:\Users\pc\.stmcufinder\plugins\mcufinder//mcu/
2024-03-20 18:27:22,430 [WARN] DbFile:41 - Overriding database path with different value: C:\Users\pc\.stmcufinder\plugins\mcufinder/ => C:\Users\pc\.stmcufinder\plugins\mcufinder
2024-03-20 18:27:22,430 [INFO] DbMcusAds:125 - Set database path to: C:\Users\pc\.stmcufinder\plugins\mcufinder//mcu/
2024-03-20 18:27:22,430 [WARN] DbFile:41 - Overriding database path with different value: C:\Users\pc\.stmcufinder\plugins\mcufinder/ => C:\Users\pc\.stmcufinder\plugins\mcufinder
2024-03-20 18:27:22,430 [WARN] DbFile:41 - Overriding database path with different value: C:\Users\pc\.stmcufinder\plugins\mcufinder/ => C:\Users\pc\.stmcufinder\plugins\mcufinder
2024-03-20 18:27:22,430 [INFO] CrossReferenceDbSqlite:203 - Set database path to: C:\Users\pc\.stmcufinder\plugins\mcufinder//mcu/cs/
2024-03-20 18:27:22,493 [INFO] MainPanel:264 - HeapMemory: 268435456
2024-03-20 18:27:22,588 [INFO] DbMcusXml:78 - Set database path to: C:\ST\STM32CubeIDE_1.14.0\STM32CubeIDE\plugins\com.st.stm32cube.common.mx_6.10.0.202311202037\\db\/mcu/
2024-03-20 18:27:22,589 [INFO] ApiDb:274 - Set plugin database path to: C:\ST\STM32CubeIDE_1.14.0\STM32CubeIDE\plugins\com.st.stm32cube.common.mx_6.10.0.202311202037\\db\/plugins/boardmanager/
2024-03-20 18:27:22,589 [INFO] ApiDb:261 - Set plugin images path to: C:\ST\STM32CubeIDE_1.14.0\STM32CubeIDE\plugins\com.st.stm32cube.common.mx_6.10.0.202311202037\\db\/plugins/mcufinder/images/
2024-03-20 18:27:22,589 [WARN] DbFile:41 - Overriding database path with different value: C:\Users\pc\.stmcufinder\plugins\mcufinder/ => C:\Users\pc\.stmcufinder\plugins\mcufinder
2024-03-20 18:27:22,589 [INFO] ApiDb:250 - Set database path to: C:\Users\pc\.stmcufinder\plugins\mcufinder//mcu/
2024-03-20 18:27:22,589 [WARN] DbFile:41 - Overriding database path with different value: C:\Users\pc\.stmcufinder\plugins\mcufinder/ => C:\Users\pc\.stmcufinder\plugins\mcufinder
2024-03-20 18:27:22,589 [INFO] DbMcusAds:125 - Set database path to: C:\Users\pc\.stmcufinder\plugins\mcufinder//mcu/
2024-03-20 18:27:22,589 [WARN] DbFile:41 - Overriding database path with different value: C:\Users\pc\.stmcufinder\plugins\mcufinder/ => C:\Users\pc\.stmcufinder\plugins\mcufinder
2024-03-20 18:27:22,589 [WARN] DbFile:41 - Overriding database path with different value: C:\Users\pc\.stmcufinder\plugins\mcufinder/ => C:\Users\pc\.stmcufinder\plugins\mcufinder
2024-03-20 18:27:22,589 [INFO] CrossReferenceDbSqlite:203 - Set database path to: C:\Users\pc\.stmcufinder\plugins\mcufinder//mcu/cs/
2024-03-20 18:27:22,604 [INFO] ApplicationProperties:184 - Using Application install path: C:\ST\STM32CubeIDE_1.14.0\STM32CubeIDE\plugins\com.st.stm32cube.common.mx_6.10.0.202311202037
2024-03-20 18:27:22,605 [INFO] PluginManage:196 - Search for loadable plugins [exclusion list=, ]
2024-03-20 18:27:22,606 [INFO] PluginManage:310 - Check plugin analytics
2024-03-20 18:27:27,661 [INFO] AnalyticsPlugin:253 - Accepted Software Licenses: STM32CubeMX.6.8.1,STM32CubeMX.6.9.1
2024-03-20 18:27:27,661 [INFO] AnalyticsPlugin:255 - Accepted CMSIS Pack Licenses: 
2024-03-20 18:27:27,661 [INFO] AnalyticsPlugin:257 - Accepted Firmware Licenses: FW.F4.1.27.0
2024-03-20 18:27:27,663 [INFO] PluginManage:359 - Loaded plugin analytics (category:tool,tabindex:-1)
2024-03-20 18:27:27,663 [INFO] PluginManage:310 - Check plugin cadmodel
2024-03-20 18:27:27,673 [INFO] CADModel:105 - Init CAD model plugin
2024-03-20 18:27:27,673 [INFO] PluginManage:359 - Loaded plugin cadmodel (category:power,tabindex:5)
2024-03-20 18:27:27,673 [INFO] PluginManage:310 - Check plugin clock
2024-03-20 18:27:27,687 [INFO] PluginManage:359 - Loaded plugin clock (category:base,tabindex:2)
2024-03-20 18:27:27,687 [INFO] PluginManage:310 - Check plugin ddr
2024-03-20 18:27:27,689 [INFO] PluginManage:359 - Loaded plugin ddr (category:tool,tabindex:6)
2024-03-20 18:27:27,689 [INFO] PluginManage:310 - Check plugin filemanager
2024-03-20 18:27:27,806 [INFO] PluginManage:359 - Loaded plugin filemanager (category:base,tabindex:10)
2024-03-20 18:27:27,806 [INFO] PluginManage:310 - Check plugin ipmanager
2024-03-20 18:27:27,811 [INFO] PluginManage:359 - Loaded plugin ipmanager (category:base,tabindex:5)
2024-03-20 18:27:27,811 [INFO] PluginManage:310 - Check plugin lpbam
2024-03-20 18:27:27,824 [INFO] PluginManage:359 - Loaded plugin lpbam (category:base,tabindex:0)
2024-03-20 18:27:27,824 [INFO] PluginManage:310 - Check plugin memorymap
2024-03-20 18:27:27,844 [INFO] PluginManage:359 - Loaded plugin memorymap (category:base,tabindex:4)
2024-03-20 18:27:27,844 [INFO] PluginManage:310 - Check plugin pinoutandconfiguration
2024-03-20 18:27:27,857 [INFO] PluginManage:359 - Loaded plugin pinoutandconfiguration (category:base,tabindex:1)
2024-03-20 18:27:27,857 [INFO] PluginManage:310 - Check plugin pinoutconfig
2024-03-20 18:27:27,930 [WARN] SupportedApi:132 - Cannot load RTOS API schema: s4s-elt-must-match.1: The content of 'definitions' must match (annotation?, (simpleType | complexType)?, (unique | key | keyref)*)). A problem was found starting at: attribute.
2024-03-20 18:27:28,040 [INFO] PluginManage:359 - Loaded plugin pinoutconfig (category:base,tabindex:0)
2024-03-20 18:27:28,040 [INFO] PluginManage:310 - Check plugin power
2024-03-20 18:27:28,054 [INFO] PluginManage:359 - Loaded plugin power (category:power,tabindex:4)
2024-03-20 18:27:28,054 [INFO] PluginManage:310 - Check plugin projectmanager
2024-03-20 18:27:28,066 [INFO] PluginManage:359 - Loaded plugin projectmanager (category:projectmanager,tabindex:3)
2024-03-20 18:27:28,067 [INFO] PluginManage:310 - Check plugin thirdparty
2024-03-20 18:27:28,244 [INFO] PluginManage:359 - Loaded plugin thirdparty (category:base,tabindex:-1)
2024-03-20 18:27:28,244 [WARN] IntegrityCheckThread:84 - waiting for thirdparty lock release [integrity check]
2024-03-20 18:27:28,244 [INFO] PluginManage:310 - Check plugin tools
2024-03-20 18:27:28,244 [INFO] IntegrityCheckThread:86 - entering critical section [integrity check]
2024-03-20 18:27:28,244 [INFO] ThirdPartyUpdaterWithRetryManager:70 - Updater plugin not ready yet. [1/15]
2024-03-20 18:27:28,268 [INFO] PluginManage:359 - Loaded plugin tools (category:base,tabindex:7)
2024-03-20 18:27:28,268 [INFO] PluginManage:310 - Check plugin tutovideos
2024-03-20 18:27:28,440 [INFO] PluginManage:359 - Loaded plugin tutovideos (category:base,tabindex:-1)
2024-03-20 18:27:28,440 [INFO] PluginManage:310 - Check plugin updater
2024-03-20 18:27:28,449 [INFO] PluginManage:359 - Loaded plugin updater (category:base,tabindex:12)
2024-03-20 18:27:28,449 [INFO] PluginManage:310 - Check plugin userauth
2024-03-20 18:27:28,454 [INFO] UserAuth:114 - Init User Auth plugin
2024-03-20 18:27:28,454 [INFO] PluginManage:359 - Loaded plugin userauth (category:base,tabindex:14)
2024-03-20 18:27:28,454 [INFO] PluginManage:283 - PluginManage : Loaded plugins [17]
2024-03-20 18:27:28,628 [INFO] PinOutPanel:1499 - setPackage(No Configuration,No Configuration)
2024-03-20 18:27:28,690 [INFO] CADModel:165 - CPN selected for project level
2024-03-20 18:27:28,690 [INFO] CADModel:114 - Register for checkConnection events
2024-03-20 18:27:28,715 [INFO] IPUIPlugin:80 - create IPUIPlugin
2024-03-20 18:27:28,715 [INFO] PluginManager:220 - loadIPPluginJar : add adc
2024-03-20 18:27:28,740 [INFO] IPUIPlugin:80 - create IPUIPlugin
2024-03-20 18:27:28,740 [INFO] PluginManager:220 - loadIPPluginJar : add aes
2024-03-20 18:27:28,767 [INFO] IPUIPlugin:80 - create IPUIPlugin
2024-03-20 18:27:28,767 [INFO] PluginManager:220 - loadIPPluginJar : add can
2024-03-20 18:27:28,781 [INFO] IPUIPlugin:80 - create IPUIPlugin
2024-03-20 18:27:28,782 [INFO] PluginManager:220 - loadIPPluginJar : add comp
2024-03-20 18:27:28,803 [INFO] IPUIPlugin:80 - create IPUIPlugin
2024-03-20 18:27:28,804 [INFO] PluginManager:220 - loadIPPluginJar : add cryp
2024-03-20 18:27:28,823 [INFO] IPUIPlugin:80 - create IPUIPlugin
2024-03-20 18:27:28,823 [INFO] PluginManager:220 - loadIPPluginJar : add dfsdm
2024-03-20 18:27:28,834 [INFO] IPUIPlugin:80 - create IPUIPlugin
2024-03-20 18:27:28,834 [INFO] PluginManager:220 - loadIPPluginJar : add dma
2024-03-20 18:27:28,862 [INFO] IPUIPlugin:80 - create IPUIPlugin
2024-03-20 18:27:28,862 [INFO] PluginManager:220 - loadIPPluginJar : add dma3
2024-03-20 18:27:28,875 [INFO] IPUIPlugin:80 - create IPUIPlugin
2024-03-20 18:27:28,875 [INFO] PluginManager:220 - loadIPPluginJar : add fatfs
2024-03-20 18:27:28,914 [INFO] IPUIPlugin:80 - create IPUIPlugin
2024-03-20 18:27:28,914 [INFO] PluginManager:220 - loadIPPluginJar : add fmc
2024-03-20 18:27:28,924 [INFO] IPUIPlugin:80 - create IPUIPlugin
2024-03-20 18:27:28,925 [INFO] PluginManager:220 - loadIPPluginJar : add freertos
2024-03-20 18:27:28,939 [INFO] IPUIPlugin:80 - create IPUIPlugin
2024-03-20 18:27:28,939 [INFO] PluginManager:220 - loadIPPluginJar : add genericplugin
2024-03-20 18:27:28,998 [INFO] IPUIPlugin:80 - create IPUIPlugin
2024-03-20 18:27:28,999 [INFO] PluginManager:220 - loadIPPluginJar : add gfxmmu
2024-03-20 18:27:29,087 [INFO] IPUIPlugin:80 - create IPUIPlugin
2024-03-20 18:27:29,087 [INFO] PluginManager:220 - loadIPPluginJar : add gic
2024-03-20 18:27:29,096 [INFO] IPUIPlugin:80 - create IPUIPlugin
2024-03-20 18:27:29,096 [INFO] PluginManager:220 - loadIPPluginJar : add gpio
2024-03-20 18:27:29,158 [INFO] IPUIPlugin:80 - create IPUIPlugin
2024-03-20 18:27:29,158 [INFO] PluginManager:220 - loadIPPluginJar : add gtzc
2024-03-20 18:27:29,180 [INFO] IPUIPlugin:80 - create IPUIPlugin
2024-03-20 18:27:29,180 [INFO] PluginManager:220 - loadIPPluginJar : add hash
2024-03-20 18:27:29,216 [INFO] IPUIPlugin:80 - create IPUIPlugin
2024-03-20 18:27:29,216 [INFO] PluginManager:220 - loadIPPluginJar : add i2c
2024-03-20 18:27:29,244 [INFO] IPUIPlugin:80 - create IPUIPlugin
2024-03-20 18:27:29,244 [INFO] PluginManager:220 - loadIPPluginJar : add i2s
2024-03-20 18:27:29,271 [INFO] IPUIPlugin:80 - create IPUIPlugin
2024-03-20 18:27:29,271 [INFO] PluginManager:220 - loadIPPluginJar : add i3c
2024-03-20 18:27:29,352 [INFO] IPUIPlugin:80 - create IPUIPlugin
2024-03-20 18:27:29,352 [INFO] PluginManager:220 - loadIPPluginJar : add ipddr
2024-03-20 18:27:29,420 [INFO] IPUIPlugin:80 - create IPUIPlugin
2024-03-20 18:27:29,420 [INFO] PluginManager:220 - loadIPPluginJar : add linkedlist
2024-03-20 18:27:29,444 [INFO] IPUIPlugin:80 - create IPUIPlugin
2024-03-20 18:27:29,444 [INFO] PluginManager:220 - loadIPPluginJar : add lorawan
2024-03-20 18:27:29,470 [INFO] IPUIPlugin:80 - create IPUIPlugin
2024-03-20 18:27:29,470 [INFO] PluginManager:220 - loadIPPluginJar : add ltdc
2024-03-20 18:27:29,480 [INFO] IPUIPlugin:80 - create IPUIPlugin
2024-03-20 18:27:29,480 [INFO] PluginManager:220 - loadIPPluginJar : add mdma
2024-03-20 18:27:29,489 [INFO] IPUIPlugin:80 - create IPUIPlugin
2024-03-20 18:27:29,489 [INFO] PluginManager:220 - loadIPPluginJar : add nvic
2024-03-20 18:27:29,513 [INFO] IPUIPlugin:80 - create IPUIPlugin
2024-03-20 18:27:29,514 [INFO] PluginManager:220 - loadIPPluginJar : add opamp
2024-03-20 18:27:29,555 [INFO] IPUIPlugin:80 - create IPUIPlugin
2024-03-20 18:27:29,555 [INFO] PluginManager:220 - loadIPPluginJar : add openamp
2024-03-20 18:27:29,588 [INFO] IPUIPlugin:80 - create IPUIPlugin
2024-03-20 18:27:29,588 [INFO] PluginManager:220 - loadIPPluginJar : add pdm2pcm
2024-03-20 18:27:29,599 [INFO] IPUIPlugin:80 - create IPUIPlugin
2024-03-20 18:27:29,601 [INFO] PluginManager:220 - loadIPPluginJar : add plateformsettings
2024-03-20 18:27:29,616 [INFO] IPUIPlugin:80 - create IPUIPlugin
2024-03-20 18:27:29,616 [INFO] PluginManager:220 - loadIPPluginJar : add quadspi
2024-03-20 18:27:29,626 [INFO] IPUIPlugin:80 - create IPUIPlugin
2024-03-20 18:27:29,626 [INFO] PluginManager:220 - loadIPPluginJar : add resmgrutility
2024-03-20 18:27:29,659 [INFO] IPUIPlugin:80 - create IPUIPlugin
2024-03-20 18:27:29,659 [INFO] PluginManager:220 - loadIPPluginJar : add sai
2024-03-20 18:27:29,684 [INFO] IPUIPlugin:80 - create IPUIPlugin
2024-03-20 18:27:29,684 [INFO] PluginManager:220 - loadIPPluginJar : add spi
2024-03-20 18:27:29,729 [INFO] IPUIPlugin:80 - create IPUIPlugin
2024-03-20 18:27:29,729 [INFO] PluginManager:220 - loadIPPluginJar : add stm32_wpan
2024-03-20 18:27:29,746 [INFO] IPUIPlugin:80 - create IPUIPlugin
2024-03-20 18:27:29,746 [INFO] PluginManager:220 - loadIPPluginJar : add tim
2024-03-20 18:27:29,784 [INFO] IPUIPlugin:80 - create IPUIPlugin
2024-03-20 18:27:29,785 [INFO] PluginManager:220 - loadIPPluginJar : add touchsensing
2024-03-20 18:27:29,801 [INFO] IPUIPlugin:80 - create IPUIPlugin
2024-03-20 18:27:29,801 [INFO] PluginManager:220 - loadIPPluginJar : add tracer_emb
2024-03-20 18:27:29,817 [INFO] IPUIPlugin:80 - create IPUIPlugin
2024-03-20 18:27:29,817 [INFO] PluginManager:220 - loadIPPluginJar : add ts
2024-03-20 18:27:29,833 [INFO] IPUIPlugin:80 - create IPUIPlugin
2024-03-20 18:27:29,833 [INFO] PluginManager:220 - loadIPPluginJar : add tsc
2024-03-20 18:27:29,849 [INFO] IPUIPlugin:80 - create IPUIPlugin
2024-03-20 18:27:29,849 [INFO] PluginManager:220 - loadIPPluginJar : add ucpd
2024-03-20 18:27:29,877 [INFO] IPUIPlugin:80 - create IPUIPlugin
2024-03-20 18:27:29,877 [INFO] PluginManager:220 - loadIPPluginJar : add usart
2024-03-20 18:27:29,905 [INFO] IPUIPlugin:80 - create IPUIPlugin
2024-03-20 18:27:29,905 [INFO] PluginManager:220 - loadIPPluginJar : add usbx
2024-03-20 18:27:30,013 [INFO] CADModel:165 - CPN selected for project level
2024-03-20 18:27:30,013 [INFO] CADModel:114 - Register for checkConnection events
2024-03-20 18:27:30,013 [FATAL] Updater:308 - Updater called before beeing initialized
2024-03-20 18:27:30,014 [ERROR] CADModel:125 - Updater not yet initialized, retry later 
2024-03-20 18:27:30,120 [INFO] CADModel:165 - CPN selected for project level
2024-03-20 18:27:30,120 [INFO] CADModel:114 - Register for checkConnection events
2024-03-20 18:27:30,121 [FATAL] Updater:308 - Updater called before beeing initialized
2024-03-20 18:27:30,121 [ERROR] CADModel:125 - Updater not yet initialized, retry later 
2024-03-20 18:27:30,123 [FATAL] Updater:308 - Updater called before beeing initialized
2024-03-20 18:27:30,188 [FATAL] Updater:308 - Updater called before beeing initialized
2024-03-20 18:27:30,196 [INFO] DbMcusAds:53 - JSON generation date=Wed Nov 29 18:52:27 CST 2023 (1701255147349)
2024-03-20 18:27:30,196 [FATAL] Updater:308 - Updater called before beeing initialized
2024-03-20 18:27:30,257 [WARN] DetailPanel:346 - Failed to get advertising image, set to default
2024-03-20 18:27:30,350 [FATAL] Updater:308 - Updater called before beeing initialized
2024-03-20 18:27:30,353 [FATAL] Updater:308 - Updater called before beeing initialized
2024-03-20 18:27:30,353 [FATAL] Updater:308 - Updater called before beeing initialized
2024-03-20 18:27:30,353 [WARN] DetailPanel:346 - Failed to get advertising image, set to default
2024-03-20 18:27:30,353 [FATAL] Updater:308 - Updater called before beeing initialized
2024-03-20 18:27:30,394 [ERROR] Updater:1120 - MainUpdater not yet initialized. External WinMGr cannot be set.
2024-03-20 18:27:30,401 [INFO] Updater:1056 - Updater Version found : 6.10.0
2024-03-20 18:27:30,415 [INFO] ApplicationProperties:184 - Using Application install path: C:\ST\STM32CubeIDE_1.14.0\STM32CubeIDE\plugins\com.st.stm32cube.common.mx_6.10.0.202311202037
2024-03-20 18:27:30,458 [INFO] MainUpdater:526 - Copy updater definitions from MX database
2024-03-20 18:27:30,579 [INFO] MainUpdater:2873 - connection check result : 10
2024-03-20 18:27:30,579 [INFO] MainUpdater:3567 - Updater definition file requires update
2024-03-20 18:27:30,580 [INFO] MainUpdater:290 - Updater Check For Update Now.
2024-03-20 18:27:30,580 [INFO] MicroXplorer:498 - Change Database Version : DB.6.0.100
2024-03-20 18:27:30,592 [INFO] McuFinderGlobals:63 - Set McuFinder mode to 2 (CubeIDE integrated)
2024-03-20 18:27:30,592 [INFO] UserAuth:180 - activating auth plugin
2024-03-20 18:27:30,594 [INFO] UserAuth:404 - Internet connection configuration mode: 1
2024-03-20 18:27:30,608 [INFO] ServerAccessManage:473 - Download File updaters.zip
2024-03-20 18:27:30,613 [INFO] JxBrowserEngine:152 - Initiate JxBrowser Engine with user profile folder
2024-03-20 18:27:30,651 [INFO] FileExtend:240 - Unzip File : updaters.zip
2024-03-20 18:27:30,651 [INFO] FileExtend:255 - Standard Zip Deflate
2024-03-20 18:27:30,859 [INFO] ServerAccessManage:473 - Download File PacksControlFlags.xml
2024-03-20 18:27:30,923 [INFO] ServerAccessManage:473 - Download File cubemx.pidx
2024-03-20 18:27:31,024 [INFO] LoadServerUpdatesThread:375 - End of LoadServerUpdate Thread
2024-03-20 18:27:31,172 [INFO] CheckServerUpdateThread:120 - End of CheckServer Thread
2024-03-20 18:27:31,351 [WARN] PackLoader:240 - Cannot read IP mode file for STMicroelectronics.X-CUBE-SMBUS.2.1.0
2024-03-20 18:27:31,363 [WARN] PackLoader:240 - Cannot read IP mode file for STMicroelectronics.X-CUBE-TOUCHGFX.4.23.0
2024-03-20 18:27:31,394 [WARN] PackLoader:240 - Cannot read IP mode file for STMicroelectronics.X-CUBE-AZRTOS-F7.1.1.0
2024-03-20 18:27:31,411 [WARN] PackLoader:240 - Cannot read IP mode file for STMicroelectronics.FP-SNS-MOTENV1.4.3.2
2024-03-20 18:27:31,425 [ERROR] RealEvaluatedCondition:428 - Found unsupported composite condition: GROUP='STM32_MetaDataManager' CLASS='Data Exchange'
2024-03-20 18:27:31,425 [ERROR] RealEvaluatedCondition:428 - Found unsupported composite condition: GROUP='STM32_MetaDataManager' CLASS='Data Exchange'
2024-03-20 18:27:31,426 [WARN] PackLoader:240 - Cannot read IP mode file for STMicroelectronics.FP-SNS-MOTENV1.4.3.1
2024-03-20 18:27:31,438 [WARN] PackLoader:240 - Cannot read IP mode file for STMicroelectronics.FP-SNS-FLIGHT1.5.0.1
2024-03-20 18:27:31,450 [WARN] PackLoader:240 - Cannot read IP mode file for STMicroelectronics.X-CUBE-BLE1.6.2.4
2024-03-20 18:27:31,460 [WARN] PackLoader:240 - Cannot read IP mode file for STMicroelectronics.FP-SNS-FLIGHT1.5.0.2
2024-03-20 18:27:31,472 [WARN] PackLoader:240 - Cannot read IP mode file for STMicroelectronics.X-CUBE-DISPLAY.3.0.0
2024-03-20 18:27:31,486 [WARN] PackLoader:240 - Cannot read IP mode file for STMicroelectronics.X-CUBE-BLE1.7.0.0
2024-03-20 18:27:31,495 [WARN] PackLoader:240 - Cannot read IP mode file for STMicroelectronics.X-CUBE-TOUCHGFX.4.22.0
2024-03-20 18:27:31,505 [WARN] PackLoader:240 - Cannot read IP mode file for STMicroelectronics.X-CUBE-TOUCHGFX.4.22.1
2024-03-20 18:27:31,519 [WARN] PackLoader:240 - Cannot read IP mode file for STMicroelectronics.X-CUBE-BLEMGR.3.1.0
2024-03-20 18:27:31,531 [WARN] PackLoader:240 - Cannot read IP mode file for STMicroelectronics.FP-SNS-SMARTAG2.1.2.0
2024-03-20 18:27:31,548 [INFO] LogOutputStream:77 - [STDOUT_REDIRECT] 1 : Invalid condition id : UX_CORESTACK_Condition cause : null
2024-03-20 18:27:31,548 [INFO] LogOutputStream:77 - [STDOUT_REDIRECT] 1 : Invalid condition id : UX_CORESTACK_Condition cause : null
2024-03-20 18:27:31,549 [INFO] LogOutputStream:77 - [STDOUT_REDIRECT] 1 : Invalid condition id : UX_CORESTACK_Condition cause : null
2024-03-20 18:27:31,550 [INFO] LogOutputStream:77 - [STDOUT_REDIRECT] 1 : Invalid condition id : UX_CORESTACK_Condition cause : null
2024-03-20 18:27:31,551 [INFO] LogOutputStream:77 - [STDOUT_REDIRECT] 1 : Invalid condition id : UX_CORESTACK_Condition cause : null
2024-03-20 18:27:31,555 [WARN] PackLoader:240 - Cannot read IP mode file for STMicroelectronics.X-CUBE-AZRTOS-WL.2.0.0
2024-03-20 18:27:31,569 [WARN] PackLoader:240 - Cannot read IP mode file for WES.I-CUBE-Cesium.1.3.0
2024-03-20 18:27:31,579 [WARN] PackLoader:240 - Cannot read IP mode file for STMicroelectronics.X-CUBE-BLE2.3.3.0
2024-03-20 18:27:31,586 [WARN] PackLoader:240 - Cannot read IP mode file for STMicroelectronics.X-CUBE-TOUCHGFX.4.21.4
2024-03-20 18:27:31,595 [WARN] PackLoader:240 - Cannot read IP mode file for STMicroelectronics.X-CUBE-ALGOBUILD.1.3.0
2024-03-20 18:27:31,618 [WARN] PackLoader:240 - Cannot read IP mode file for STMicroelectronics.X-CUBE-AZRTOS-G0.1.1.0
2024-03-20 18:27:31,631 [WARN] PackLoader:240 - Cannot read IP mode file for STMicroelectronics.X-CUBE-NFC4.3.0.0
2024-03-20 18:27:31,642 [WARN] PackLoader:240 - Cannot read IP mode file for STMicroelectronics.X-CUBE-BLEMGR.3.0.0
2024-03-20 18:27:31,652 [WARN] PackLoader:240 - Cannot read IP mode file for STMicroelectronics.FP-ATR-SIGFOX1.3.2.0
2024-03-20 18:27:31,661 [WARN] PackLoader:240 - Cannot read IP mode file for STMicroelectronics.X-CUBE-EEPRMA1.5.1.0
2024-03-20 18:27:31,694 [WARN] PackLoader:240 - Cannot read IP mode file for SEGGER.I-CUBE-embOS.1.3.1
2024-03-20 18:27:31,742 [WARN] PackLoader:240 - Cannot read IP mode file for STMicroelectronics.X-CUBE-GNSS1.6.0.0
2024-03-20 18:27:31,773 [WARN] PackLoader:240 - Cannot read IP mode file for STMicroelectronics.X-CUBE-AZRTOS-F4.1.1.0
2024-03-20 18:27:31,791 [WARN] PackLoader:240 - Cannot read IP mode file for wolfSSL.I-CUBE-wolfSSL.5.6.0
2024-03-20 18:27:31,823 [WARN] PackLoader:240 - Cannot read IP mode file for STMicroelectronics.X-CUBE-AZRTOS-L5.2.0.0
2024-03-20 18:27:31,877 [WARN] PackLoader:240 - Cannot read IP mode file for STMicroelectronics.X-CUBE-MEMS1.9.6.0
2024-03-20 18:27:32,048 [WARN] PackLoader:240 - Cannot read IP mode file for STMicroelectronics.X-CUBE-EEPRMA1.4.2.0
2024-03-20 18:27:32,064 [WARN] PackLoader:240 - Cannot read IP mode file for STMicroelectronics.X-CUBE-NFC6.3.1.0
2024-03-20 18:27:32,080 [WARN] PackLoader:240 - Cannot read IP mode file for ITTIA_DB.I-CUBE-ITTIADB.8.8.0
2024-03-20 18:27:32,097 [WARN] PackLoader:240 - Cannot read IP mode file for emotas.I-CUBE-CANOPEN.1.1.3
2024-03-20 18:27:32,113 [WARN] PackLoader:240 - Cannot read IP mode file for STMicroelectronics.X-CUBE-BLEMGR.2.0.0
2024-03-20 18:27:32,146 [WARN] ConditionMgr:438 - getConditionDescription Invalid condition id : UX DEVICE CLASS RTOS Condition cause : null
2024-03-20 18:27:32,147 [WARN] ConditionMgr:438 - getConditionDescription Invalid condition id : UX DEVICE CLASS RTOS Condition cause : null
2024-03-20 18:27:32,150 [WARN] PackLoader:240 - Cannot read IP mode file for STMicroelectronics.X-CUBE-AZRTOS-H7.3.1.0
2024-03-20 18:27:32,151 [WARN] ConditionMgr:1039 - genDependencies : Invalid condition id : UX DEVICE CLASS RTOS Condition cause : null
2024-03-20 18:27:32,151 [WARN] ConditionMgr:1039 - genDependencies : Invalid condition id : UX DEVICE CLASS RTOS Condition cause : null
2024-03-20 18:27:32,152 [WARN] ConditionMgr:1039 - genDependencies : Invalid condition id : UX DEVICE CLASS RTOS Condition cause : null
2024-03-20 18:27:32,152 [WARN] ConditionMgr:1039 - genDependencies : Invalid condition id : UX DEVICE CLASS RTOS Condition cause : null
2024-03-20 18:27:32,152 [WARN] ConditionMgr:1039 - genDependencies : Invalid condition id : UX DEVICE CLASS RTOS Condition cause : null
2024-03-20 18:27:32,168 [WARN] PackLoader:240 - Cannot read IP mode file for STMicroelectronics.X-CUBE-NFC7.1.0.1
2024-03-20 18:27:32,181 [WARN] PackLoader:240 - Cannot read IP mode file for STMicroelectronics.X-CUBE-NFC7.1.0.0
2024-03-20 18:27:32,197 [WARN] PackLoader:240 - Cannot read IP mode file for STMicroelectronics.X-CUBE-NFC6.3.0.0
2024-03-20 18:27:32,214 [WARN] PackLoader:240 - Cannot read IP mode file for STMicroelectronics.X-CUBE-EEPRMA1.4.1.0
2024-03-20 18:27:32,228 [WARN] PackLoader:240 - Cannot read IP mode file for STMicroelectronics.X-CUBE-AI.8.1.0
2024-03-20 18:27:32,260 [WARN] ConditionMgr:438 - getConditionDescription Invalid condition id : LAN8742 Phy interface Condition cause : null
2024-03-20 18:27:32,261 [WARN] PackLoader:240 - Cannot read IP mode file for STMicroelectronics.X-CUBE-AZRTOS-L4.2.0.0
2024-03-20 18:27:32,262 [WARN] ConditionMgr:1039 - genDependencies : Invalid condition id : LAN8742 Phy interface Condition cause : null
2024-03-20 18:27:32,263 [WARN] ConditionMgr:1039 - genDependencies : Invalid condition id : LAN8742 Phy interface Condition cause : null
2024-03-20 18:27:32,263 [WARN] ConditionMgr:1039 - genDependencies : Invalid condition id : LAN8742 Phy interface Condition cause : null
2024-03-20 18:27:32,281 [WARN] PackLoader:240 - Cannot read IP mode file for STMicroelectronics.X-CUBE-SFXS2LP1.4.0.0
2024-03-20 18:27:32,297 [WARN] PackLoader:240 - Cannot read IP mode file for STMicroelectronics.X-CUBE-ISPU.1.1.0
2024-03-20 18:27:32,323 [WARN] ConditionMgr:438 - getConditionDescription Invalid condition id : UX DEVICE CLASS RTOS Condition cause : null
2024-03-20 18:27:32,323 [WARN] ConditionMgr:438 - getConditionDescription Invalid condition id : UX DEVICE CLASS RTOS Condition cause : null
2024-03-20 18:27:32,324 [WARN] PackLoader:240 - Cannot read IP mode file for STMicroelectronics.X-CUBE-AZRTOS-WB.2.0.0
2024-03-20 18:27:32,325 [WARN] ConditionMgr:1039 - genDependencies : Invalid condition id : UX DEVICE CLASS RTOS Condition cause : null
2024-03-20 18:27:32,325 [WARN] ConditionMgr:1039 - genDependencies : Invalid condition id : UX DEVICE CLASS RTOS Condition cause : null
2024-03-20 18:27:32,326 [WARN] ConditionMgr:1039 - genDependencies : Invalid condition id : UX DEVICE CLASS RTOS Condition cause : null
2024-03-20 18:27:32,326 [WARN] ConditionMgr:1039 - genDependencies : Invalid condition id : UX DEVICE CLASS RTOS Condition cause : null
2024-03-20 18:27:32,326 [WARN] ConditionMgr:1039 - genDependencies : Invalid condition id : UX DEVICE CLASS RTOS Condition cause : null
2024-03-20 18:27:32,340 [WARN] PackLoader:240 - Cannot read IP mode file for STMicroelectronics.X-CUBE-FREERTOS.1.0.1
2024-03-20 18:27:32,366 [WARN] PackLoader:240 - Cannot read IP mode file for STMicroelectronics.X-CUBE-AZRTOS-L5.1.1.0
2024-03-20 18:27:32,378 [WARN] PackLoader:240 - Cannot read IP mode file for STMicroelectronics.X-CUBE-AI.8.0.1
2024-03-20 18:27:32,396 [WARN] PackLoader:240 - Cannot read IP mode file for STMicroelectronics.X-CUBE-SUBG2.5.0.0
2024-03-20 18:27:32,423 [WARN] PackLoader:240 - Cannot read IP mode file for STMicroelectronics.X-CUBE-TOF1.3.3.1
2024-03-20 18:27:32,458 [WARN] PackLoader:240 - Cannot read IP mode file for STMicroelectronics.X-CUBE-AZRTOS-G4.2.0.0
2024-03-20 18:27:32,479 [WARN] PackLoader:240 - Cannot read IP mode file for STMicroelectronics.X-CUBE-TOF1.3.3.0
2024-03-20 18:27:32,507 [WARN] PackLoader:240 - Cannot read IP mode file for Infineon.AIROC-Wi-Fi-Bluetooth-STM32.1.5.1
2024-03-20 18:27:32,524 [WARN] PackLoader:240 - Cannot read IP mode file for STMicroelectronics.FP-SNS-MOTENVWB1.1.3.0
2024-03-20 18:27:32,539 [WARN] PackLoader:240 - Cannot read IP mode file for STMicroelectronics.FP-SNS-MOTENVWB1.1.3.1
2024-03-20 18:27:32,551 [WARN] PackLoader:240 - Cannot read IP mode file for STMicroelectronics.X-CUBE-ISPU.2.0.0
2024-03-20 18:27:32,597 [WARN] PackLoader:240 - Cannot read IP mode file for STMicroelectronics.X-CUBE-MEMS1.10.0.0
2024-03-20 18:27:32,702 [WARN] PackLoader:240 - Cannot read IP mode file for STMicroelectronics.X-CUBE-FREERTOS.1.1.0
2024-03-20 18:27:32,753 [WARN] PackLoader:240 - Cannot read IP mode file for portGmbH.I-Cube-SoM-uGOAL.1.1.0
2024-03-20 18:27:32,784 [WARN] PackLoader:240 - Cannot read IP mode file for STMicroelectronics.X-CUBE-ALS.1.0.1
2024-03-20 18:27:32,824 [WARN] PackLoader:240 - Cannot read IP mode file for STMicroelectronics.X-CUBE-AZRTOS-WB.1.1.0
2024-03-20 18:27:32,839 [WARN] PackLoader:240 - Cannot read IP mode file for STMicroelectronics.FP-ATR-ASTRA1.2.0.0
2024-03-20 18:27:32,860 [WARN] PackLoader:240 - Cannot read IP mode file for STMicroelectronics.X-CUBE-TOF1.3.4.0
2024-03-20 18:27:32,886 [WARN] PackLoader:240 - Cannot read IP mode file for STMicroelectronics.X-CUBE-TOF1.3.4.1
2024-03-20 18:27:32,923 [WARN] PackLoader:240 - Cannot read IP mode file for STMicroelectronics.X-CUBE-AZRTOS-H7.3.2.0
2024-03-20 18:27:32,926 [INFO] ThirdParty:978 - Integrity check success = true
2024-03-20 18:27:32,926 [INFO] IntegrityCheckThread:100 - exiting critical section [integrity check]
2024-03-20 18:27:32,926 [INFO] IntegrityCheckThread:103 - End integrity checks thread
2024-03-20 18:27:33,293 [INFO] WebApp:161 - Instantiating new browser for Auth
2024-03-20 18:27:33,910 [INFO] WebApp:780 - Register for checkConnection events
2024-03-20 18:27:33,910 [INFO] WebApp:414 - Apply proxy settings
2024-03-20 18:27:33,910 [INFO] WebApp:499 - Chromium requires no authentication
2024-03-20 18:27:33,918 [INFO] WebApp:442 - Direct internet connection detected
2024-03-20 18:27:34,099 [INFO] WebApp:192 - Starting web application
2024-03-20 18:27:34,100 [INFO] WebApp:544 - Web application path used C:\ST\STM32CubeIDE_1.14.0\STM32CubeIDE\plugins\com.st.stm32cube.common.mx_6.10.0.202311202037\db\plugins\mcufinder\reactClient1\index.html
2024-03-20 18:27:55,469 [ERROR] LogOutputStream:75 - [STDERR_REDIRECT] SLF4J: Failed to load class "org.slf4j.impl.StaticLoggerBinder".
2024-03-20 18:27:55,469 [ERROR] LogOutputStream:75 - [STDERR_REDIRECT] SLF4J: Defaulting to no-operation (NOP) logger implementation
2024-03-20 18:27:55,470 [ERROR] LogOutputStream:75 - [STDERR_REDIRECT] SLF4J: See http://www.slf4j.org/codes.html#StaticLoggerBinder for further details.
2024-03-20 19:16:06,747 [ERROR] LogOutputStream:75 - [STDERR_REDIRECT] 
